0 verbose cli C:\Program Files\nodejs\node.exe C:\Users\User\AppData\Roaming\npm\node_modules\npm\bin\npm-cli.js
1 info using npm@11.7.0
2 info using node@v22.11.0
3 silly config load:file:C:\Users\User\AppData\Roaming\npm\node_modules\npm\npmrc
4 silly config load:file:H:\skywatchuaair\1.0\.npmrc
5 silly config load:file:C:\Users\User\.npmrc
6 silly config load:file:C:\Users\User\AppData\Roaming\npm\etc\npmrc
7 verbose title npm install @libsql/client
8 verbose argv "install" "@libsql/client"
9 verbose logfile logs-max:10 dir:H:\skywatchuaair\1.0\clean\_logs\2026-02-17T12_23_28_348Z-
10 verbose logfile H:\skywatchuaair\1.0\clean\_logs\2026-02-17T12_23_28_348Z-debug-0.log
11 silly logfile start cleaning logs, removing 6 files
12 silly packumentCache heap:4345298944 maxSize:1086324736 maxEntrySize:543162368
13 silly logfile error removing log file H:\skywatchuaair\1.0\clean\_logs\2026-02-14T14_24_06_710Z-debug-0.log [Error: EPERM: operation not permitted, unlink 'H:\skywatchuaair\1.0\clean\_logs\2026-02-14T14_24_06_710Z-debug-0.log'] {
13 silly logfile   errno: -4048,
13 silly logfile   code: 'EPERM',
13 silly logfile   syscall: 'unlink',
13 silly logfile   path: 'H:\\skywatchuaair\\1.0\\clean\\_logs\\2026-02-14T14_24_06_710Z-debug-0.log'
13 silly logfile }
14 silly logfile error removing log file H:\skywatchuaair\1.0\clean\_logs\2026-02-17T12_19_09_166Z-debug-0.log [Error: EPERM: operation not permitted, unlink 'H:\skywatchuaair\1.0\clean\_logs\2026-02-17T12_19_09_166Z-debug-0.log'] {
14 silly logfile   errno: -4048,
14 silly logfile   code: 'EPERM',
14 silly logfile   syscall: 'unlink',
14 silly logfile   path: 'H:\\skywatchuaair\\1.0\\clean\\_logs\\2026-02-17T12_19_09_166Z-debug-0.log'
14 silly logfile }
15 silly idealTree buildDeps
16 silly fetch manifest lowdb@^7.0.1
17 silly packumentCache full:http://registry.npmjs.org/lowdb cache-miss
18 silly logfile error removing log file H:\skywatchuaair\1.0\clean\_logs\2026-02-17T12_19_33_813Z-debug-0.log [Error: EPERM: operation not permitted, unlink 'H:\skywatchuaair\1.0\clean\_logs\2026-02-17T12_19_33_813Z-debug-0.log'] {
18 silly logfile   errno: -4048,
18 silly logfile   code: 'EPERM',
18 silly logfile   syscall: 'unlink',
18 silly logfile   path: 'H:\\skywatchuaair\\1.0\\clean\\_logs\\2026-02-17T12_19_33_813Z-debug-0.log'
18 silly logfile }
19 silly logfile error removing log file H:\skywatchuaair\1.0\clean\_logs\2026-02-17T12_19_34_127Z-debug-0.log [Error: EPERM: operation not permitted, unlink 'H:\skywatchuaair\1.0\clean\_logs\2026-02-17T12_19_34_127Z-debug-0.log'] {
19 silly logfile   errno: -4048,
19 silly logfile   code: 'EPERM',
19 silly logfile   syscall: 'unlink',
19 silly logfile   path: 'H:\\skywatchuaair\\1.0\\clean\\_logs\\2026-02-17T12_19_34_127Z-debug-0.log'
19 silly logfile }
20 silly logfile error removing log file H:\skywatchuaair\1.0\clean\_logs\2026-02-17T12_19_40_670Z-debug-0.log [Error: EPERM: operation not permitted, unlink 'H:\skywatchuaair\1.0\clean\_logs\2026-02-17T12_19_40_670Z-debug-0.log'] {
20 silly logfile   errno: -4048,
20 silly logfile   code: 'EPERM',
20 silly logfile   syscall: 'unlink',
20 silly logfile   path: 'H:\\skywatchuaair\\1.0\\clean\\_logs\\2026-02-17T12_19_40_670Z-debug-0.log'
20 silly logfile }
21 silly logfile error removing log file H:\skywatchuaair\1.0\clean\_logs\2026-02-17T12_19_51_137Z-debug-0.log [Error: EPERM: operation not permitted, unlink 'H:\skywatchuaair\1.0\clean\_logs\2026-02-17T12_19_51_137Z-debug-0.log'] {
21 silly logfile   errno: -4048,
21 silly logfile   code: 'EPERM',
21 silly logfile   syscall: 'unlink',
21 silly logfile   path: 'H:\\skywatchuaair\\1.0\\clean\\_logs\\2026-02-17T12_19_51_137Z-debug-0.log'
21 silly logfile }
22 silly logfile done cleaning log files
23 http fetch GET 200 https://registry.npmjs.org/lowdb 667ms (cache miss)
24 silly fetch manifest @libsql/client@*
25 silly packumentCache full:http://registry.npmjs.org/@libsql%2fclient cache-miss
26 http fetch GET 200 https://registry.npmjs.org/@libsql%2Fclient 182ms (cache miss)
27 silly placeDep ROOT @libsql/client@ REPLACE for: skywatch-ua@2.0.0-beta want: *
28 silly placeDep ROOT lowdb@ OK for: skywatch-ua@2.0.0-beta want: ^7.0.1
29 verbose type system
30 verbose stack FetchError: Invalid response body while trying to fetch https://registry.npmjs.org/@libsql%2Fclient: EPERM: operation not permitted, unlink 'H:\skywatchuaair\1.0\clean\_cacache\tmp\42600149'
30 verbose stack     at C:\Users\User\AppData\Roaming\npm\node_modules\npm\node_modules\minipass-fetch\lib\body.js:170:15
30 verbose stack     at async Response.json (C:\Users\User\AppData\Roaming\npm\node_modules\npm\node_modules\minipass-fetch\lib\body.js:75:17)
30 verbose stack     at async RegistryFetcher.packument (C:\Users\User\AppData\Roaming\npm\node_modules\npm\node_modules\pacote\lib\registry.js:98:25)
30 verbose stack     at async RegistryFetcher.manifest (C:\Users\User\AppData\Roaming\npm\node_modules\npm\node_modules\pacote\lib\registry.js:128:23)
30 verbose stack     at async #fetchManifest (C:\Users\User\AppData\Roaming\npm\node_modules\npm\node_modules\@npmcli\arborist\lib\arborist\build-ideal-tree.js:1216:20)
30 verbose stack     at async #nodeFromEdge (C:\Users\User\AppData\Roaming\npm\node_modules\npm\node_modules\@npmcli\arborist\lib\arborist\build-ideal-tree.js:1054:19)
30 verbose stack     at async #buildDepStep (C:\Users\User\AppData\Roaming\npm\node_modules\npm\node_modules\@npmcli\arborist\lib\arborist\build-ideal-tree.js:918:11)
30 verbose stack     at async Arborist.buildIdealTree (C:\Users\User\AppData\Roaming\npm\node_modules\npm\node_modules\@npmcli\arborist\lib\arborist\build-ideal-tree.js:170:7)
30 verbose stack     at async Promise.all (index 1)
30 verbose stack     at async Arborist.reify (C:\Users\User\AppData\Roaming\npm\node_modules\npm\node_modules\@npmcli\arborist\lib\arborist\reify.js:110:5)
31 error code EPERM
32 error syscall unlink
33 error path H:\skywatchuaair\1.0\clean\_cacache\tmp\42600149
34 error errno EPERM
35 error FetchError: Invalid response body while trying to fetch https://registry.npmjs.org/@libsql%2Fclient: EPERM: operation not permitted, unlink 'H:\skywatchuaair\1.0\clean\_cacache\tmp\42600149'
35 error     at C:\Users\User\AppData\Roaming\npm\node_modules\npm\node_modules\minipass-fetch\lib\body.js:170:15
35 error     at async Response.json (C:\Users\User\AppData\Roaming\npm\node_modules\npm\node_modules\minipass-fetch\lib\body.js:75:17)
35 error     at async RegistryFetcher.packument (C:\Users\User\AppData\Roaming\npm\node_modules\npm\node_modules\pacote\lib\registry.js:98:25)
35 error     at async RegistryFetcher.manifest (C:\Users\User\AppData\Roaming\npm\node_modules\npm\node_modules\pacote\lib\registry.js:128:23)
35 error     at async #fetchManifest (C:\Users\User\AppData\Roaming\npm\node_modules\npm\node_modules\@npmcli\arborist\lib\arborist\build-ideal-tree.js:1216:20)
35 error     at async #nodeFromEdge (C:\Users\User\AppData\Roaming\npm\node_modules\npm\node_modules\@npmcli\arborist\lib\arborist\build-ideal-tree.js:1054:19)
35 error     at async #buildDepStep (C:\Users\User\AppData\Roaming\npm\node_modules\npm\node_modules\@npmcli\arborist\lib\arborist\build-ideal-tree.js:918:11)
35 error     at async Arborist.buildIdealTree (C:\Users\User\AppData\Roaming\npm\node_modules\npm\node_modules\@npmcli\arborist\lib\arborist\build-ideal-tree.js:170:7)
35 error     at async Promise.all (index 1)
35 error     at async Arborist.reify (C:\Users\User\AppData\Roaming\npm\node_modules\npm\node_modules\@npmcli\arborist\lib\arborist\reify.js:110:5) {
35 error   code: 'EPERM',
35 error   errno: 'EPERM',
35 error   syscall: 'unlink',
35 error   path: 'H:\\skywatchuaair\\1.0\\clean\\_cacache\\tmp\\42600149',
35 error   type: 'system',
35 error   requiredBy: '.'
35 error }
36 error
36 error The operation was rejected by your operating system.
36 error It's possible that the file was already in use (by a text editor or antivirus),
36 error or that you lack permissions to access it.
36 error
36 error If you believe this might be a permissions issue, please double-check the
36 error permissions of the file and its containing directories, or try running
36 error the command again as root/Administrator.
37 silly unfinished npm timer reify 1771331012425
38 silly unfinished npm timer reify:loadTrees 1771331012431
39 verbose cwd H:\skywatchuaair\1.0
40 verbose os Windows_NT 10.0.19045
41 verbose node v22.11.0
42 verbose npm  v11.7.0
43 verbose exit 1
44 verbose code 1
45 error A complete log of this run can be found in: H:\skywatchuaair\1.0\clean\_logs\2026-02-17T12_23_28_348Z-debug-0.log
