0 verbose cli C:\Program Files\nodejs\node.exe C:\Users\User\AppData\Roaming\npm\node_modules\npm\bin\npm-cli.js
1 info using npm@11.7.0
2 info using node@v22.11.0
3 silly config load:file:C:\Users\User\AppData\Roaming\npm\node_modules\npm\npmrc
4 silly config load:file:H:\skywatchuaair\1.0\.npmrc
5 silly config load:file:C:\Users\User\.npmrc
6 silly config load:file:C:\Users\User\AppData\Roaming\npm\etc\npmrc
7 verbose title npm install
8 verbose argv "install"
9 verbose logfile logs-max:10 dir:H:\skywatchuaair\1.0\clean\_logs\2026-02-10T20_00_12_444Z-
10 verbose logfile H:\skywatchuaair\1.0\clean\_logs\2026-02-10T20_00_12_444Z-debug-0.log
11 silly logfile start cleaning logs, removing 1 files
12 silly packumentCache heap:4345298944 maxSize:1086324736 maxEntrySize:543162368
13 silly logfile done cleaning log files
14 silly idealTree buildDeps
15 silly reify moves {}
16 silly audit bulk request {
16 silly audit   '@cryptography/aes': [ '0.1.1' ],
16 silly audit   '@esbuild/aix-ppc64': [ '0.21.5' ],
16 silly audit   '@esbuild/android-arm': [ '0.21.5' ],
16 silly audit   '@esbuild/android-arm64': [ '0.21.5' ],
16 silly audit   '@esbuild/android-x64': [ '0.21.5' ],
16 silly audit   '@esbuild/darwin-arm64': [ '0.21.5' ],
16 silly audit   '@esbuild/darwin-x64': [ '0.21.5' ],
16 silly audit   '@esbuild/freebsd-arm64': [ '0.21.5' ],
16 silly audit   '@esbuild/freebsd-x64': [ '0.21.5' ],
16 silly audit   '@esbuild/linux-arm': [ '0.21.5' ],
16 silly audit   '@esbuild/linux-arm64': [ '0.21.5' ],
16 silly audit   '@esbuild/linux-ia32': [ '0.21.5' ],
16 silly audit   '@esbuild/linux-loong64': [ '0.21.5' ],
16 silly audit   '@esbuild/linux-mips64el': [ '0.21.5' ],
16 silly audit   '@esbuild/linux-ppc64': [ '0.21.5' ],
16 silly audit   '@esbuild/linux-riscv64': [ '0.21.5' ],
16 silly audit   '@esbuild/linux-s390x': [ '0.21.5' ],
16 silly audit   '@esbuild/linux-x64': [ '0.21.5' ],
16 silly audit   '@esbuild/netbsd-x64': [ '0.21.5' ],
16 silly audit   '@esbuild/openbsd-x64': [ '0.21.5' ],
16 silly audit   '@esbuild/sunos-x64': [ '0.21.5' ],
16 silly audit   '@esbuild/win32-arm64': [ '0.21.5' ],
16 silly audit   '@esbuild/win32-ia32': [ '0.21.5' ],
16 silly audit   '@esbuild/win32-x64': [ '0.21.5' ],
16 silly audit   '@libsql/client': [ '0.15.15' ],
16 silly audit   '@libsql/core': [ '0.15.15' ],
16 silly audit   '@libsql/darwin-arm64': [ '0.5.22' ],
16 silly audit   '@libsql/darwin-x64': [ '0.5.22' ],
16 silly audit   '@libsql/hrana-client': [ '0.7.0' ],
16 silly audit   '@libsql/isomorphic-fetch': [ '0.3.1' ],
16 silly audit   '@libsql/isomorphic-ws': [ '0.1.5' ],
16 silly audit   '@libsql/linux-arm-gnueabihf': [ '0.5.22' ],
16 silly audit   '@libsql/linux-arm-musleabihf': [ '0.5.22' ],
16 silly audit   '@libsql/linux-arm64-gnu': [ '0.5.22' ],
16 silly audit   '@libsql/linux-arm64-musl': [ '0.5.22' ],
16 silly audit   '@libsql/linux-x64-gnu': [ '0.5.22' ],
16 silly audit   '@libsql/linux-x64-musl': [ '0.5.22' ],
16 silly audit   '@libsql/win32-x64-msvc': [ '0.5.22' ],
16 silly audit   '@neon-rs/load': [ '0.0.4' ],
16 silly audit   '@rollup/rollup-android-arm-eabi': [ '4.57.1' ],
16 silly audit   '@rollup/rollup-android-arm64': [ '4.57.1' ],
16 silly audit   '@rollup/rollup-darwin-arm64': [ '4.57.1' ],
16 silly audit   '@rollup/rollup-darwin-x64': [ '4.57.1' ],
16 silly audit   '@rollup/rollup-freebsd-arm64': [ '4.57.1' ],
16 silly audit   '@rollup/rollup-freebsd-x64': [ '4.57.1' ],
16 silly audit   '@rollup/rollup-linux-arm-gnueabihf': [ '4.57.1' ],
16 silly audit   '@rollup/rollup-linux-arm-musleabihf': [ '4.57.1' ],
16 silly audit   '@rollup/rollup-linux-arm64-gnu': [ '4.57.1' ],
16 silly audit   '@rollup/rollup-linux-arm64-musl': [ '4.57.1' ],
16 silly audit   '@rollup/rollup-linux-loong64-gnu': [ '4.57.1' ],
16 silly audit   '@rollup/rollup-linux-loong64-musl': [ '4.57.1' ],
16 silly audit   '@rollup/rollup-linux-ppc64-gnu': [ '4.57.1' ],
16 silly audit   '@rollup/rollup-linux-ppc64-musl': [ '4.57.1' ],
16 silly audit   '@rollup/rollup-linux-riscv64-gnu': [ '4.57.1' ],
16 silly audit   '@rollup/rollup-linux-riscv64-musl': [ '4.57.1' ],
16 silly audit   '@rollup/rollup-linux-s390x-gnu': [ '4.57.1' ],
16 silly audit   '@rollup/rollup-linux-x64-gnu': [ '4.57.1' ],
16 silly audit   '@rollup/rollup-linux-x64-musl': [ '4.57.1' ],
16 silly audit   '@rollup/rollup-openbsd-x64': [ '4.57.1' ],
16 silly audit   '@rollup/rollup-openharmony-arm64': [ '4.57.1' ],
16 silly audit   '@rollup/rollup-win32-arm64-msvc': [ '4.57.1' ],
16 silly audit   '@rollup/rollup-win32-ia32-msvc': [ '4.57.1' ],
16 silly audit   '@rollup/rollup-win32-x64-gnu': [ '4.57.1' ],
16 silly audit   '@rollup/rollup-win32-x64-msvc': [ '4.57.1' ],
16 silly audit   '@types/estree': [ '1.0.8' ],
16 silly audit   '@types/node': [ '25.2.3' ],
16 silly audit   '@types/ws': [ '8.18.1' ],
16 silly audit   accepts: [ '1.3.8' ],
16 silly audit   'array-flatten': [ '1.1.1' ],
16 silly audit   'async-mutex': [ '0.3.2' ],
16 silly audit   'base64-js': [ '1.5.1' ],
16 silly audit   'big-integer': [ '1.6.52' ],
16 silly audit   'body-parser': [ '1.20.4' ],
16 silly audit   buffer: [ '6.0.3' ],
16 silly audit   bufferutil: [ '4.1.0' ],
16 silly audit   bytes: [ '3.1.2' ],
16 silly audit   'call-bind-apply-helpers': [ '1.0.2' ],
16 silly audit   'call-bound': [ '1.0.4' ],
16 silly audit   'content-disposition': [ '0.5.4' ],
16 silly audit   'content-type': [ '1.0.5' ],
16 silly audit   cookie: [ '0.7.2' ],
16 silly audit   'cookie-signature': [ '1.0.7' ],
16 silly audit   d: [ '1.0.2' ],
16 silly audit   'data-uri-to-buffer': [ '4.0.1' ],
16 silly audit   debug: [ '2.6.9' ],
16 silly audit   depd: [ '2.0.0' ],
16 silly audit   destroy: [ '1.2.0' ],
16 silly audit   'detect-libc': [ '2.0.2' ],
16 silly audit   'dom-serializer': [ '1.4.1' ],
16 silly audit   domelementtype: [ '2.3.0' ],
16 silly audit   domhandler: [ '4.3.1' ],
16 silly audit   domutils: [ '2.8.0' ],
16 silly audit   dotenv: [ '16.6.1' ],
16 silly audit   'dunder-proto': [ '1.0.1' ],
16 silly audit   'ee-first': [ '1.1.1' ],
16 silly audit   encodeurl: [ '2.0.0' ],
16 silly audit   entities: [ '2.2.0' ],
16 silly audit   'es-define-property': [ '1.0.1' ],
16 silly audit   'es-errors': [ '1.3.0' ],
16 silly audit   'es-object-atoms': [ '1.1.1' ],
16 silly audit   'es5-ext': [ '0.10.64' ],
16 silly audit   'es6-iterator': [ '2.0.3' ],
16 silly audit   'es6-symbol': [ '3.1.4' ],
16 silly audit   esbuild: [ '0.21.5' ],
16 silly audit   'escape-html': [ '1.0.3' ],
16 silly audit   esniff: [ '2.0.1' ],
16 silly audit   etag: [ '1.8.1' ],
16 silly audit   'event-emitter': [ '0.3.5' ],
16 silly audit   express: [ '4.22.1' ],
16 silly audit   ext: [ '1.7.0' ],
16 silly audit   'fetch-blob': [ '3.2.0' ],
16 silly audit   finalhandler: [ '1.3.2' ],
16 silly audit   'formdata-polyfill': [ '4.0.10' ],
16 silly audit   forwarded: [ '0.2.0' ],
16 silly audit   fresh: [ '0.5.2' ],
16 silly audit   fsevents: [ '2.3.3' ],
16 silly audit   'function-bind': [ '1.1.2' ],
16 silly audit   'get-intrinsic': [ '1.3.0' ],
16 silly audit   'get-proto': [ '1.0.1' ],
16 silly audit   gopd: [ '1.2.0' ],
16 silly audit   'graceful-fs': [ '4.2.11' ],
16 silly audit   'has-symbols': [ '1.1.0' ],
16 silly audit   hasown: [ '2.0.2' ],
16 silly audit   htmlparser2: [ '6.1.0' ],
16 silly audit   'http-errors': [ '2.0.1' ],
16 silly audit   'iconv-lite': [ '0.4.24' ],
16 silly audit   ieee754: [ '1.2.1' ],
16 silly audit   imurmurhash: [ '0.1.4' ],
16 silly audit   inherits: [ '2.0.4' ],
16 silly audit   'ip-address': [ '10.1.0' ],
16 silly audit   'ipaddr.js': [ '1.9.1' ],
16 silly audit   'is-typedarray': [ '1.0.0' ],
16 silly audit   'js-base64': [ '3.7.8' ],
16 silly audit   libsql: [ '0.5.22' ],
16 silly audit   'math-intrinsics': [ '1.1.0' ],
16 silly audit   'media-typer': [ '0.3.0' ],
16 silly audit   'merge-descriptors': [ '1.0.3' ],
16 silly audit   methods: [ '1.1.2' ],
16 silly audit   mime: [ '1.6.0', '3.0.0' ],
16 silly audit   'mime-db': [ '1.52.0' ],
16 silly audit   'mime-types': [ '2.1.35' ],
16 silly audit   ms: [ '2.0.0', '2.1.3' ],
16 silly audit   nanoid: [ '3.3.11' ],
16 silly audit   negotiator: [ '0.6.3' ],
16 silly audit   'next-tick': [ '1.1.0' ],
16 silly audit   'node-domexception': [ '1.0.0' ],
16 silly audit   'node-fetch': [ '3.3.2' ],
16 silly audit   'node-gyp-build': [ '4.8.4' ],
16 silly audit   'node-localstorage': [ '2.2.1' ],
16 silly audit   'object-inspect': [ '1.13.4' ],
16 silly audit   'on-finished': [ '2.4.1' ],
16 silly audit   pako: [ '2.1.0' ],
16 silly audit   parseurl: [ '1.3.3' ],
16 silly audit   'path-browserify': [ '1.0.1' ],
16 silly audit   'path-to-regexp': [ '0.1.12' ],
16 silly audit   picocolors: [ '1.1.1' ],
16 silly audit   postcss: [ '8.5.6' ],
16 silly audit   'promise-limit': [ '2.7.0' ],
16 silly audit   'proxy-addr': [ '2.0.7' ],
16 silly audit   qs: [ '6.14.1' ],
16 silly audit   'range-parser': [ '1.2.1' ],
16 silly audit   'raw-body': [ '2.5.3' ],
16 silly audit   'real-cancellable-promise': [ '1.2.3' ],
16 silly audit   rollup: [ '4.57.1' ],
16 silly audit   'rss-parser': [ '3.13.0' ],
16 silly audit   'safe-buffer': [ '5.2.1' ],
16 silly audit   'safer-buffer': [ '2.1.2' ],
16 silly audit   sax: [ '1.4.4' ],
16 silly audit   send: [ '0.19.2' ],
16 silly audit   'serve-static': [ '1.16.3' ],
16 silly audit   setprototypeof: [ '1.2.0' ],
16 silly audit   'side-channel': [ '1.1.0' ],
16 silly audit   'side-channel-list': [ '1.0.0' ],
16 silly audit   'side-channel-map': [ '1.0.1' ],
16 silly audit   'side-channel-weakmap': [ '1.0.2' ],
16 silly audit   slide: [ '1.1.6' ],
16 silly audit   'smart-buffer': [ '4.2.0' ],
16 silly audit   socks: [ '2.8.7' ],
16 silly audit   'source-map-js': [ '1.2.1' ],
16 silly audit   statuses: [ '2.0.2' ],
16 silly audit   store2: [ '2.14.4' ],
16 silly audit   telegram: [ '2.26.22' ],
16 silly audit   toidentifier: [ '1.0.1' ],
16 silly audit   'ts-custom-error': [ '3.3.1' ],
16 silly audit   tslib: [ '2.8.1' ],
16 silly audit   type: [ '2.7.3' ],
16 silly audit   'type-is': [ '1.6.18' ],
16 silly audit   'typedarray-to-buffer': [ '3.1.5' ],
16 silly audit   'undici-types': [ '7.16.0' ],
16 silly audit   unpipe: [ '1.0.0' ],
16 silly audit   'utf-8-validate': [ '5.0.10' ],
16 silly audit   'utils-merge': [ '1.0.1' ],
16 silly audit   vary: [ '1.1.2' ],
16 silly audit   vite: [ '5.4.21' ],
16 silly audit   'web-streams-polyfill': [ '3.3.3' ],
16 silly audit   websocket: [ '1.0.35' ],
16 silly audit   'write-file-atomic': [ '1.3.4' ],
16 silly audit   ws: [ '8.19.0' ],
16 silly audit   xml2js: [ '0.5.0' ],
16 silly audit   xmlbuilder: [ '11.0.1' ],
16 silly audit   yaeti: [ '0.0.6' ]
16 silly audit }
17 http cache yaeti@https://registry.npmjs.org/yaeti/-/yaeti-0.0.6.tgz 1ms (cache hit)
18 http cache xml2js@https://registry.npmjs.org/xml2js/-/xml2js-0.5.0.tgz 0ms (cache hit)
19 http cache xmlbuilder@https://registry.npmjs.org/xmlbuilder/-/xmlbuilder-11.0.1.tgz 0ms (cache hit)
20 http cache websocket@https://registry.npmjs.org/websocket/-/websocket-1.0.35.tgz 0ms (cache hit)
21 http cache ws@https://registry.npmjs.org/ws/-/ws-8.19.0.tgz 0ms (cache hit)
22 http cache web-streams-polyfill@https://registry.npmjs.org/web-streams-polyfill/-/web-streams-polyfill-3.3.3.tgz 0ms (cache hit)
23 http cache vary@https://registry.npmjs.org/vary/-/vary-1.1.2.tgz 0ms (cache hit)
24 http cache utils-merge@https://registry.npmjs.org/utils-merge/-/utils-merge-1.0.1.tgz 0ms (cache hit)
25 http cache write-file-atomic@https://registry.npmjs.org/write-file-atomic/-/write-file-atomic-1.3.4.tgz 0ms (cache hit)
26 http cache utf-8-validate@https://registry.npmjs.org/utf-8-validate/-/utf-8-validate-5.0.10.tgz 0ms (cache hit)
27 http cache vite@https://registry.npmjs.org/vite/-/vite-5.4.21.tgz 0ms (cache hit)
28 http cache undici-types@https://registry.npmjs.org/undici-types/-/undici-types-7.16.0.tgz 0ms (cache hit)
29 http cache unpipe@https://registry.npmjs.org/unpipe/-/unpipe-1.0.0.tgz 0ms (cache hit)
30 http cache type-is@https://registry.npmjs.org/type-is/-/type-is-1.6.18.tgz 0ms (cache hit)
31 http cache type@https://registry.npmjs.org/type/-/type-2.7.3.tgz 0ms (cache hit)
32 http cache typedarray-to-buffer@https://registry.npmjs.org/typedarray-to-buffer/-/typedarray-to-buffer-3.1.5.tgz 0ms (cache hit)
33 http cache tslib@https://registry.npmjs.org/tslib/-/tslib-2.8.1.tgz 0ms (cache hit)
34 http cache ts-custom-error@https://registry.npmjs.org/ts-custom-error/-/ts-custom-error-3.3.1.tgz 0ms (cache hit)
35 http cache toidentifier@https://registry.npmjs.org/toidentifier/-/toidentifier-1.0.1.tgz 0ms (cache hit)
36 http cache statuses@https://registry.npmjs.org/statuses/-/statuses-2.0.2.tgz 0ms (cache hit)
37 http cache telegram@https://registry.npmjs.org/telegram/-/telegram-2.26.22.tgz 0ms (cache hit)
38 http cache store2@https://registry.npmjs.org/store2/-/store2-2.14.4.tgz 0ms (cache hit)
39 http cache source-map-js@https://registry.npmjs.org/source-map-js/-/source-map-js-1.2.1.tgz 0ms (cache hit)
40 http cache smart-buffer@https://registry.npmjs.org/smart-buffer/-/smart-buffer-4.2.0.tgz 0ms (cache hit)
41 http cache slide@https://registry.npmjs.org/slide/-/slide-1.1.6.tgz 0ms (cache hit)
42 http cache socks@https://registry.npmjs.org/socks/-/socks-2.8.7.tgz 0ms (cache hit)
43 http cache side-channel-weakmap@https://registry.npmjs.org/side-channel-weakmap/-/side-channel-weakmap-1.0.2.tgz 0ms (cache hit)
44 http cache side-channel-map@https://registry.npmjs.org/side-channel-map/-/side-channel-map-1.0.1.tgz 0ms (cache hit)
45 http cache side-channel-list@https://registry.npmjs.org/side-channel-list/-/side-channel-list-1.0.0.tgz 0ms (cache hit)
46 http cache side-channel@https://registry.npmjs.org/side-channel/-/side-channel-1.1.0.tgz 0ms (cache hit)
47 http cache setprototypeof@https://registry.npmjs.org/setprototypeof/-/setprototypeof-1.2.0.tgz 0ms (cache hit)
48 http cache send@https://registry.npmjs.org/send/-/send-0.19.2.tgz 0ms (cache hit)
49 http cache serve-static@https://registry.npmjs.org/serve-static/-/serve-static-1.16.3.tgz 0ms (cache hit)
50 http cache sax@https://registry.npmjs.org/sax/-/sax-1.4.4.tgz 0ms (cache hit)
51 http cache safer-buffer@https://registry.npmjs.org/safer-buffer/-/safer-buffer-2.1.2.tgz 0ms (cache hit)
52 http cache safe-buffer@https://registry.npmjs.org/safe-buffer/-/safe-buffer-5.2.1.tgz 0ms (cache hit)
53 http cache rss-parser@https://registry.npmjs.org/rss-parser/-/rss-parser-3.13.0.tgz 0ms (cache hit)
54 http cache rollup@https://registry.npmjs.org/rollup/-/rollup-4.57.1.tgz 0ms (cache hit)
55 http cache raw-body@https://registry.npmjs.org/raw-body/-/raw-body-2.5.3.tgz 0ms (cache hit)
56 http cache real-cancellable-promise@https://registry.npmjs.org/real-cancellable-promise/-/real-cancellable-promise-1.2.3.tgz 0ms (cache hit)
57 http cache qs@https://registry.npmjs.org/qs/-/qs-6.14.1.tgz 0ms (cache hit)
58 http cache range-parser@https://registry.npmjs.org/range-parser/-/range-parser-1.2.1.tgz 0ms (cache hit)
59 http cache proxy-addr@https://registry.npmjs.org/proxy-addr/-/proxy-addr-2.0.7.tgz 0ms (cache hit)
60 http cache promise-limit@https://registry.npmjs.org/promise-limit/-/promise-limit-2.7.0.tgz 0ms (cache hit)
61 http cache postcss@https://registry.npmjs.org/postcss/-/postcss-8.5.6.tgz 0ms (cache hit)
62 http cache path-to-regexp@https://registry.npmjs.org/path-to-regexp/-/path-to-regexp-0.1.12.tgz 0ms (cache hit)
63 http cache path-browserify@https://registry.npmjs.org/path-browserify/-/path-browserify-1.0.1.tgz 0ms (cache hit)
64 http cache pako@https://registry.npmjs.org/pako/-/pako-2.1.0.tgz 0ms (cache hit)
65 http cache parseurl@https://registry.npmjs.org/parseurl/-/parseurl-1.3.3.tgz 0ms (cache hit)
66 http cache picocolors@https://registry.npmjs.org/picocolors/-/picocolors-1.1.1.tgz 0ms (cache hit)
67 http cache on-finished@https://registry.npmjs.org/on-finished/-/on-finished-2.4.1.tgz 0ms (cache hit)
68 http cache object-inspect@https://registry.npmjs.org/object-inspect/-/object-inspect-1.13.4.tgz 0ms (cache hit)
69 http cache node-gyp-build@https://registry.npmjs.org/node-gyp-build/-/node-gyp-build-4.8.4.tgz 0ms (cache hit)
70 http cache node-fetch@https://registry.npmjs.org/node-fetch/-/node-fetch-3.3.2.tgz 0ms (cache hit)
71 http cache node-localstorage@https://registry.npmjs.org/node-localstorage/-/node-localstorage-2.2.1.tgz 0ms (cache hit)
72 http cache node-domexception@https://registry.npmjs.org/node-domexception/-/node-domexception-1.0.0.tgz 0ms (cache hit)
73 http cache next-tick@https://registry.npmjs.org/next-tick/-/next-tick-1.1.0.tgz 0ms (cache hit)
74 http cache negotiator@https://registry.npmjs.org/negotiator/-/negotiator-0.6.3.tgz 0ms (cache hit)
75 http cache nanoid@https://registry.npmjs.org/nanoid/-/nanoid-3.3.11.tgz 0ms (cache hit)
76 http cache ms@https://registry.npmjs.org/ms/-/ms-2.0.0.tgz 0ms (cache hit)
77 http cache mime-db@https://registry.npmjs.org/mime-db/-/mime-db-1.52.0.tgz 0ms (cache hit)
78 http cache mime-types@https://registry.npmjs.org/mime-types/-/mime-types-2.1.35.tgz 0ms (cache hit)
79 http cache mime@https://registry.npmjs.org/mime/-/mime-1.6.0.tgz 0ms (cache hit)
80 http cache methods@https://registry.npmjs.org/methods/-/methods-1.1.2.tgz 0ms (cache hit)
81 http cache media-typer@https://registry.npmjs.org/media-typer/-/media-typer-0.3.0.tgz 0ms (cache hit)
82 http cache merge-descriptors@https://registry.npmjs.org/merge-descriptors/-/merge-descriptors-1.0.3.tgz 0ms (cache hit)
83 http cache math-intrinsics@https://registry.npmjs.org/math-intrinsics/-/math-intrinsics-1.1.0.tgz 0ms (cache hit)
84 http cache libsql@https://registry.npmjs.org/libsql/-/libsql-0.5.22.tgz 0ms (cache hit)
85 http cache is-typedarray@https://registry.npmjs.org/is-typedarray/-/is-typedarray-1.0.0.tgz 0ms (cache hit)
86 http cache js-base64@https://registry.npmjs.org/js-base64/-/js-base64-3.7.8.tgz 0ms (cache hit)
87 http cache ipaddr.js@https://registry.npmjs.org/ipaddr.js/-/ipaddr.js-1.9.1.tgz 0ms (cache hit)
88 http cache ip-address@https://registry.npmjs.org/ip-address/-/ip-address-10.1.0.tgz 0ms (cache hit)
89 http cache inherits@https://registry.npmjs.org/inherits/-/inherits-2.0.4.tgz 0ms (cache hit)
90 http cache imurmurhash@https://registry.npmjs.org/imurmurhash/-/imurmurhash-0.1.4.tgz 0ms (cache hit)
91 http cache ieee754@https://registry.npmjs.org/ieee754/-/ieee754-1.2.1.tgz 0ms (cache hit)
92 http cache http-errors@https://registry.npmjs.org/http-errors/-/http-errors-2.0.1.tgz 0ms (cache hit)
93 http cache iconv-lite@https://registry.npmjs.org/iconv-lite/-/iconv-lite-0.4.24.tgz 0ms (cache hit)
94 http cache htmlparser2@https://registry.npmjs.org/htmlparser2/-/htmlparser2-6.1.0.tgz 0ms (cache hit)
95 http cache hasown@https://registry.npmjs.org/hasown/-/hasown-2.0.2.tgz 0ms (cache hit)
96 http cache graceful-fs@https://registry.npmjs.org/graceful-fs/-/graceful-fs-4.2.11.tgz 0ms (cache hit)
97 http cache has-symbols@https://registry.npmjs.org/has-symbols/-/has-symbols-1.1.0.tgz 0ms (cache hit)
98 http cache gopd@https://registry.npmjs.org/gopd/-/gopd-1.2.0.tgz 0ms (cache hit)
99 http cache get-proto@https://registry.npmjs.org/get-proto/-/get-proto-1.0.1.tgz 0ms (cache hit)
100 http cache get-intrinsic@https://registry.npmjs.org/get-intrinsic/-/get-intrinsic-1.3.0.tgz 0ms (cache hit)
101 http cache function-bind@https://registry.npmjs.org/function-bind/-/function-bind-1.1.2.tgz 0ms (cache hit)
102 http cache fresh@https://registry.npmjs.org/fresh/-/fresh-0.5.2.tgz 0ms (cache hit)
103 http cache formdata-polyfill@https://registry.npmjs.org/formdata-polyfill/-/formdata-polyfill-4.0.10.tgz 0ms (cache hit)
104 http cache forwarded@https://registry.npmjs.org/forwarded/-/forwarded-0.2.0.tgz 0ms (cache hit)
105 http cache finalhandler@https://registry.npmjs.org/finalhandler/-/finalhandler-1.3.2.tgz 0ms (cache hit)
106 http cache fetch-blob@https://registry.npmjs.org/fetch-blob/-/fetch-blob-3.2.0.tgz 0ms (cache hit)
107 http cache express@https://registry.npmjs.org/express/-/express-4.22.1.tgz 0ms (cache hit)
108 http cache ext@https://registry.npmjs.org/ext/-/ext-1.7.0.tgz 0ms (cache hit)
109 http cache event-emitter@https://registry.npmjs.org/event-emitter/-/event-emitter-0.3.5.tgz 0ms (cache hit)
110 http cache etag@https://registry.npmjs.org/etag/-/etag-1.8.1.tgz 0ms (cache hit)
111 http cache escape-html@https://registry.npmjs.org/escape-html/-/escape-html-1.0.3.tgz 0ms (cache hit)
112 http cache esniff@https://registry.npmjs.org/esniff/-/esniff-2.0.1.tgz 0ms (cache hit)
113 http cache esbuild@https://registry.npmjs.org/esbuild/-/esbuild-0.21.5.tgz 0ms (cache hit)
114 http cache es6-iterator@https://registry.npmjs.org/es6-iterator/-/es6-iterator-2.0.3.tgz 0ms (cache hit)
115 http cache es5-ext@https://registry.npmjs.org/es5-ext/-/es5-ext-0.10.64.tgz 0ms (cache hit)
116 http cache es-object-atoms@https://registry.npmjs.org/es-object-atoms/-/es-object-atoms-1.1.1.tgz 0ms (cache hit)
117 http cache es6-symbol@https://registry.npmjs.org/es6-symbol/-/es6-symbol-3.1.4.tgz 0ms (cache hit)
118 http cache es-errors@https://registry.npmjs.org/es-errors/-/es-errors-1.3.0.tgz 0ms (cache hit)
119 http cache es-define-property@https://registry.npmjs.org/es-define-property/-/es-define-property-1.0.1.tgz 0ms (cache hit)
120 http cache entities@https://registry.npmjs.org/entities/-/entities-2.2.0.tgz 0ms (cache hit)
121 http cache encodeurl@https://registry.npmjs.org/encodeurl/-/encodeurl-2.0.0.tgz 0ms (cache hit)
122 http cache ee-first@https://registry.npmjs.org/ee-first/-/ee-first-1.1.1.tgz 0ms (cache hit)
123 http cache dunder-proto@https://registry.npmjs.org/dunder-proto/-/dunder-proto-1.0.1.tgz 0ms (cache hit)
124 http cache dotenv@https://registry.npmjs.org/dotenv/-/dotenv-16.6.1.tgz 0ms (cache hit)
125 http cache domutils@https://registry.npmjs.org/domutils/-/domutils-2.8.0.tgz 0ms (cache hit)
126 http cache domhandler@https://registry.npmjs.org/domhandler/-/domhandler-4.3.1.tgz 0ms (cache hit)
127 http cache domelementtype@https://registry.npmjs.org/domelementtype/-/domelementtype-2.3.0.tgz 0ms (cache hit)
128 http cache dom-serializer@https://registry.npmjs.org/dom-serializer/-/dom-serializer-1.4.1.tgz 0ms (cache hit)
129 http cache detect-libc@https://registry.npmjs.org/detect-libc/-/detect-libc-2.0.2.tgz 0ms (cache hit)
130 http cache destroy@https://registry.npmjs.org/destroy/-/destroy-1.2.0.tgz 0ms (cache hit)
131 http cache depd@https://registry.npmjs.org/depd/-/depd-2.0.0.tgz 0ms (cache hit)
132 http cache debug@https://registry.npmjs.org/debug/-/debug-2.6.9.tgz 0ms (cache hit)
133 http cache data-uri-to-buffer@https://registry.npmjs.org/data-uri-to-buffer/-/data-uri-to-buffer-4.0.1.tgz 0ms (cache hit)
134 http cache d@https://registry.npmjs.org/d/-/d-1.0.2.tgz 0ms (cache hit)
135 http cache cookie-signature@https://registry.npmjs.org/cookie-signature/-/cookie-signature-1.0.7.tgz 0ms (cache hit)
136 http cache cookie@https://registry.npmjs.org/cookie/-/cookie-0.7.2.tgz 0ms (cache hit)
137 http cache content-type@https://registry.npmjs.org/content-type/-/content-type-1.0.5.tgz 0ms (cache hit)
138 http cache content-disposition@https://registry.npmjs.org/content-disposition/-/content-disposition-0.5.4.tgz 0ms (cache hit)
139 http cache call-bound@https://registry.npmjs.org/call-bound/-/call-bound-1.0.4.tgz 0ms (cache hit)
140 http cache call-bind-apply-helpers@https://registry.npmjs.org/call-bind-apply-helpers/-/call-bind-apply-helpers-1.0.2.tgz 0ms (cache hit)
141 http cache bytes@https://registry.npmjs.org/bytes/-/bytes-3.1.2.tgz 0ms (cache hit)
142 http cache bufferutil@https://registry.npmjs.org/bufferutil/-/bufferutil-4.1.0.tgz 0ms (cache hit)
143 http cache buffer@https://registry.npmjs.org/buffer/-/buffer-6.0.3.tgz 0ms (cache hit)
144 http cache body-parser@https://registry.npmjs.org/body-parser/-/body-parser-1.20.4.tgz 0ms (cache hit)
145 http cache big-integer@https://registry.npmjs.org/big-integer/-/big-integer-1.6.52.tgz 0ms (cache hit)
146 http cache base64-js@https://registry.npmjs.org/base64-js/-/base64-js-1.5.1.tgz 0ms (cache hit)
147 http cache async-mutex@https://registry.npmjs.org/async-mutex/-/async-mutex-0.3.2.tgz 0ms (cache hit)
148 http cache array-flatten@https://registry.npmjs.org/array-flatten/-/array-flatten-1.1.1.tgz 0ms (cache hit)
149 http cache accepts@https://registry.npmjs.org/accepts/-/accepts-1.3.8.tgz 0ms (cache hit)
150 http cache @types/ws@https://registry.npmjs.org/@types/ws/-/ws-8.18.1.tgz 0ms (cache hit)
151 http cache @types/node@https://registry.npmjs.org/@types/node/-/node-25.2.3.tgz 0ms (cache hit)
152 http cache @types/estree@https://registry.npmjs.org/@types/estree/-/estree-1.0.8.tgz 0ms (cache hit)
153 http cache @rollup/rollup-win32-x64-msvc@https://registry.npmjs.org/@rollup/rollup-win32-x64-msvc/-/rollup-win32-x64-msvc-4.57.1.tgz 0ms (cache hit)
154 http cache @rollup/rollup-win32-x64-gnu@https://registry.npmjs.org/@rollup/rollup-win32-x64-gnu/-/rollup-win32-x64-gnu-4.57.1.tgz 0ms (cache hit)
155 http cache @neon-rs/load@https://registry.npmjs.org/@neon-rs/load/-/load-0.0.4.tgz 0ms (cache hit)
156 http cache @libsql/win32-x64-msvc@https://registry.npmjs.org/@libsql/win32-x64-msvc/-/win32-x64-msvc-0.5.22.tgz 0ms (cache hit)
157 http cache @libsql/isomorphic-ws@https://registry.npmjs.org/@libsql/isomorphic-ws/-/isomorphic-ws-0.1.5.tgz 0ms (cache hit)
158 http cache @libsql/isomorphic-fetch@https://registry.npmjs.org/@libsql/isomorphic-fetch/-/isomorphic-fetch-0.3.1.tgz 0ms (cache hit)
159 http cache @libsql/hrana-client@https://registry.npmjs.org/@libsql/hrana-client/-/hrana-client-0.7.0.tgz 0ms (cache hit)
160 http cache @libsql/core@https://registry.npmjs.org/@libsql/core/-/core-0.15.15.tgz 0ms (cache hit)
161 http cache @libsql/client@https://registry.npmjs.org/@libsql/client/-/client-0.15.15.tgz 0ms (cache hit)
162 http cache @esbuild/win32-x64@https://registry.npmjs.org/@esbuild/win32-x64/-/win32-x64-0.21.5.tgz 0ms (cache hit)
163 http cache @cryptography/aes@https://registry.npmjs.org/@cryptography/aes/-/aes-0.1.1.tgz 0ms (cache hit)
164 http cache mime@https://registry.npmjs.org/mime/-/mime-3.0.0.tgz 0ms (cache hit)
165 http cache ms@https://registry.npmjs.org/ms/-/ms-2.1.3.tgz 0ms (cache hit)
166 http fetch POST 200 https://registry.npmjs.org/-/npm/v1/security/advisories/bulk 773ms
167 silly audit report {
167 silly audit report   esbuild: [
167 silly audit report     {
167 silly audit report       id: 1102341,
167 silly audit report       url: 'https://github.com/advisories/GHSA-67mh-4wv8-2f99',
167 silly audit report       title: 'esbuild enables any website to send any requests to the development server and read the response',
167 silly audit report       severity: 'moderate',
167 silly audit report       vulnerable_versions: '<=0.24.2',
167 silly audit report       cwe: [Array],
167 silly audit report       cvss: [Object]
167 silly audit report     }
167 silly audit report   ]
167 silly audit report }
168 silly packumentCache corgi:https://registry.npmjs.org/esbuild cache-miss
169 warn deprecated yaeti@0.0.6: Package no longer supported. Contact Support at https://www.npmjs.com/support for more info.
170 http fetch GET 200 https://registry.npmjs.org/esbuild 239ms (cache revalidated)
171 silly packumentCache corgi:https://registry.npmjs.org/esbuild set size:879341 disposed:false
172 silly packumentCache corgi:https://registry.npmjs.org/vite cache-miss
173 http fetch GET 200 https://registry.npmjs.org/vite 141ms (cache revalidated)
174 silly packumentCache corgi:https://registry.npmjs.org/vite set size:2181475 disposed:false
175 warn deprecated node-domexception@1.0.0: Use your platform's native DOMException instead
176 info run bufferutil@4.1.0 install node_modules/bufferutil node-gyp-build
177 info run utf-8-validate@5.0.10 install node_modules/utf-8-validate node-gyp-build
178 info run utf-8-validate@5.0.10 install { code: 0, signal: null }
179 info run bufferutil@4.1.0 install { code: 0, signal: null }
180 info run es5-ext@0.10.64 postinstall node_modules/es5-ext  node -e "try{require('./_postinstall')}catch(e){}" || exit 0
181 info run esbuild@0.21.5 postinstall node_modules/esbuild node install.js
182 info run es5-ext@0.10.64 postinstall { code: 0, signal: null }
183 info run esbuild@0.21.5 postinstall { code: 0, signal: null }
184 silly ADD node_modules/yaeti
185 silly ADD node_modules/xmlbuilder
186 silly ADD node_modules/xml2js
187 silly ADD node_modules/ws
188 silly ADD node_modules/write-file-atomic
189 silly ADD node_modules/websocket
190 silly ADD node_modules/web-streams-polyfill
191 silly ADD node_modules/vite
192 silly ADD node_modules/vary
193 silly ADD node_modules/utils-merge
194 silly ADD node_modules/utf-8-validate
195 silly ADD node_modules/unpipe
196 silly ADD node_modules/undici-types
197 silly ADD node_modules/typedarray-to-buffer
198 silly ADD node_modules/type-is
199 silly ADD node_modules/type
200 silly ADD node_modules/tslib
201 silly ADD node_modules/ts-custom-error
202 silly ADD node_modules/toidentifier
203 silly ADD node_modules/telegram
204 silly ADD node_modules/telegram/node_modules/mime
205 silly ADD node_modules/store2
206 silly ADD node_modules/statuses
207 silly ADD node_modules/source-map-js
208 silly ADD node_modules/socks
209 silly ADD node_modules/smart-buffer
210 silly ADD node_modules/slide
211 silly ADD node_modules/side-channel-weakmap
212 silly ADD node_modules/side-channel-map
213 silly ADD node_modules/side-channel-list
214 silly ADD node_modules/side-channel
215 silly ADD node_modules/setprototypeof
216 silly ADD node_modules/serve-static
217 silly ADD node_modules/send
218 silly ADD node_modules/send/node_modules/ms
219 silly ADD node_modules/sax
220 silly ADD node_modules/safer-buffer
221 silly ADD node_modules/safe-buffer
222 silly ADD node_modules/rss-parser
223 silly ADD node_modules/rollup
224 silly ADD node_modules/real-cancellable-promise
225 silly ADD node_modules/raw-body
226 silly ADD node_modules/range-parser
227 silly ADD node_modules/qs
228 silly ADD node_modules/proxy-addr
229 silly ADD node_modules/promise-limit
230 silly ADD node_modules/postcss
231 silly ADD node_modules/picocolors
232 silly ADD node_modules/path-to-regexp
233 silly ADD node_modules/path-browserify
234 silly ADD node_modules/parseurl
235 silly ADD node_modules/pako
236 silly ADD node_modules/on-finished
237 silly ADD node_modules/object-inspect
238 silly ADD node_modules/node-localstorage
239 silly ADD node_modules/node-gyp-build
240 silly ADD node_modules/node-fetch
241 silly ADD node_modules/node-domexception
242 silly ADD node_modules/next-tick
243 silly ADD node_modules/negotiator
244 silly ADD node_modules/nanoid
245 silly ADD node_modules/ms
246 silly ADD node_modules/mime-types
247 silly ADD node_modules/mime-db
248 silly ADD node_modules/mime
249 silly ADD node_modules/methods
250 silly ADD node_modules/merge-descriptors
251 silly ADD node_modules/media-typer
252 silly ADD node_modules/math-intrinsics
253 silly ADD node_modules/libsql
254 silly ADD node_modules/js-base64
255 silly ADD node_modules/is-typedarray
256 silly ADD node_modules/ipaddr.js
257 silly ADD node_modules/ip-address
258 silly ADD node_modules/inherits
259 silly ADD node_modules/imurmurhash
260 silly ADD node_modules/ieee754
261 silly ADD node_modules/iconv-lite
262 silly ADD node_modules/http-errors
263 silly ADD node_modules/htmlparser2
264 silly ADD node_modules/hasown
265 silly ADD node_modules/has-symbols
266 silly ADD node_modules/graceful-fs
267 silly ADD node_modules/gopd
268 silly ADD node_modules/get-proto
269 silly ADD node_modules/get-intrinsic
270 silly ADD node_modules/function-bind
271 silly ADD node_modules/fresh
272 silly ADD node_modules/forwarded
273 silly ADD node_modules/formdata-polyfill
274 silly ADD node_modules/finalhandler
275 silly ADD node_modules/fetch-blob
276 silly ADD node_modules/ext
277 silly ADD node_modules/express
278 silly ADD node_modules/event-emitter
279 silly ADD node_modules/etag
280 silly ADD node_modules/esniff
281 silly ADD node_modules/escape-html
282 silly ADD node_modules/esbuild
283 silly ADD node_modules/es6-symbol
284 silly ADD node_modules/es6-iterator
285 silly ADD node_modules/es5-ext
286 silly ADD node_modules/es-object-atoms
287 silly ADD node_modules/es-errors
288 silly ADD node_modules/es-define-property
289 silly ADD node_modules/entities
290 silly ADD node_modules/encodeurl
291 silly ADD node_modules/ee-first
292 silly ADD node_modules/dunder-proto
293 silly ADD node_modules/dotenv
294 silly ADD node_modules/domutils
295 silly ADD node_modules/domhandler
296 silly ADD node_modules/domelementtype
297 silly ADD node_modules/dom-serializer
298 silly ADD node_modules/detect-libc
299 silly ADD node_modules/destroy
300 silly ADD node_modules/depd
301 silly ADD node_modules/debug
302 silly ADD node_modules/data-uri-to-buffer
303 silly ADD node_modules/d
304 silly ADD node_modules/cookie-signature
305 silly ADD node_modules/cookie
306 silly ADD node_modules/content-type
307 silly ADD node_modules/content-disposition
308 silly ADD node_modules/call-bound
309 silly ADD node_modules/call-bind-apply-helpers
310 silly ADD node_modules/bytes
311 silly ADD node_modules/bufferutil
312 silly ADD node_modules/buffer
313 silly ADD node_modules/body-parser
314 silly ADD node_modules/big-integer
315 silly ADD node_modules/base64-js
316 silly ADD node_modules/async-mutex
317 silly ADD node_modules/array-flatten
318 silly ADD node_modules/accepts
319 silly ADD node_modules/@types/ws
320 silly ADD node_modules/@types/node
321 silly ADD node_modules/@types/estree
322 silly ADD node_modules/@rollup/rollup-win32-x64-msvc
323 silly ADD node_modules/@rollup/rollup-win32-x64-gnu
324 silly ADD node_modules/@neon-rs/load
325 silly ADD node_modules/@libsql/win32-x64-msvc
326 silly ADD node_modules/@libsql/isomorphic-ws
327 silly ADD node_modules/@libsql/isomorphic-fetch
328 silly ADD node_modules/@libsql/hrana-client
329 silly ADD node_modules/@libsql/core
330 silly ADD node_modules/@libsql/client
331 silly ADD node_modules/@esbuild/win32-x64
332 silly ADD node_modules/@cryptography/aes
333 verbose cwd H:\skywatchuaair\1.0
334 verbose os Windows_NT 10.0.19045
335 verbose node v22.11.0
336 verbose npm  v11.7.0
337 verbose exit 0
338 info ok
