0 verbose cli C:\Program Files\nodejs\node.exe C:\Users\User\AppData\Roaming\npm\node_modules\npm\bin\npm-cli.js
1 info using npm@11.7.0
2 info using node@v22.11.0
3 silly config load:file:C:\Users\User\AppData\Roaming\npm\node_modules\npm\npmrc
4 silly config load:file:H:\skywatchuaair\1.0\.npmrc
5 silly config load:file:C:\Users\User\.npmrc
6 silly config load:file:C:\Users\User\AppData\Roaming\npm\etc\npmrc
7 verbose title npm run dev:server
8 verbose argv "run" "dev:server"
9 verbose logfile logs-max:10 dir:H:\skywatchuaair\1.0\clean\_logs\2026-04-08T19_10_27_192Z-
10 verbose logfile H:\skywatchuaair\1.0\clean\_logs\2026-04-08T19_10_27_192Z-debug-0.log
11 silly logfile start cleaning logs, removing 1 files
12 silly logfile done cleaning log files
13 http fetch GET 200 https://registry.npmmirror.com/npm 392ms
14 verbose cwd H:\skywatchuaair\1.0
15 verbose os Windows_NT 10.0.19045
16 verbose node v22.11.0
17 verbose npm  v11.7.0
18 notice
18 notice New minor version of npm available! 11.7.0 -> 11.12.1
18 notice Changelog: https://github.com/npm/cli/releases/tag/v11.12.1
18 notice To update run: npm install -g npm@11.12.1
18 notice  { force: true, [Symbol(proc-log.meta)]: true }
19 verbose exit 1
20 verbose code 1
