0 verbose cli C:\Program Files\nodejs\node.exe C:\Users\User\AppData\Roaming\npm\node_modules\npm\bin\npm-cli.js
1 info using npm@11.7.0
2 info using node@v22.11.0
3 silly config load:file:C:\Users\User\AppData\Roaming\npm\node_modules\npm\npmrc
4 silly config load:file:H:\skywatchuaair\1.0\.npmrc
5 silly config load:file:C:\Users\User\.npmrc
6 silly config load:file:C:\Users\User\AppData\Roaming\npm\etc\npmrc
7 verbose title npm install
8 verbose argv "install"
9 verbose logfile logs-max:10 dir:H:\skywatchuaair\1.0\clean\_logs\2026-04-05T17_37_48_540Z-
10 verbose logfile H:\skywatchuaair\1.0\clean\_logs\2026-04-05T17_37_48_540Z-debug-0.log
11 silly logfile start cleaning logs, removing 1 files
12 silly packumentCache heap:4345298944 maxSize:1086324736 maxEntrySize:543162368
13 silly logfile done cleaning log files
14 silly idealTree buildDeps
15 silly reify moves {}
16 silly audit bulk request {
16 silly audit   '@cryptography/aes': [ '0.1.1' ],
16 silly audit   '@esbuild/aix-ppc64': [ '0.21.5' ],
16 silly audit   '@esbuild/android-arm': [ '0.21.5' ],
16 silly audit   '@esbuild/android-arm64': [ '0.21.5' ],
16 silly audit   '@esbuild/android-x64': [ '0.21.5' ],
16 silly audit   '@esbuild/darwin-arm64': [ '0.21.5' ],
16 silly audit   '@esbuild/darwin-x64': [ '0.21.5' ],
16 silly audit   '@esbuild/freebsd-arm64': [ '0.21.5' ],
16 silly audit   '@esbuild/freebsd-x64': [ '0.21.5' ],
16 silly audit   '@esbuild/linux-arm': [ '0.21.5' ],
16 silly audit   '@esbuild/linux-arm64': [ '0.21.5' ],
16 silly audit   '@esbuild/linux-ia32': [ '0.21.5' ],
16 silly audit   '@esbuild/linux-loong64': [ '0.21.5' ],
16 silly audit   '@esbuild/linux-mips64el': [ '0.21.5' ],
16 silly audit   '@esbuild/linux-ppc64': [ '0.21.5' ],
16 silly audit   '@esbuild/linux-riscv64': [ '0.21.5' ],
16 silly audit   '@esbuild/linux-s390x': [ '0.21.5' ],
16 silly audit   '@esbuild/linux-x64': [ '0.21.5' ],
16 silly audit   '@esbuild/netbsd-x64': [ '0.21.5' ],
16 silly audit   '@esbuild/openbsd-x64': [ '0.21.5' ],
16 silly audit   '@esbuild/sunos-x64': [ '0.21.5' ],
16 silly audit   '@esbuild/win32-arm64': [ '0.21.5' ],
16 silly audit   '@esbuild/win32-ia32': [ '0.21.5' ],
16 silly audit   '@esbuild/win32-x64': [ '0.21.5' ],
16 silly audit   '@libsql/client': [ '0.17.0' ],
16 silly audit   '@libsql/core': [ '0.17.0' ],
16 silly audit   '@libsql/darwin-arm64': [ '0.5.22' ],
16 silly audit   '@libsql/darwin-x64': [ '0.5.22' ],
16 silly audit   '@libsql/hrana-client': [ '0.9.0' ],
16 silly audit   '@libsql/isomorphic-ws': [ '0.1.5' ],
16 silly audit   '@libsql/linux-arm-gnueabihf': [ '0.5.22' ],
16 silly audit   '@libsql/linux-arm-musleabihf': [ '0.5.22' ],
16 silly audit   '@libsql/linux-arm64-gnu': [ '0.5.22' ],
16 silly audit   '@libsql/linux-arm64-musl': [ '0.5.22' ],
16 silly audit   '@libsql/linux-x64-gnu': [ '0.5.22' ],
16 silly audit   '@libsql/linux-x64-musl': [ '0.5.22' ],
16 silly audit   '@libsql/win32-x64-msvc': [ '0.5.22' ],
16 silly audit   '@neon-rs/load': [ '0.0.4' ],
16 silly audit   '@rollup/rollup-android-arm-eabi': [ '4.59.0' ],
16 silly audit   '@rollup/rollup-android-arm64': [ '4.59.0' ],
16 silly audit   '@rollup/rollup-darwin-arm64': [ '4.59.0' ],
16 silly audit   '@rollup/rollup-darwin-x64': [ '4.59.0' ],
16 silly audit   '@rollup/rollup-freebsd-arm64': [ '4.59.0' ],
16 silly audit   '@rollup/rollup-freebsd-x64': [ '4.59.0' ],
16 silly audit   '@rollup/rollup-linux-arm-gnueabihf': [ '4.59.0' ],
16 silly audit   '@rollup/rollup-linux-arm-musleabihf': [ '4.59.0' ],
16 silly audit   '@rollup/rollup-linux-arm64-gnu': [ '4.59.0' ],
16 silly audit   '@rollup/rollup-linux-arm64-musl': [ '4.59.0' ],
16 silly audit   '@rollup/rollup-linux-loong64-gnu': [ '4.59.0' ],
16 silly audit   '@rollup/rollup-linux-loong64-musl': [ '4.59.0' ],
16 silly audit   '@rollup/rollup-linux-ppc64-gnu': [ '4.59.0' ],
16 silly audit   '@rollup/rollup-linux-ppc64-musl': [ '4.59.0' ],
16 silly audit   '@rollup/rollup-linux-riscv64-gnu': [ '4.59.0' ],
16 silly audit   '@rollup/rollup-linux-riscv64-musl': [ '4.59.0' ],
16 silly audit   '@rollup/rollup-linux-s390x-gnu': [ '4.59.0' ],
16 silly audit   '@rollup/rollup-linux-x64-gnu': [ '4.59.0' ],
16 silly audit   '@rollup/rollup-linux-x64-musl': [ '4.59.0' ],
16 silly audit   '@rollup/rollup-openbsd-x64': [ '4.59.0' ],
16 silly audit   '@rollup/rollup-openharmony-arm64': [ '4.59.0' ],
16 silly audit   '@rollup/rollup-win32-arm64-msvc': [ '4.59.0' ],
16 silly audit   '@rollup/rollup-win32-ia32-msvc': [ '4.59.0' ],
16 silly audit   '@rollup/rollup-win32-x64-gnu': [ '4.59.0' ],
16 silly audit   '@rollup/rollup-win32-x64-msvc': [ '4.59.0' ],
16 silly audit   '@types/estree': [ '1.0.8' ],
16 silly audit   '@types/node': [ '25.5.0' ],
16 silly audit   '@types/ws': [ '8.18.1' ],
16 silly audit   accepts: [ '1.3.8' ],
16 silly audit   'array-flatten': [ '1.1.1' ],
16 silly audit   'async-mutex': [ '0.3.2' ],
16 silly audit   'base64-js': [ '1.5.1' ],
16 silly audit   'big-integer': [ '1.6.52' ],
16 silly audit   'body-parser': [ '1.20.4' ],
16 silly audit   buffer: [ '6.0.3' ],
16 silly audit   bufferutil: [ '4.1.0' ],
16 silly audit   bytes: [ '3.1.2' ],
16 silly audit   'call-bind-apply-helpers': [ '1.0.2' ],
16 silly audit   'call-bound': [ '1.0.4' ],
16 silly audit   'content-disposition': [ '0.5.4' ],
16 silly audit   'content-type': [ '1.0.5' ],
16 silly audit   cookie: [ '0.7.2' ],
16 silly audit   'cookie-signature': [ '1.0.7' ],
16 silly audit   'cross-fetch': [ '4.1.0' ],
16 silly audit   'node-fetch': [ '2.7.0', '3.3.2' ],
16 silly audit   d: [ '1.0.2' ],
16 silly audit   'data-uri-to-buffer': [ '4.0.1' ],
16 silly audit   debug: [ '2.6.9' ],
16 silly audit   depd: [ '2.0.0' ],
16 silly audit   destroy: [ '1.2.0' ],
16 silly audit   'detect-libc': [ '2.0.2' ],
16 silly audit   'dom-serializer': [ '1.4.1' ],
16 silly audit   domelementtype: [ '2.3.0' ],
16 silly audit   domhandler: [ '4.3.1' ],
16 silly audit   domutils: [ '2.8.0' ],
16 silly audit   dotenv: [ '16.6.1' ],
16 silly audit   'dunder-proto': [ '1.0.1' ],
16 silly audit   'ee-first': [ '1.1.1' ],
16 silly audit   encodeurl: [ '2.0.0' ],
16 silly audit   entities: [ '2.2.0' ],
16 silly audit   'es-define-property': [ '1.0.1' ],
16 silly audit   'es-errors': [ '1.3.0' ],
16 silly audit   'es-object-atoms': [ '1.1.1' ],
16 silly audit   'es5-ext': [ '0.10.64' ],
16 silly audit   'es6-iterator': [ '2.0.3' ],
16 silly audit   'es6-symbol': [ '3.1.4' ],
16 silly audit   esbuild: [ '0.21.5' ],
16 silly audit   'escape-html': [ '1.0.3' ],
16 silly audit   esniff: [ '2.0.1' ],
16 silly audit   etag: [ '1.8.1' ],
16 silly audit   'event-emitter': [ '0.3.5' ],
16 silly audit   express: [ '4.22.1' ],
16 silly audit   ext: [ '1.7.0' ],
16 silly audit   'fetch-blob': [ '3.2.0' ],
16 silly audit   finalhandler: [ '1.3.2' ],
16 silly audit   'formdata-polyfill': [ '4.0.10' ],
16 silly audit   forwarded: [ '0.2.0' ],
16 silly audit   fresh: [ '0.5.2' ],
16 silly audit   fsevents: [ '2.3.3' ],
16 silly audit   'function-bind': [ '1.1.2' ],
16 silly audit   'get-intrinsic': [ '1.3.0' ],
16 silly audit   'get-proto': [ '1.0.1' ],
16 silly audit   gopd: [ '1.2.0' ],
16 silly audit   'graceful-fs': [ '4.2.11' ],
16 silly audit   'has-symbols': [ '1.1.0' ],
16 silly audit   hasown: [ '2.0.2' ],
16 silly audit   htmlparser2: [ '6.1.0' ],
16 silly audit   'http-errors': [ '2.0.1' ],
16 silly audit   'iconv-lite': [ '0.4.24' ],
16 silly audit   ieee754: [ '1.2.1' ],
16 silly audit   imurmurhash: [ '0.1.4' ],
16 silly audit   inherits: [ '2.0.4' ],
16 silly audit   'ip-address': [ '10.1.0' ],
16 silly audit   'ipaddr.js': [ '1.9.1' ],
16 silly audit   'is-typedarray': [ '1.0.0' ],
16 silly audit   'js-base64': [ '3.7.8' ],
16 silly audit   libsql: [ '0.5.22' ],
16 silly audit   lowdb: [ '7.0.1' ],
16 silly audit   'math-intrinsics': [ '1.1.0' ],
16 silly audit   'media-typer': [ '0.3.0' ],
16 silly audit   'merge-descriptors': [ '1.0.3' ],
16 silly audit   methods: [ '1.1.2' ],
16 silly audit   mime: [ '1.6.0', '3.0.0' ],
16 silly audit   'mime-db': [ '1.52.0' ],
16 silly audit   'mime-types': [ '2.1.35' ],
16 silly audit   ms: [ '2.0.0', '2.1.3' ],
16 silly audit   nanoid: [ '3.3.11' ],
16 silly audit   negotiator: [ '0.6.3' ],
16 silly audit   'next-tick': [ '1.1.0' ],
16 silly audit   'node-domexception': [ '1.0.0' ],
16 silly audit   'node-gyp-build': [ '4.8.4' ],
16 silly audit   'node-localstorage': [ '2.2.1' ],
16 silly audit   'object-inspect': [ '1.13.4' ],
16 silly audit   'on-finished': [ '2.4.1' ],
16 silly audit   pako: [ '2.1.0' ],
16 silly audit   parseurl: [ '1.3.3' ],
16 silly audit   'path-browserify': [ '1.0.1' ],
16 silly audit   'path-to-regexp': [ '0.1.12' ],
16 silly audit   picocolors: [ '1.1.1' ],
16 silly audit   postcss: [ '8.5.8' ],
16 silly audit   'promise-limit': [ '2.7.0' ],
16 silly audit   'proxy-addr': [ '2.0.7' ],
16 silly audit   qs: [ '6.14.2' ],
16 silly audit   'range-parser': [ '1.2.1' ],
16 silly audit   'raw-body': [ '2.5.3' ],
16 silly audit   'real-cancellable-promise': [ '1.2.3' ],
16 silly audit   rollup: [ '4.59.0' ],
16 silly audit   'rss-parser': [ '3.13.0' ],
16 silly audit   'safe-buffer': [ '5.2.1' ],
16 silly audit   'safer-buffer': [ '2.1.2' ],
16 silly audit   sax: [ '1.5.0' ],
16 silly audit   send: [ '0.19.2' ],
16 silly audit   'serve-static': [ '1.16.3' ],
16 silly audit   setprototypeof: [ '1.2.0' ],
16 silly audit   'side-channel': [ '1.1.0' ],
16 silly audit   'side-channel-list': [ '1.0.0' ],
16 silly audit   'side-channel-map': [ '1.0.1' ],
16 silly audit   'side-channel-weakmap': [ '1.0.2' ],
16 silly audit   slide: [ '1.1.6' ],
16 silly audit   'smart-buffer': [ '4.2.0' ],
16 silly audit   socks: [ '2.8.7' ],
16 silly audit   'source-map-js': [ '1.2.1' ],
16 silly audit   statuses: [ '2.0.2' ],
16 silly audit   steno: [ '4.0.2' ],
16 silly audit   store2: [ '2.14.4' ],
16 silly audit   telegram: [ '2.26.22' ],
16 silly audit   toidentifier: [ '1.0.1' ],
16 silly audit   tr46: [ '0.0.3' ],
16 silly audit   'ts-custom-error': [ '3.3.1' ],
16 silly audit   tslib: [ '2.8.1' ],
16 silly audit   type: [ '2.7.3' ],
16 silly audit   'type-is': [ '1.6.18' ],
16 silly audit   'typedarray-to-buffer': [ '3.1.5' ],
16 silly audit   'undici-types': [ '7.18.2' ],
16 silly audit   unpipe: [ '1.0.0' ],
16 silly audit   'utf-8-validate': [ '5.0.10' ],
16 silly audit   'utils-merge': [ '1.0.1' ],
16 silly audit   vary: [ '1.1.2' ],
16 silly audit   vite: [ '5.4.21' ],
16 silly audit   'web-streams-polyfill': [ '3.3.3' ],
16 silly audit   'webidl-conversions': [ '3.0.1' ],
16 silly audit   websocket: [ '1.0.35' ],
16 silly audit   'whatwg-url': [ '5.0.0' ],
16 silly audit   'write-file-atomic': [ '1.3.4' ],
16 silly audit   ws: [ '8.19.0' ],
16 silly audit   xml2js: [ '0.5.0' ],
16 silly audit   xmlbuilder: [ '11.0.1' ],
16 silly audit   yaeti: [ '0.0.6' ]
16 silly audit }
17 http cache yaeti@https://registry.npmmirror.com/yaeti/-/yaeti-0.0.6.tgz 1ms (cache hit)
18 http cache xmlbuilder@https://registry.npmmirror.com/xmlbuilder/-/xmlbuilder-11.0.1.tgz 0ms (cache hit)
19 http cache xml2js@https://registry.npmmirror.com/xml2js/-/xml2js-0.5.0.tgz 0ms (cache hit)
20 http cache ws@https://registry.npmmirror.com/ws/-/ws-8.19.0.tgz 0ms (cache hit)
21 http cache write-file-atomic@https://registry.npmmirror.com/write-file-atomic/-/write-file-atomic-1.3.4.tgz 0ms (cache hit)
22 http cache whatwg-url@https://registry.npmmirror.com/whatwg-url/-/whatwg-url-5.0.0.tgz 0ms (cache hit)
23 http cache websocket@https://registry.npmmirror.com/websocket/-/websocket-1.0.35.tgz 0ms (cache hit)
24 http cache webidl-conversions@https://registry.npmmirror.com/webidl-conversions/-/webidl-conversions-3.0.1.tgz 0ms (cache hit)
25 http cache web-streams-polyfill@https://registry.npmmirror.com/web-streams-polyfill/-/web-streams-polyfill-3.3.3.tgz 0ms (cache hit)
26 http cache vite@https://registry.npmmirror.com/vite/-/vite-5.4.21.tgz 0ms (cache hit)
27 http cache vary@https://registry.npmmirror.com/vary/-/vary-1.1.2.tgz 0ms (cache hit)
28 http cache utils-merge@https://registry.npmmirror.com/utils-merge/-/utils-merge-1.0.1.tgz 0ms (cache hit)
29 http cache utf-8-validate@https://registry.npmmirror.com/utf-8-validate/-/utf-8-validate-5.0.10.tgz 0ms (cache hit)
30 http cache unpipe@https://registry.npmmirror.com/unpipe/-/unpipe-1.0.0.tgz 0ms (cache hit)
31 http cache undici-types@https://registry.npmmirror.com/undici-types/-/undici-types-7.18.2.tgz 0ms (cache hit)
32 http cache typedarray-to-buffer@https://registry.npmmirror.com/typedarray-to-buffer/-/typedarray-to-buffer-3.1.5.tgz 0ms (cache hit)
33 http cache type-is@https://registry.npmmirror.com/type-is/-/type-is-1.6.18.tgz 0ms (cache hit)
34 http cache type@https://registry.npmmirror.com/type/-/type-2.7.3.tgz 0ms (cache hit)
35 http cache tslib@https://registry.npmmirror.com/tslib/-/tslib-2.8.1.tgz 0ms (cache hit)
36 http cache ts-custom-error@https://registry.npmmirror.com/ts-custom-error/-/ts-custom-error-3.3.1.tgz 0ms (cache hit)
37 http cache tr46@https://registry.npmmirror.com/tr46/-/tr46-0.0.3.tgz 0ms (cache hit)
38 http cache toidentifier@https://registry.npmmirror.com/toidentifier/-/toidentifier-1.0.1.tgz 0ms (cache hit)
39 http cache store2@https://registry.npmmirror.com/store2/-/store2-2.14.4.tgz 0ms (cache hit)
40 http cache steno@https://registry.npmmirror.com/steno/-/steno-4.0.2.tgz 0ms (cache hit)
41 http cache statuses@https://registry.npmmirror.com/statuses/-/statuses-2.0.2.tgz 0ms (cache hit)
42 http cache source-map-js@https://registry.npmmirror.com/source-map-js/-/source-map-js-1.2.1.tgz 0ms (cache hit)
43 http cache socks@https://registry.npmmirror.com/socks/-/socks-2.8.7.tgz 0ms (cache hit)
44 http cache telegram@https://registry.npmmirror.com/telegram/-/telegram-2.26.22.tgz 0ms (cache hit)
45 http cache smart-buffer@https://registry.npmmirror.com/smart-buffer/-/smart-buffer-4.2.0.tgz 0ms (cache hit)
46 http cache slide@https://registry.npmmirror.com/slide/-/slide-1.1.6.tgz 0ms (cache hit)
47 http cache side-channel-weakmap@https://registry.npmmirror.com/side-channel-weakmap/-/side-channel-weakmap-1.0.2.tgz 0ms (cache hit)
48 http cache side-channel-map@https://registry.npmmirror.com/side-channel-map/-/side-channel-map-1.0.1.tgz 0ms (cache hit)
49 http cache side-channel-list@https://registry.npmmirror.com/side-channel-list/-/side-channel-list-1.0.0.tgz 0ms (cache hit)
50 http cache setprototypeof@https://registry.npmmirror.com/setprototypeof/-/setprototypeof-1.2.0.tgz 0ms (cache hit)
51 http cache side-channel@https://registry.npmmirror.com/side-channel/-/side-channel-1.1.0.tgz 0ms (cache hit)
52 http cache serve-static@https://registry.npmmirror.com/serve-static/-/serve-static-1.16.3.tgz 0ms (cache hit)
53 http cache send@https://registry.npmmirror.com/send/-/send-0.19.2.tgz 0ms (cache hit)
54 http cache safer-buffer@https://registry.npmmirror.com/safer-buffer/-/safer-buffer-2.1.2.tgz 0ms (cache hit)
55 http cache sax@https://registry.npmmirror.com/sax/-/sax-1.5.0.tgz 0ms (cache hit)
56 http cache safe-buffer@https://registry.npmmirror.com/safe-buffer/-/safe-buffer-5.2.1.tgz 1ms (cache hit)
57 http cache rss-parser@https://registry.npmmirror.com/rss-parser/-/rss-parser-3.13.0.tgz 0ms (cache hit)
58 http cache rollup@https://registry.npmmirror.com/rollup/-/rollup-4.59.0.tgz 0ms (cache hit)
59 http cache real-cancellable-promise@https://registry.npmmirror.com/real-cancellable-promise/-/real-cancellable-promise-1.2.3.tgz 0ms (cache hit)
60 http cache raw-body@https://registry.npmmirror.com/raw-body/-/raw-body-2.5.3.tgz 0ms (cache hit)
61 http cache range-parser@https://registry.npmmirror.com/range-parser/-/range-parser-1.2.1.tgz 0ms (cache hit)
62 http cache qs@https://registry.npmmirror.com/qs/-/qs-6.14.2.tgz 0ms (cache hit)
63 http cache proxy-addr@https://registry.npmmirror.com/proxy-addr/-/proxy-addr-2.0.7.tgz 0ms (cache hit)
64 http cache promise-limit@https://registry.npmmirror.com/promise-limit/-/promise-limit-2.7.0.tgz 0ms (cache hit)
65 http cache postcss@https://registry.npmmirror.com/postcss/-/postcss-8.5.8.tgz 0ms (cache hit)
66 http cache picocolors@https://registry.npmmirror.com/picocolors/-/picocolors-1.1.1.tgz 0ms (cache hit)
67 http cache path-to-regexp@https://registry.npmmirror.com/path-to-regexp/-/path-to-regexp-0.1.12.tgz 0ms (cache hit)
68 http cache path-browserify@https://registry.npmmirror.com/path-browserify/-/path-browserify-1.0.1.tgz 0ms (cache hit)
69 http cache parseurl@https://registry.npmmirror.com/parseurl/-/parseurl-1.3.3.tgz 0ms (cache hit)
70 http cache pako@https://registry.npmmirror.com/pako/-/pako-2.1.0.tgz 0ms (cache hit)
71 http cache on-finished@https://registry.npmmirror.com/on-finished/-/on-finished-2.4.1.tgz 0ms (cache hit)
72 http cache node-localstorage@https://registry.npmmirror.com/node-localstorage/-/node-localstorage-2.2.1.tgz 0ms (cache hit)
73 http cache object-inspect@https://registry.npmmirror.com/object-inspect/-/object-inspect-1.13.4.tgz 0ms (cache hit)
74 http cache node-gyp-build@https://registry.npmmirror.com/node-gyp-build/-/node-gyp-build-4.8.4.tgz 0ms (cache hit)
75 http cache node-fetch@https://registry.npmmirror.com/node-fetch/-/node-fetch-3.3.2.tgz 0ms (cache hit)
76 http cache node-domexception@https://registry.npmmirror.com/node-domexception/-/node-domexception-1.0.0.tgz 1ms (cache hit)
77 http cache next-tick@https://registry.npmmirror.com/next-tick/-/next-tick-1.1.0.tgz 0ms (cache hit)
78 http cache nanoid@https://registry.npmmirror.com/nanoid/-/nanoid-3.3.11.tgz 0ms (cache hit)
79 http cache negotiator@https://registry.npmmirror.com/negotiator/-/negotiator-0.6.3.tgz 0ms (cache hit)
80 http cache ms@https://registry.npmmirror.com/ms/-/ms-2.0.0.tgz 0ms (cache hit)
81 http cache mime-types@https://registry.npmmirror.com/mime-types/-/mime-types-2.1.35.tgz 0ms (cache hit)
82 http cache mime-db@https://registry.npmmirror.com/mime-db/-/mime-db-1.52.0.tgz 0ms (cache hit)
83 http cache mime@https://registry.npmmirror.com/mime/-/mime-1.6.0.tgz 0ms (cache hit)
84 http cache methods@https://registry.npmmirror.com/methods/-/methods-1.1.2.tgz 0ms (cache hit)
85 http cache merge-descriptors@https://registry.npmmirror.com/merge-descriptors/-/merge-descriptors-1.0.3.tgz 0ms (cache hit)
86 http cache media-typer@https://registry.npmmirror.com/media-typer/-/media-typer-0.3.0.tgz 0ms (cache hit)
87 http cache math-intrinsics@https://registry.npmmirror.com/math-intrinsics/-/math-intrinsics-1.1.0.tgz 0ms (cache hit)
88 http cache lowdb@https://registry.npmmirror.com/lowdb/-/lowdb-7.0.1.tgz 0ms (cache hit)
89 http cache libsql@https://registry.npmmirror.com/libsql/-/libsql-0.5.22.tgz 0ms (cache hit)
90 http cache js-base64@https://registry.npmmirror.com/js-base64/-/js-base64-3.7.8.tgz 0ms (cache hit)
91 http cache is-typedarray@https://registry.npmmirror.com/is-typedarray/-/is-typedarray-1.0.0.tgz 0ms (cache hit)
92 http cache ipaddr.js@https://registry.npmmirror.com/ipaddr.js/-/ipaddr.js-1.9.1.tgz 0ms (cache hit)
93 http cache ip-address@https://registry.npmmirror.com/ip-address/-/ip-address-10.1.0.tgz 0ms (cache hit)
94 http cache inherits@https://registry.npmmirror.com/inherits/-/inherits-2.0.4.tgz 0ms (cache hit)
95 http cache imurmurhash@https://registry.npmmirror.com/imurmurhash/-/imurmurhash-0.1.4.tgz 0ms (cache hit)
96 http cache ieee754@https://registry.npmmirror.com/ieee754/-/ieee754-1.2.1.tgz 0ms (cache hit)
97 http cache iconv-lite@https://registry.npmmirror.com/iconv-lite/-/iconv-lite-0.4.24.tgz 0ms (cache hit)
98 http cache http-errors@https://registry.npmmirror.com/http-errors/-/http-errors-2.0.1.tgz 0ms (cache hit)
99 http cache htmlparser2@https://registry.npmmirror.com/htmlparser2/-/htmlparser2-6.1.0.tgz 0ms (cache hit)
100 http cache hasown@https://registry.npmmirror.com/hasown/-/hasown-2.0.2.tgz 0ms (cache hit)
101 http cache has-symbols@https://registry.npmmirror.com/has-symbols/-/has-symbols-1.1.0.tgz 0ms (cache hit)
102 http cache graceful-fs@https://registry.npmmirror.com/graceful-fs/-/graceful-fs-4.2.11.tgz 0ms (cache hit)
103 http cache gopd@https://registry.npmmirror.com/gopd/-/gopd-1.2.0.tgz 0ms (cache hit)
104 http cache get-intrinsic@https://registry.npmmirror.com/get-intrinsic/-/get-intrinsic-1.3.0.tgz 0ms (cache hit)
105 http cache function-bind@https://registry.npmmirror.com/function-bind/-/function-bind-1.1.2.tgz 0ms (cache hit)
106 http cache get-proto@https://registry.npmmirror.com/get-proto/-/get-proto-1.0.1.tgz 0ms (cache hit)
107 http cache fresh@https://registry.npmmirror.com/fresh/-/fresh-0.5.2.tgz 0ms (cache hit)
108 http cache forwarded@https://registry.npmmirror.com/forwarded/-/forwarded-0.2.0.tgz 0ms (cache hit)
109 http cache formdata-polyfill@https://registry.npmmirror.com/formdata-polyfill/-/formdata-polyfill-4.0.10.tgz 0ms (cache hit)
110 http cache finalhandler@https://registry.npmmirror.com/finalhandler/-/finalhandler-1.3.2.tgz 0ms (cache hit)
111 http cache fetch-blob@https://registry.npmmirror.com/fetch-blob/-/fetch-blob-3.2.0.tgz 0ms (cache hit)
112 http cache ext@https://registry.npmmirror.com/ext/-/ext-1.7.0.tgz 0ms (cache hit)
113 http cache express@https://registry.npmmirror.com/express/-/express-4.22.1.tgz 0ms (cache hit)
114 http cache event-emitter@https://registry.npmmirror.com/event-emitter/-/event-emitter-0.3.5.tgz 0ms (cache hit)
115 http cache etag@https://registry.npmmirror.com/etag/-/etag-1.8.1.tgz 0ms (cache hit)
116 http cache esniff@https://registry.npmmirror.com/esniff/-/esniff-2.0.1.tgz 0ms (cache hit)
117 http cache escape-html@https://registry.npmmirror.com/escape-html/-/escape-html-1.0.3.tgz 0ms (cache hit)
118 http cache esbuild@https://registry.npmmirror.com/esbuild/-/esbuild-0.21.5.tgz 0ms (cache hit)
119 http cache es6-symbol@https://registry.npmmirror.com/es6-symbol/-/es6-symbol-3.1.4.tgz 0ms (cache hit)
120 http cache es6-iterator@https://registry.npmmirror.com/es6-iterator/-/es6-iterator-2.0.3.tgz 0ms (cache hit)
121 http cache es5-ext@https://registry.npmmirror.com/es5-ext/-/es5-ext-0.10.64.tgz 0ms (cache hit)
122 http cache es-object-atoms@https://registry.npmmirror.com/es-object-atoms/-/es-object-atoms-1.1.1.tgz 0ms (cache hit)
123 http cache es-errors@https://registry.npmmirror.com/es-errors/-/es-errors-1.3.0.tgz 0ms (cache hit)
124 http cache encodeurl@https://registry.npmmirror.com/encodeurl/-/encodeurl-2.0.0.tgz 0ms (cache hit)
125 http cache entities@https://registry.npmmirror.com/entities/-/entities-2.2.0.tgz 0ms (cache hit)
126 http cache es-define-property@https://registry.npmmirror.com/es-define-property/-/es-define-property-1.0.1.tgz 0ms (cache hit)
127 http cache ee-first@https://registry.npmmirror.com/ee-first/-/ee-first-1.1.1.tgz 0ms (cache hit)
128 http cache dotenv@https://registry.npmmirror.com/dotenv/-/dotenv-16.6.1.tgz 0ms (cache hit)
129 http cache dunder-proto@https://registry.npmmirror.com/dunder-proto/-/dunder-proto-1.0.1.tgz 0ms (cache hit)
130 http cache domutils@https://registry.npmmirror.com/domutils/-/domutils-2.8.0.tgz 0ms (cache hit)
131 http cache domhandler@https://registry.npmmirror.com/domhandler/-/domhandler-4.3.1.tgz 0ms (cache hit)
132 http cache domelementtype@https://registry.npmmirror.com/domelementtype/-/domelementtype-2.3.0.tgz 0ms (cache hit)
133 http cache dom-serializer@https://registry.npmmirror.com/dom-serializer/-/dom-serializer-1.4.1.tgz 0ms (cache hit)
134 http cache depd@https://registry.npmmirror.com/depd/-/depd-2.0.0.tgz 0ms (cache hit)
135 http cache destroy@https://registry.npmmirror.com/destroy/-/destroy-1.2.0.tgz 0ms (cache hit)
136 http cache detect-libc@https://registry.npmmirror.com/detect-libc/-/detect-libc-2.0.2.tgz 0ms (cache hit)
137 http cache debug@https://registry.npmmirror.com/debug/-/debug-2.6.9.tgz 0ms (cache hit)
138 http cache data-uri-to-buffer@https://registry.npmmirror.com/data-uri-to-buffer/-/data-uri-to-buffer-4.0.1.tgz 1ms (cache hit)
139 http cache d@https://registry.npmmirror.com/d/-/d-1.0.2.tgz 0ms (cache hit)
140 http cache cross-fetch@https://registry.npmmirror.com/cross-fetch/-/cross-fetch-4.1.0.tgz 0ms (cache hit)
141 http cache cookie-signature@https://registry.npmmirror.com/cookie-signature/-/cookie-signature-1.0.7.tgz 0ms (cache hit)
142 http cache cookie@https://registry.npmmirror.com/cookie/-/cookie-0.7.2.tgz 0ms (cache hit)
143 http cache content-type@https://registry.npmmirror.com/content-type/-/content-type-1.0.5.tgz 0ms (cache hit)
144 http cache content-disposition@https://registry.npmmirror.com/content-disposition/-/content-disposition-0.5.4.tgz 0ms (cache hit)
145 http cache call-bound@https://registry.npmmirror.com/call-bound/-/call-bound-1.0.4.tgz 0ms (cache hit)
146 http cache bytes@https://registry.npmmirror.com/bytes/-/bytes-3.1.2.tgz 0ms (cache hit)
147 http cache bufferutil@https://registry.npmmirror.com/bufferutil/-/bufferutil-4.1.0.tgz 0ms (cache hit)
148 http cache call-bind-apply-helpers@https://registry.npmmirror.com/call-bind-apply-helpers/-/call-bind-apply-helpers-1.0.2.tgz 0ms (cache hit)
149 http cache buffer@https://registry.npmmirror.com/buffer/-/buffer-6.0.3.tgz 0ms (cache hit)
150 http cache body-parser@https://registry.npmmirror.com/body-parser/-/body-parser-1.20.4.tgz 0ms (cache hit)
151 http cache big-integer@https://registry.npmmirror.com/big-integer/-/big-integer-1.6.52.tgz 0ms (cache hit)
152 http cache async-mutex@https://registry.npmmirror.com/async-mutex/-/async-mutex-0.3.2.tgz 0ms (cache hit)
153 http cache base64-js@https://registry.npmmirror.com/base64-js/-/base64-js-1.5.1.tgz 0ms (cache hit)
154 http cache array-flatten@https://registry.npmmirror.com/array-flatten/-/array-flatten-1.1.1.tgz 0ms (cache hit)
155 http cache @types/ws@https://registry.npmmirror.com/@types/ws/-/ws-8.18.1.tgz 0ms (cache hit)
156 http cache accepts@https://registry.npmmirror.com/accepts/-/accepts-1.3.8.tgz 0ms (cache hit)
157 http cache @types/node@https://registry.npmmirror.com/@types/node/-/node-25.5.0.tgz 0ms (cache hit)
158 http cache @rollup/rollup-win32-x64-msvc@https://registry.npmmirror.com/@rollup/rollup-win32-x64-msvc/-/rollup-win32-x64-msvc-4.59.0.tgz 0ms (cache hit)
159 http cache @types/estree@https://registry.npmmirror.com/@types/estree/-/estree-1.0.8.tgz 0ms (cache hit)
160 http cache @rollup/rollup-win32-x64-gnu@https://registry.npmmirror.com/@rollup/rollup-win32-x64-gnu/-/rollup-win32-x64-gnu-4.59.0.tgz 0ms (cache hit)
161 http cache @neon-rs/load@https://registry.npmmirror.com/@neon-rs/load/-/load-0.0.4.tgz 0ms (cache hit)
162 http cache @libsql/win32-x64-msvc@https://registry.npmmirror.com/@libsql/win32-x64-msvc/-/win32-x64-msvc-0.5.22.tgz 0ms (cache hit)
163 http cache @libsql/isomorphic-ws@https://registry.npmmirror.com/@libsql/isomorphic-ws/-/isomorphic-ws-0.1.5.tgz 0ms (cache hit)
164 http cache @libsql/hrana-client@https://registry.npmmirror.com/@libsql/hrana-client/-/hrana-client-0.9.0.tgz 0ms (cache hit)
165 http cache @libsql/core@https://registry.npmmirror.com/@libsql/core/-/core-0.17.0.tgz 0ms (cache hit)
166 http cache @libsql/client@https://registry.npmmirror.com/@libsql/client/-/client-0.17.0.tgz 0ms (cache hit)
167 http cache @esbuild/win32-x64@https://registry.npmmirror.com/@esbuild/win32-x64/-/win32-x64-0.21.5.tgz 0ms (cache hit)
168 http cache @cryptography/aes@https://registry.npmmirror.com/@cryptography/aes/-/aes-0.1.1.tgz 0ms (cache hit)
169 http cache mime@https://registry.npmmirror.com/mime/-/mime-3.0.0.tgz 0ms (cache hit)
170 http cache ms@https://registry.npmmirror.com/ms/-/ms-2.1.3.tgz 0ms (cache hit)
171 http cache node-fetch@https://registry.npmmirror.com/node-fetch/-/node-fetch-2.7.0.tgz 0ms (cache hit)
172 warn deprecated yaeti@0.0.6: Package no longer supported. Contact Support at https://www.npmjs.com/support for more info.
173 http fetch POST 404 https://registry.npmmirror.com/-/npm/v1/security/advisories/bulk 1785ms
174 verbose audit error HttpErrorGeneral: 404 Not Found - POST https://registry.npmmirror.com/-/npm/v1/security/advisories/bulk - [NOT_IMPLEMENTED] /-/npm/v1/security/* not implemented yet
174 verbose audit error     at C:\Users\User\AppData\Roaming\npm\node_modules\npm\node_modules\npm-registry-fetch\lib\check-response.js:103:15
174 verbose audit error     at process.processTicksAndRejections (node:internal/process/task_queues:105:5)
174 verbose audit error     at async #getReport (C:\Users\User\AppData\Roaming\npm\node_modules\npm\node_modules\@npmcli\arborist\lib\audit-report.js:275:19)
174 verbose audit error     at async AuditReport.run (C:\Users\User\AppData\Roaming\npm\node_modules\npm\node_modules\@npmcli\arborist\lib\audit-report.js:100:19) {
174 verbose audit error   headers: [Object: null prototype] {
174 verbose audit error     server: [ 'Tengine' ],
174 verbose audit error     date: [ 'Sun, 05 Apr 2026 17:37:51 GMT' ],
174 verbose audit error     'content-type': [ 'application/json' ],
174 verbose audit error     'transfer-encoding': [ 'chunked' ],
174 verbose audit error     connection: [ 'keep-alive' ],
174 verbose audit error     'strict-transport-security': [ 'max-age=5184000' ],
174 verbose audit error     via: [ 'ens-cache2.gb9[,404666]' ],
174 verbose audit error     'timing-allow-origin': [ '*' ],
174 verbose audit error     eagleid: [ 'a3b5f39617754106717673776e' ],
174 verbose audit error     'x-fetch-attempts': [ '1' ]
174 verbose audit error   },
174 verbose audit error   statusCode: 404,
174 verbose audit error   code: 'E404',
174 verbose audit error   method: 'POST',
174 verbose audit error   uri: 'https://registry.npmmirror.com/-/npm/v1/security/advisories/bulk',
174 verbose audit error   body: {
174 verbose audit error     error: '[NOT_IMPLEMENTED] /-/npm/v1/security/* not implemented yet'
174 verbose audit error   },
174 verbose audit error   pkgid: undefined
174 verbose audit error }
175 silly audit error [object Object]
176 silly audit report null
177 warn deprecated node-domexception@1.0.0: Use your platform's native DOMException instead
178 info run bufferutil@4.1.0 install node_modules/bufferutil node-gyp-build
179 info run utf-8-validate@5.0.10 install node_modules/utf-8-validate node-gyp-build
180 info run bufferutil@4.1.0 install { code: 0, signal: null }
181 info run utf-8-validate@5.0.10 install { code: 0, signal: null }
182 info run es5-ext@0.10.64 postinstall node_modules/es5-ext  node -e "try{require('./_postinstall')}catch(e){}" || exit 0
183 info run esbuild@0.21.5 postinstall node_modules/esbuild node install.js
184 info run es5-ext@0.10.64 postinstall { code: 0, signal: null }
185 info run esbuild@0.21.5 postinstall { code: 0, signal: null }
186 silly ADD node_modules/yaeti
187 silly ADD node_modules/xmlbuilder
188 silly ADD node_modules/xml2js
189 silly ADD node_modules/ws
190 silly ADD node_modules/write-file-atomic
191 silly ADD node_modules/whatwg-url
192 silly ADD node_modules/websocket
193 silly ADD node_modules/webidl-conversions
194 silly ADD node_modules/web-streams-polyfill
195 silly ADD node_modules/vite
196 silly ADD node_modules/vary
197 silly ADD node_modules/utils-merge
198 silly ADD node_modules/utf-8-validate
199 silly ADD node_modules/unpipe
200 silly ADD node_modules/undici-types
201 silly ADD node_modules/typedarray-to-buffer
202 silly ADD node_modules/type-is
203 silly ADD node_modules/type
204 silly ADD node_modules/tslib
205 silly ADD node_modules/ts-custom-error
206 silly ADD node_modules/tr46
207 silly ADD node_modules/toidentifier
208 silly ADD node_modules/telegram
209 silly ADD node_modules/telegram/node_modules/mime
210 silly ADD node_modules/store2
211 silly ADD node_modules/steno
212 silly ADD node_modules/statuses
213 silly ADD node_modules/source-map-js
214 silly ADD node_modules/socks
215 silly ADD node_modules/smart-buffer
216 silly ADD node_modules/slide
217 silly ADD node_modules/side-channel-weakmap
218 silly ADD node_modules/side-channel-map
219 silly ADD node_modules/side-channel-list
220 silly ADD node_modules/side-channel
221 silly ADD node_modules/setprototypeof
222 silly ADD node_modules/serve-static
223 silly ADD node_modules/send
224 silly ADD node_modules/send/node_modules/ms
225 silly ADD node_modules/sax
226 silly ADD node_modules/safer-buffer
227 silly ADD node_modules/safe-buffer
228 silly ADD node_modules/rss-parser
229 silly ADD node_modules/rollup
230 silly ADD node_modules/real-cancellable-promise
231 silly ADD node_modules/raw-body
232 silly ADD node_modules/range-parser
233 silly ADD node_modules/qs
234 silly ADD node_modules/proxy-addr
235 silly ADD node_modules/promise-limit
236 silly ADD node_modules/postcss
237 silly ADD node_modules/picocolors
238 silly ADD node_modules/path-to-regexp
239 silly ADD node_modules/path-browserify
240 silly ADD node_modules/parseurl
241 silly ADD node_modules/pako
242 silly ADD node_modules/on-finished
243 silly ADD node_modules/object-inspect
244 silly ADD node_modules/node-localstorage
245 silly ADD node_modules/node-gyp-build
246 silly ADD node_modules/node-fetch
247 silly ADD node_modules/node-domexception
248 silly ADD node_modules/next-tick
249 silly ADD node_modules/negotiator
250 silly ADD node_modules/nanoid
251 silly ADD node_modules/ms
252 silly ADD node_modules/mime-types
253 silly ADD node_modules/mime-db
254 silly ADD node_modules/mime
255 silly ADD node_modules/methods
256 silly ADD node_modules/merge-descriptors
257 silly ADD node_modules/media-typer
258 silly ADD node_modules/math-intrinsics
259 silly ADD node_modules/lowdb
260 silly ADD node_modules/libsql
261 silly ADD node_modules/js-base64
262 silly ADD node_modules/is-typedarray
263 silly ADD node_modules/ipaddr.js
264 silly ADD node_modules/ip-address
265 silly ADD node_modules/inherits
266 silly ADD node_modules/imurmurhash
267 silly ADD node_modules/ieee754
268 silly ADD node_modules/iconv-lite
269 silly ADD node_modules/http-errors
270 silly ADD node_modules/htmlparser2
271 silly ADD node_modules/hasown
272 silly ADD node_modules/has-symbols
273 silly ADD node_modules/graceful-fs
274 silly ADD node_modules/gopd
275 silly ADD node_modules/get-proto
276 silly ADD node_modules/get-intrinsic
277 silly ADD node_modules/function-bind
278 silly ADD node_modules/fresh
279 silly ADD node_modules/forwarded
280 silly ADD node_modules/formdata-polyfill
281 silly ADD node_modules/finalhandler
282 silly ADD node_modules/fetch-blob
283 silly ADD node_modules/ext
284 silly ADD node_modules/express
285 silly ADD node_modules/event-emitter
286 silly ADD node_modules/etag
287 silly ADD node_modules/esniff
288 silly ADD node_modules/escape-html
289 silly ADD node_modules/esbuild
290 silly ADD node_modules/es6-symbol
291 silly ADD node_modules/es6-iterator
292 silly ADD node_modules/es5-ext
293 silly ADD node_modules/es-object-atoms
294 silly ADD node_modules/es-errors
295 silly ADD node_modules/es-define-property
296 silly ADD node_modules/entities
297 silly ADD node_modules/encodeurl
298 silly ADD node_modules/ee-first
299 silly ADD node_modules/dunder-proto
300 silly ADD node_modules/dotenv
301 silly ADD node_modules/domutils
302 silly ADD node_modules/domhandler
303 silly ADD node_modules/domelementtype
304 silly ADD node_modules/dom-serializer
305 silly ADD node_modules/detect-libc
306 silly ADD node_modules/destroy
307 silly ADD node_modules/depd
308 silly ADD node_modules/debug
309 silly ADD node_modules/data-uri-to-buffer
310 silly ADD node_modules/d
311 silly ADD node_modules/cross-fetch
312 silly ADD node_modules/cross-fetch/node_modules/node-fetch
313 silly ADD node_modules/cookie-signature
314 silly ADD node_modules/cookie
315 silly ADD node_modules/content-type
316 silly ADD node_modules/content-disposition
317 silly ADD node_modules/call-bound
318 silly ADD node_modules/call-bind-apply-helpers
319 silly ADD node_modules/bytes
320 silly ADD node_modules/bufferutil
321 silly ADD node_modules/buffer
322 silly ADD node_modules/body-parser
323 silly ADD node_modules/big-integer
324 silly ADD node_modules/base64-js
325 silly ADD node_modules/async-mutex
326 silly ADD node_modules/array-flatten
327 silly ADD node_modules/accepts
328 silly ADD node_modules/@types/ws
329 silly ADD node_modules/@types/node
330 silly ADD node_modules/@types/estree
331 silly ADD node_modules/@rollup/rollup-win32-x64-msvc
332 silly ADD node_modules/@rollup/rollup-win32-x64-gnu
333 silly ADD node_modules/@neon-rs/load
334 silly ADD node_modules/@libsql/win32-x64-msvc
335 silly ADD node_modules/@libsql/isomorphic-ws
336 silly ADD node_modules/@libsql/hrana-client
337 silly ADD node_modules/@libsql/core
338 silly ADD node_modules/@libsql/client
339 silly ADD node_modules/@esbuild/win32-x64
340 silly ADD node_modules/@cryptography/aes
341 verbose cwd H:\skywatchuaair\1.0
342 verbose os Windows_NT 10.0.19045
343 verbose node v22.11.0
344 verbose npm  v11.7.0
345 verbose exit 0
346 info ok
