0 verbose cli C:\Program Files\nodejs\node.exe C:\Users\User\AppData\Roaming\npm\node_modules\npm\bin\npm-cli.js
1 info using npm@11.7.0
2 info using node@v22.11.0
3 silly config load:file:C:\Users\User\AppData\Roaming\npm\node_modules\npm\npmrc
4 silly config load:file:H:\skywatchuaair\1.0\.npmrc
5 silly config load:file:C:\Users\User\.npmrc
6 silly config load:file:C:\Users\User\AppData\Roaming\npm\etc\npmrc
7 verbose title npm run build
8 verbose argv "run" "build"
9 verbose logfile logs-max:10 dir:H:\skywatchuaair\1.0\clean\_logs\2026-02-11T17_49_19_772Z-
10 verbose logfile H:\skywatchuaair\1.0\clean\_logs\2026-02-11T17_49_19_772Z-debug-0.log
11 silly logfile start cleaning logs, removing 3 files
12 silly logfile error removing log file H:\skywatchuaair\1.0\clean\_logs\2026-02-09T08_30_32_205Z-debug-0.log [Error: EPERM: operation not permitted, unlink 'H:\skywatchuaair\1.0\clean\_logs\2026-02-09T08_30_32_205Z-debug-0.log'] {
12 silly logfile   errno: -4048,
12 silly logfile   code: 'EPERM',
12 silly logfile   syscall: 'unlink',
12 silly logfile   path: 'H:\\skywatchuaair\\1.0\\clean\\_logs\\2026-02-09T08_30_32_205Z-debug-0.log'
12 silly logfile }
13 silly logfile error removing log file H:\skywatchuaair\1.0\clean\_logs\2026-02-09T08_34_25_275Z-debug-0.log [Error: EPERM: operation not permitted, unlink 'H:\skywatchuaair\1.0\clean\_logs\2026-02-09T08_34_25_275Z-debug-0.log'] {
13 silly logfile   errno: -4048,
13 silly logfile   code: 'EPERM',
13 silly logfile   syscall: 'unlink',
13 silly logfile   path: 'H:\\skywatchuaair\\1.0\\clean\\_logs\\2026-02-09T08_34_25_275Z-debug-0.log'
13 silly logfile }
14 silly logfile error removing log file H:\skywatchuaair\1.0\clean\_logs\2026-02-09T09_38_19_145Z-debug-0.log [Error: EPERM: operation not permitted, unlink 'H:\skywatchuaair\1.0\clean\_logs\2026-02-09T09_38_19_145Z-debug-0.log'] {
14 silly logfile   errno: -4048,
14 silly logfile   code: 'EPERM',
14 silly logfile   syscall: 'unlink',
14 silly logfile   path: 'H:\\skywatchuaair\\1.0\\clean\\_logs\\2026-02-09T09_38_19_145Z-debug-0.log'
14 silly logfile }
15 silly logfile done cleaning log files
16 verbose cwd H:\skywatchuaair\1.0
17 verbose os Windows_NT 10.0.19045
18 verbose node v22.11.0
19 verbose npm  v11.7.0
20 verbose exit 1
21 verbose code 1
