0 verbose cli C:\Program Files\nodejs\node.exe C:\Users\User\AppData\Roaming\npm\node_modules\npm\bin\npm-cli.js
1 info using npm@11.7.0
2 info using node@v22.11.0
3 silly config load:file:C:\Users\User\AppData\Roaming\npm\node_modules\npm\npmrc
4 silly config load:file:H:\skywatchuaair\1.0\.npmrc
5 silly config load:file:C:\Users\User\.npmrc
6 silly config load:file:C:\Users\User\AppData\Roaming\npm\etc\npmrc
7 verbose title npm install
8 verbose argv "install" "--package-lock-only"
9 verbose logfile logs-max:10 dir:H:\skywatchuaair\1.0\clean\_logs\2026-02-11T16_28_24_705Z-
10 verbose logfile H:\skywatchuaair\1.0\clean\_logs\2026-02-11T16_28_24_705Z-debug-0.log
11 silly logfile start cleaning logs, removing 2 files
12 silly packumentCache heap:4345298944 maxSize:1086324736 maxEntrySize:543162368
13 silly logfile error removing log file H:\skywatchuaair\1.0\clean\_logs\2026-02-09T08_30_32_205Z-debug-0.log [Error: EPERM: operation not permitted, unlink 'H:\skywatchuaair\1.0\clean\_logs\2026-02-09T08_30_32_205Z-debug-0.log'] {
13 silly logfile   errno: -4048,
13 silly logfile   code: 'EPERM',
13 silly logfile   syscall: 'unlink',
13 silly logfile   path: 'H:\\skywatchuaair\\1.0\\clean\\_logs\\2026-02-09T08_30_32_205Z-debug-0.log'
13 silly logfile }
14 silly idealTree buildDeps
15 silly fetch manifest lowdb@^7.0.1
16 silly packumentCache full:https://registry.npmjs.org/lowdb cache-miss
17 silly logfile error removing log file H:\skywatchuaair\1.0\clean\_logs\2026-02-09T08_34_25_275Z-debug-0.log [Error: EPERM: operation not permitted, unlink 'H:\skywatchuaair\1.0\clean\_logs\2026-02-09T08_34_25_275Z-debug-0.log'] {
17 silly logfile   errno: -4048,
17 silly logfile   code: 'EPERM',
17 silly logfile   syscall: 'unlink',
17 silly logfile   path: 'H:\\skywatchuaair\\1.0\\clean\\_logs\\2026-02-09T08_34_25_275Z-debug-0.log'
17 silly logfile }
18 silly logfile done cleaning log files
19 silly placeDep ROOT lowdb@ OK for: skywatch-ua@1.3.0 want: ^7.0.1
20 verbose stack Error: request to https://registry.npmjs.org/lowdb failed: cache mode is 'only-if-cached' but no cached response is available.
20 verbose stack     at cacheFetch (C:\Users\User\AppData\Roaming\npm\node_modules\npm\node_modules\make-fetch-happen\lib\cache\index.js:12:13)
20 verbose stack     at async fetch (C:\Users\User\AppData\Roaming\npm\node_modules\npm\node_modules\make-fetch-happen\lib\fetch.js:98:7)
20 verbose stack     at async RegistryFetcher.packument (C:\Users\User\AppData\Roaming\npm\node_modules\npm\node_modules\pacote\lib\registry.js:90:19)
20 verbose stack     at async RegistryFetcher.manifest (C:\Users\User\AppData\Roaming\npm\node_modules\npm\node_modules\pacote\lib\registry.js:128:23)
20 verbose stack     at async #fetchManifest (C:\Users\User\AppData\Roaming\npm\node_modules\npm\node_modules\@npmcli\arborist\lib\arborist\build-ideal-tree.js:1216:20)
20 verbose stack     at async #nodeFromEdge (C:\Users\User\AppData\Roaming\npm\node_modules\npm\node_modules\@npmcli\arborist\lib\arborist\build-ideal-tree.js:1054:19)
20 verbose stack     at async #buildDepStep (C:\Users\User\AppData\Roaming\npm\node_modules\npm\node_modules\@npmcli\arborist\lib\arborist\build-ideal-tree.js:918:11)
20 verbose stack     at async Arborist.buildIdealTree (C:\Users\User\AppData\Roaming\npm\node_modules\npm\node_modules\@npmcli\arborist\lib\arborist\build-ideal-tree.js:170:7)
20 verbose stack     at async Arborist.reify (C:\Users\User\AppData\Roaming\npm\node_modules\npm\node_modules\@npmcli\arborist\lib\arborist\reify.js:110:5)
20 verbose stack     at async Install.exec (C:\Users\User\AppData\Roaming\npm\node_modules\npm\lib\commands\install.js:150:5)
21 error code ENOTCACHED
22 error request to https://registry.npmjs.org/lowdb failed: cache mode is 'only-if-cached' but no cached response is available.
23 silly unfinished npm timer reify 1770827305794
24 silly unfinished npm timer reify:loadTrees 1770827305794
25 verbose cwd H:\skywatchuaair\1.0
26 verbose os Windows_NT 10.0.19045
27 verbose node v22.11.0
28 verbose npm  v11.7.0
29 verbose exit 1
30 verbose code 1
31 error A complete log of this run can be found in: H:\skywatchuaair\1.0\clean\_logs\2026-02-11T16_28_24_705Z-debug-0.log
