0 verbose cli C:\Program Files\nodejs\node.exe C:\Users\User\AppData\Roaming\npm\node_modules\npm\bin\npm-cli.js
1 info using npm@11.7.0
2 info using node@v22.11.0
3 silly config load:file:C:\Users\User\AppData\Roaming\npm\node_modules\npm\npmrc
4 silly config load:file:H:\skywatchuaair\1.0\.npmrc
5 silly config load:file:C:\Users\User\.npmrc
6 silly config load:file:C:\Users\User\AppData\Roaming\npm\etc\npmrc
7 verbose title npm install
8 verbose argv "install"
9 verbose logfile logs-max:10 dir:H:\skywatchuaair\1.0\clean\_logs\2026-02-10T18_46_58_142Z-
10 verbose logfile H:\skywatchuaair\1.0\clean\_logs\2026-02-10T18_46_58_142Z-debug-0.log
11 silly logfile start cleaning logs, removing 1 files
12 silly packumentCache heap:4345298944 maxSize:1086324736 maxEntrySize:543162368
13 silly logfile done cleaning log files
14 silly idealTree buildDeps
15 silly fetch manifest @libsql/client@^0.15.14
16 silly packumentCache full:https://registry.npmjs.org/@libsql%2fclient cache-miss
17 http fetch GET 200 https://registry.npmjs.org/@libsql%2fclient 3456ms (cache miss)
18 silly packumentCache full:https://registry.npmjs.org/@libsql%2fclient set size:undefined disposed:false
19 silly placeDep ROOT @libsql/client@0.15.15 OK for: skywatch-ua@1.3.0 want: ^0.15.14
20 silly fetch manifest libsql@^0.5.22
21 silly packumentCache full:https://registry.npmjs.org/libsql cache-miss
22 silly fetch manifest js-base64@^3.7.5
23 silly packumentCache full:https://registry.npmjs.org/js-base64 cache-miss
24 silly fetch manifest @libsql/core@^0.15.14
25 silly packumentCache full:https://registry.npmjs.org/@libsql%2fcore cache-miss
26 silly fetch manifest promise-limit@^2.7.0
27 silly packumentCache full:https://registry.npmjs.org/promise-limit cache-miss
28 silly fetch manifest @libsql/hrana-client@^0.7.0
29 silly packumentCache full:https://registry.npmjs.org/@libsql%2fhrana-client cache-miss
30 http fetch GET 200 https://registry.npmjs.org/libsql 112ms (cache miss)
31 silly packumentCache full:https://registry.npmjs.org/libsql set size:undefined disposed:false
32 http fetch GET 200 https://registry.npmjs.org/promise-limit 594ms (cache miss)
33 silly packumentCache full:https://registry.npmjs.org/promise-limit set size:undefined disposed:false
34 http fetch GET 200 https://registry.npmjs.org/js-base64 749ms (cache miss)
35 silly packumentCache full:https://registry.npmjs.org/js-base64 set size:undefined disposed:false
36 http fetch GET 200 https://registry.npmjs.org/@libsql%2fcore 1029ms (cache miss)
37 silly packumentCache full:https://registry.npmjs.org/@libsql%2fcore set size:undefined disposed:false
38 http fetch GET 200 https://registry.npmjs.org/@libsql%2fhrana-client 1685ms (cache miss)
39 silly packumentCache full:https://registry.npmjs.org/@libsql%2fhrana-client set size:undefined disposed:false
40 silly placeDep ROOT @libsql/core@0.15.15 OK for: @libsql/client@0.15.15 want: ^0.15.14
41 silly placeDep ROOT @libsql/hrana-client@0.7.0 OK for: @libsql/client@0.15.15 want: ^0.7.0
42 silly placeDep ROOT js-base64@3.7.8 OK for: @libsql/client@0.15.15 want: ^3.7.5
43 silly placeDep ROOT libsql@0.5.22 OK for: @libsql/client@0.15.15 want: ^0.5.22
44 silly placeDep ROOT promise-limit@2.7.0 OK for: @libsql/client@0.15.15 want: ^2.7.0
45 silly fetch manifest node-fetch@^3.3.2
46 silly packumentCache full:https://registry.npmjs.org/node-fetch cache-miss
47 silly fetch manifest @libsql/isomorphic-ws@^0.1.5
48 silly packumentCache full:https://registry.npmjs.org/@libsql%2fisomorphic-ws cache-miss
49 silly fetch manifest @libsql/isomorphic-fetch@^0.3.1
50 silly packumentCache full:https://registry.npmjs.org/@libsql%2fisomorphic-fetch cache-miss
51 silly fetch manifest detect-libc@2.0.2
52 silly packumentCache full:https://registry.npmjs.org/detect-libc cache-miss
53 silly fetch manifest @neon-rs/load@^0.0.4
54 silly packumentCache full:https://registry.npmjs.org/@neon-rs%2fload cache-miss
55 silly fetch manifest @libsql/darwin-x64@0.5.22
56 silly packumentCache full:https://registry.npmjs.org/@libsql%2fdarwin-x64 cache-miss
57 silly fetch manifest @libsql/darwin-arm64@0.5.22
58 silly packumentCache full:https://registry.npmjs.org/@libsql%2fdarwin-arm64 cache-miss
59 http fetch GET 200 https://registry.npmjs.org/node-fetch 97ms (cache miss)
60 silly packumentCache full:https://registry.npmjs.org/node-fetch set size:undefined disposed:false
61 silly fetch manifest @libsql/linux-x64-gnu@0.5.22
62 silly packumentCache full:https://registry.npmjs.org/@libsql%2flinux-x64-gnu cache-miss
63 http fetch GET 200 https://registry.npmjs.org/detect-libc 174ms (cache revalidated)
64 silly packumentCache full:https://registry.npmjs.org/detect-libc set size:47861 disposed:false
65 silly fetch manifest @libsql/linux-x64-musl@0.5.22
66 silly packumentCache full:https://registry.npmjs.org/@libsql%2flinux-x64-musl cache-miss
67 http fetch GET 200 https://registry.npmjs.org/@libsql%2fisomorphic-fetch 509ms (cache miss)
68 silly packumentCache full:https://registry.npmjs.org/@libsql%2fisomorphic-fetch set size:undefined disposed:false
69 silly fetch manifest @libsql/win32-x64-msvc@0.5.22
70 silly packumentCache full:https://registry.npmjs.org/@libsql%2fwin32-x64-msvc cache-miss
71 http fetch GET 200 https://registry.npmjs.org/@libsql%2flinux-x64-gnu 490ms (cache miss)
72 silly packumentCache full:https://registry.npmjs.org/@libsql%2flinux-x64-gnu set size:undefined disposed:false
73 silly fetch manifest @libsql/linux-arm64-gnu@0.5.22
74 silly packumentCache full:https://registry.npmjs.org/@libsql%2flinux-arm64-gnu cache-miss
75 http fetch GET 200 https://registry.npmjs.org/@libsql%2flinux-x64-musl 513ms (cache miss)
76 silly packumentCache full:https://registry.npmjs.org/@libsql%2flinux-x64-musl set size:undefined disposed:false
77 silly fetch manifest @libsql/linux-arm64-musl@0.5.22
78 silly packumentCache full:https://registry.npmjs.org/@libsql%2flinux-arm64-musl cache-miss
79 http fetch GET 200 https://registry.npmjs.org/@neon-rs%2fload 698ms (cache miss)
80 silly packumentCache full:https://registry.npmjs.org/@neon-rs%2fload set size:undefined disposed:false
81 silly fetch manifest @libsql/linux-arm-gnueabihf@0.5.22
82 silly packumentCache full:https://registry.npmjs.org/@libsql%2flinux-arm-gnueabihf cache-miss
83 http fetch GET 200 https://registry.npmjs.org/@libsql%2fisomorphic-ws 906ms (cache miss)
84 silly packumentCache full:https://registry.npmjs.org/@libsql%2fisomorphic-ws set size:undefined disposed:false
85 silly fetch manifest @libsql/linux-arm-musleabihf@0.5.22
86 silly packumentCache full:https://registry.npmjs.org/@libsql%2flinux-arm-musleabihf cache-miss
87 http fetch GET 200 https://registry.npmjs.org/@libsql%2fdarwin-x64 934ms (cache miss)
88 silly packumentCache full:https://registry.npmjs.org/@libsql%2fdarwin-x64 set size:undefined disposed:false
89 http fetch GET 200 https://registry.npmjs.org/@libsql%2fdarwin-arm64 981ms (cache miss)
90 silly packumentCache full:https://registry.npmjs.org/@libsql%2fdarwin-arm64 set size:undefined disposed:false
91 http fetch GET 200 https://registry.npmjs.org/@libsql%2fwin32-x64-msvc 489ms (cache miss)
92 silly packumentCache full:https://registry.npmjs.org/@libsql%2fwin32-x64-msvc set size:undefined disposed:false
93 http fetch GET 200 https://registry.npmjs.org/@libsql%2flinux-arm64-gnu 481ms (cache miss)
94 silly packumentCache full:https://registry.npmjs.org/@libsql%2flinux-arm64-gnu set size:undefined disposed:false
95 http fetch GET 200 https://registry.npmjs.org/@libsql%2flinux-arm-musleabihf 558ms (cache miss)
96 silly packumentCache full:https://registry.npmjs.org/@libsql%2flinux-arm-musleabihf set size:undefined disposed:false
97 http fetch GET 200 https://registry.npmjs.org/@libsql%2flinux-arm-gnueabihf 959ms (cache miss)
98 silly packumentCache full:https://registry.npmjs.org/@libsql%2flinux-arm-gnueabihf set size:undefined disposed:false
99 http fetch GET 200 https://registry.npmjs.org/@libsql%2flinux-arm64-musl 1386ms (cache miss)
100 silly packumentCache full:https://registry.npmjs.org/@libsql%2flinux-arm64-musl set size:undefined disposed:false
101 silly placeDep ROOT @libsql/isomorphic-fetch@0.3.1 OK for: @libsql/hrana-client@0.7.0 want: ^0.3.1
102 silly placeDep ROOT @libsql/isomorphic-ws@0.1.5 OK for: @libsql/hrana-client@0.7.0 want: ^0.1.5
103 silly placeDep ROOT node-fetch@3.3.2 OK for: @libsql/hrana-client@0.7.0 want: ^3.3.2
104 silly fetch manifest ws@^8.13.0
105 silly packumentCache full:https://registry.npmjs.org/ws cache-miss
106 silly fetch manifest @types/ws@^8.5.4
107 silly packumentCache full:https://registry.npmjs.org/@types%2fws cache-miss
108 silly fetch manifest data-uri-to-buffer@^4.0.0
109 silly packumentCache full:https://registry.npmjs.org/data-uri-to-buffer cache-miss
110 silly fetch manifest fetch-blob@^3.1.4
111 silly packumentCache full:https://registry.npmjs.org/fetch-blob cache-miss
112 silly fetch manifest formdata-polyfill@^4.0.10
113 silly packumentCache full:https://registry.npmjs.org/formdata-polyfill cache-miss
114 http fetch GET 200 https://registry.npmjs.org/data-uri-to-buffer 67ms (cache miss)
115 silly packumentCache full:https://registry.npmjs.org/data-uri-to-buffer set size:undefined disposed:false
116 http fetch GET 200 https://registry.npmjs.org/@types%2fws 81ms (cache miss)
117 silly packumentCache full:https://registry.npmjs.org/@types%2fws set size:undefined disposed:false
118 http fetch GET 200 https://registry.npmjs.org/ws 87ms (cache miss)
119 silly packumentCache full:https://registry.npmjs.org/ws set size:undefined disposed:false
120 http fetch GET 200 https://registry.npmjs.org/formdata-polyfill 94ms (cache miss)
121 silly packumentCache full:https://registry.npmjs.org/formdata-polyfill set size:undefined disposed:false
122 http fetch GET 200 https://registry.npmjs.org/fetch-blob 97ms (cache miss)
123 silly packumentCache full:https://registry.npmjs.org/fetch-blob set size:undefined disposed:false
124 silly fetch manifest bufferutil@^4.0.1
125 silly packumentCache full:https://registry.npmjs.org/bufferutil cache-miss
126 http fetch GET 200 https://registry.npmjs.org/bufferutil 78ms (cache revalidated)
127 silly packumentCache full:https://registry.npmjs.org/bufferutil set size:52763 disposed:false
128 silly fetch manifest utf-8-validate@>=5.0.2
129 silly packumentCache full:https://registry.npmjs.org/utf-8-validate cache-miss
130 http fetch GET 200 https://registry.npmjs.org/utf-8-validate 1821ms (cache revalidated)
131 silly packumentCache full:https://registry.npmjs.org/utf-8-validate set size:77148 disposed:false
132 silly placeDep ROOT @types/ws@8.18.1 OK for: @libsql/isomorphic-ws@0.1.5 want: ^8.5.4
133 silly placeDep ROOT ws@8.19.0 OK for: @libsql/isomorphic-ws@0.1.5 want: ^8.13.0
134 silly fetch manifest @types/node@*
135 silly packumentCache full:https://registry.npmjs.org/@types%2fnode cache-miss
136 http fetch GET 200 https://registry.npmjs.org/@types%2fnode 781ms (cache updated)
137 silly packumentCache full:https://registry.npmjs.org/@types%2fnode set size:undefined disposed:false
138 silly placeDep ROOT @types/node@25.2.3 OK for: @types/ws@8.18.1 want: *
139 silly fetch manifest undici-types@~7.16.0
140 silly packumentCache full:https://registry.npmjs.org/undici-types cache-miss
141 http fetch GET 200 https://registry.npmjs.org/undici-types 56ms (cache miss)
142 silly packumentCache full:https://registry.npmjs.org/undici-types set size:undefined disposed:false
143 silly placeDep ROOT undici-types@7.16.0 OK for: @types/node@25.2.3 want: ~7.16.0
144 silly placeDep ROOT @libsql/darwin-arm64@0.5.22 OK for: libsql@0.5.22 want: 0.5.22
145 silly placeDep ROOT @libsql/darwin-x64@0.5.22 OK for: libsql@0.5.22 want: 0.5.22
146 silly placeDep ROOT @libsql/linux-arm-gnueabihf@0.5.22 OK for: libsql@0.5.22 want: 0.5.22
147 silly placeDep ROOT @libsql/linux-arm-musleabihf@0.5.22 OK for: libsql@0.5.22 want: 0.5.22
148 silly placeDep ROOT @libsql/linux-arm64-gnu@0.5.22 OK for: libsql@0.5.22 want: 0.5.22
149 silly placeDep ROOT @libsql/linux-arm64-musl@0.5.22 OK for: libsql@0.5.22 want: 0.5.22
150 silly placeDep ROOT @libsql/linux-x64-gnu@0.5.22 OK for: libsql@0.5.22 want: 0.5.22
151 silly placeDep ROOT @libsql/linux-x64-musl@0.5.22 OK for: libsql@0.5.22 want: 0.5.22
152 silly placeDep ROOT @libsql/win32-x64-msvc@0.5.22 OK for: libsql@0.5.22 want: 0.5.22
153 silly placeDep ROOT @neon-rs/load@0.0.4 OK for: libsql@0.5.22 want: ^0.0.4
154 silly placeDep ROOT detect-libc@2.0.2 OK for: libsql@0.5.22 want: 2.0.2
155 silly placeDep ROOT data-uri-to-buffer@4.0.1 OK for: node-fetch@3.3.2 want: ^4.0.0
156 silly placeDep ROOT fetch-blob@3.2.0 OK for: node-fetch@3.3.2 want: ^3.1.4
157 silly placeDep ROOT formdata-polyfill@4.0.10 OK for: node-fetch@3.3.2 want: ^4.0.10
158 silly fetch manifest node-domexception@^1.0.0
159 silly packumentCache full:https://registry.npmjs.org/node-domexception cache-miss
160 silly fetch manifest web-streams-polyfill@^3.0.3
161 silly packumentCache full:https://registry.npmjs.org/web-streams-polyfill cache-miss
162 http fetch GET 200 https://registry.npmjs.org/node-domexception 56ms (cache miss)
163 silly packumentCache full:https://registry.npmjs.org/node-domexception set size:undefined disposed:false
164 http fetch GET 200 https://registry.npmjs.org/web-streams-polyfill 57ms (cache miss)
165 silly packumentCache full:https://registry.npmjs.org/web-streams-polyfill set size:undefined disposed:false
166 silly placeDep ROOT node-domexception@1.0.0 OK for: fetch-blob@3.2.0 want: ^1.0.0
167 silly placeDep ROOT web-streams-polyfill@3.3.3 OK for: fetch-blob@3.2.0 want: ^3.0.3
168 silly reify moves {}
169 silly audit bulk request {
169 silly audit   '@cryptography/aes': [ '0.1.1' ],
169 silly audit   '@esbuild/aix-ppc64': [ '0.21.5' ],
169 silly audit   '@esbuild/android-arm': [ '0.21.5' ],
169 silly audit   '@esbuild/android-arm64': [ '0.21.5' ],
169 silly audit   '@esbuild/android-x64': [ '0.21.5' ],
169 silly audit   '@esbuild/darwin-arm64': [ '0.21.5' ],
169 silly audit   '@esbuild/darwin-x64': [ '0.21.5' ],
169 silly audit   '@esbuild/freebsd-arm64': [ '0.21.5' ],
169 silly audit   '@esbuild/freebsd-x64': [ '0.21.5' ],
169 silly audit   '@esbuild/linux-arm': [ '0.21.5' ],
169 silly audit   '@esbuild/linux-arm64': [ '0.21.5' ],
169 silly audit   '@esbuild/linux-ia32': [ '0.21.5' ],
169 silly audit   '@esbuild/linux-loong64': [ '0.21.5' ],
169 silly audit   '@esbuild/linux-mips64el': [ '0.21.5' ],
169 silly audit   '@esbuild/linux-ppc64': [ '0.21.5' ],
169 silly audit   '@esbuild/linux-riscv64': [ '0.21.5' ],
169 silly audit   '@esbuild/linux-s390x': [ '0.21.5' ],
169 silly audit   '@esbuild/linux-x64': [ '0.21.5' ],
169 silly audit   '@esbuild/netbsd-x64': [ '0.21.5' ],
169 silly audit   '@esbuild/openbsd-x64': [ '0.21.5' ],
169 silly audit   '@esbuild/sunos-x64': [ '0.21.5' ],
169 silly audit   '@esbuild/win32-arm64': [ '0.21.5' ],
169 silly audit   '@esbuild/win32-ia32': [ '0.21.5' ],
169 silly audit   '@esbuild/win32-x64': [ '0.21.5' ],
169 silly audit   '@rollup/rollup-android-arm-eabi': [ '4.57.1' ],
169 silly audit   '@rollup/rollup-android-arm64': [ '4.57.1' ],
169 silly audit   '@rollup/rollup-darwin-arm64': [ '4.57.1' ],
169 silly audit   '@rollup/rollup-darwin-x64': [ '4.57.1' ],
169 silly audit   '@rollup/rollup-freebsd-arm64': [ '4.57.1' ],
169 silly audit   '@rollup/rollup-freebsd-x64': [ '4.57.1' ],
169 silly audit   '@rollup/rollup-linux-arm-gnueabihf': [ '4.57.1' ],
169 silly audit   '@rollup/rollup-linux-arm-musleabihf': [ '4.57.1' ],
169 silly audit   '@rollup/rollup-linux-arm64-gnu': [ '4.57.1' ],
169 silly audit   '@rollup/rollup-linux-arm64-musl': [ '4.57.1' ],
169 silly audit   '@rollup/rollup-linux-loong64-gnu': [ '4.57.1' ],
169 silly audit   '@rollup/rollup-linux-loong64-musl': [ '4.57.1' ],
169 silly audit   '@rollup/rollup-linux-ppc64-gnu': [ '4.57.1' ],
169 silly audit   '@rollup/rollup-linux-ppc64-musl': [ '4.57.1' ],
169 silly audit   '@rollup/rollup-linux-riscv64-gnu': [ '4.57.1' ],
169 silly audit   '@rollup/rollup-linux-riscv64-musl': [ '4.57.1' ],
169 silly audit   '@rollup/rollup-linux-s390x-gnu': [ '4.57.1' ],
169 silly audit   '@rollup/rollup-linux-x64-gnu': [ '4.57.1' ],
169 silly audit   '@rollup/rollup-linux-x64-musl': [ '4.57.1' ],
169 silly audit   '@rollup/rollup-openbsd-x64': [ '4.57.1' ],
169 silly audit   '@rollup/rollup-openharmony-arm64': [ '4.57.1' ],
169 silly audit   '@rollup/rollup-win32-arm64-msvc': [ '4.57.1' ],
169 silly audit   '@rollup/rollup-win32-ia32-msvc': [ '4.57.1' ],
169 silly audit   '@rollup/rollup-win32-x64-gnu': [ '4.57.1' ],
169 silly audit   '@rollup/rollup-win32-x64-msvc': [ '4.57.1' ],
169 silly audit   '@types/estree': [ '1.0.8' ],
169 silly audit   accepts: [ '1.3.8' ],
169 silly audit   'array-flatten': [ '1.1.1' ],
169 silly audit   'async-mutex': [ '0.3.2' ],
169 silly audit   'base64-js': [ '1.5.1' ],
169 silly audit   'big-integer': [ '1.6.52' ],
169 silly audit   'body-parser': [ '1.20.4' ],
169 silly audit   buffer: [ '6.0.3' ],
169 silly audit   bufferutil: [ '4.1.0' ],
169 silly audit   bytes: [ '3.1.2' ],
169 silly audit   'call-bind-apply-helpers': [ '1.0.2' ],
169 silly audit   'call-bound': [ '1.0.4' ],
169 silly audit   'content-disposition': [ '0.5.4' ],
169 silly audit   'content-type': [ '1.0.5' ],
169 silly audit   cookie: [ '0.7.2' ],
169 silly audit   'cookie-signature': [ '1.0.7' ],
169 silly audit   d: [ '1.0.2' ],
169 silly audit   debug: [ '2.6.9' ],
169 silly audit   depd: [ '2.0.0' ],
169 silly audit   destroy: [ '1.2.0' ],
169 silly audit   'dom-serializer': [ '1.4.1' ],
169 silly audit   domelementtype: [ '2.3.0' ],
169 silly audit   domhandler: [ '4.3.1' ],
169 silly audit   domutils: [ '2.8.0' ],
169 silly audit   dotenv: [ '16.6.1' ],
169 silly audit   'dunder-proto': [ '1.0.1' ],
169 silly audit   'ee-first': [ '1.1.1' ],
169 silly audit   encodeurl: [ '2.0.0' ],
169 silly audit   entities: [ '2.2.0' ],
169 silly audit   'es-define-property': [ '1.0.1' ],
169 silly audit   'es-errors': [ '1.3.0' ],
169 silly audit   'es-object-atoms': [ '1.1.1' ],
169 silly audit   'es5-ext': [ '0.10.64' ],
169 silly audit   'es6-iterator': [ '2.0.3' ],
169 silly audit   'es6-symbol': [ '3.1.4' ],
169 silly audit   esbuild: [ '0.21.5' ],
169 silly audit   'escape-html': [ '1.0.3' ],
169 silly audit   esniff: [ '2.0.1' ],
169 silly audit   etag: [ '1.8.1' ],
169 silly audit   'event-emitter': [ '0.3.5' ],
169 silly audit   express: [ '4.22.1' ],
169 silly audit   ext: [ '1.7.0' ],
169 silly audit   finalhandler: [ '1.3.2' ],
169 silly audit   forwarded: [ '0.2.0' ],
169 silly audit   fresh: [ '0.5.2' ],
169 silly audit   fsevents: [ '2.3.3' ],
169 silly audit   'function-bind': [ '1.1.2' ],
169 silly audit   'get-intrinsic': [ '1.3.0' ],
169 silly audit   'get-proto': [ '1.0.1' ],
169 silly audit   gopd: [ '1.2.0' ],
169 silly audit   'graceful-fs': [ '4.2.11' ],
169 silly audit   'has-symbols': [ '1.1.0' ],
169 silly audit   hasown: [ '2.0.2' ],
169 silly audit   htmlparser2: [ '6.1.0' ],
169 silly audit   'http-errors': [ '2.0.1' ],
169 silly audit   'iconv-lite': [ '0.4.24' ],
169 silly audit   ieee754: [ '1.2.1' ],
169 silly audit   imurmurhash: [ '0.1.4' ],
169 silly audit   inherits: [ '2.0.4' ],
169 silly audit   'ip-address': [ '10.1.0' ],
169 silly audit   'ipaddr.js': [ '1.9.1' ],
169 silly audit   'is-typedarray': [ '1.0.0' ],
169 silly audit   'math-intrinsics': [ '1.1.0' ],
169 silly audit   'media-typer': [ '0.3.0' ],
169 silly audit   'merge-descriptors': [ '1.0.3' ],
169 silly audit   methods: [ '1.1.2' ],
169 silly audit   mime: [ '1.6.0', '3.0.0' ],
169 silly audit   'mime-db': [ '1.52.0' ],
169 silly audit   'mime-types': [ '2.1.35' ],
169 silly audit   ms: [ '2.0.0', '2.1.3' ],
169 silly audit   nanoid: [ '3.3.11' ],
169 silly audit   negotiator: [ '0.6.3' ],
169 silly audit   'next-tick': [ '1.1.0' ],
169 silly audit   'node-gyp-build': [ '4.8.4' ],
169 silly audit   'node-localstorage': [ '2.2.1' ],
169 silly audit   'object-inspect': [ '1.13.4' ],
169 silly audit   'on-finished': [ '2.4.1' ],
169 silly audit   pako: [ '2.1.0' ],
169 silly audit   parseurl: [ '1.3.3' ],
169 silly audit   'path-browserify': [ '1.0.1' ],
169 silly audit   'path-to-regexp': [ '0.1.12' ],
169 silly audit   picocolors: [ '1.1.1' ],
169 silly audit   postcss: [ '8.5.6' ],
169 silly audit   'proxy-addr': [ '2.0.7' ],
169 silly audit   qs: [ '6.14.1' ],
169 silly audit   'range-parser': [ '1.2.1' ],
169 silly audit   'raw-body': [ '2.5.3' ],
169 silly audit   'real-cancellable-promise': [ '1.2.3' ],
169 silly audit   rollup: [ '4.57.1' ],
169 silly audit   'rss-parser': [ '3.13.0' ],
169 silly audit   'safe-buffer': [ '5.2.1' ],
169 silly audit   'safer-buffer': [ '2.1.2' ],
169 silly audit   sax: [ '1.4.4' ],
169 silly audit   send: [ '0.19.2' ],
169 silly audit   'serve-static': [ '1.16.3' ],
169 silly audit   setprototypeof: [ '1.2.0' ],
169 silly audit   'side-channel': [ '1.1.0' ],
169 silly audit   'side-channel-list': [ '1.0.0' ],
169 silly audit   'side-channel-map': [ '1.0.1' ],
169 silly audit   'side-channel-weakmap': [ '1.0.2' ],
169 silly audit   slide: [ '1.1.6' ],
169 silly audit   'smart-buffer': [ '4.2.0' ],
169 silly audit   socks: [ '2.8.7' ],
169 silly audit   'source-map-js': [ '1.2.1' ],
169 silly audit   statuses: [ '2.0.2' ],
169 silly audit   store2: [ '2.14.4' ],
169 silly audit   telegram: [ '2.26.22' ],
169 silly audit   toidentifier: [ '1.0.1' ],
169 silly audit   'ts-custom-error': [ '3.3.1' ],
169 silly audit   tslib: [ '2.8.1' ],
169 silly audit   type: [ '2.7.3' ],
169 silly audit   'type-is': [ '1.6.18' ],
169 silly audit   'typedarray-to-buffer': [ '3.1.5' ],
169 silly audit   unpipe: [ '1.0.0' ],
169 silly audit   'utf-8-validate': [ '5.0.10' ],
169 silly audit   'utils-merge': [ '1.0.1' ],
169 silly audit   vary: [ '1.1.2' ],
169 silly audit   vite: [ '5.4.21' ],
169 silly audit   websocket: [ '1.0.35' ],
169 silly audit   'write-file-atomic': [ '1.3.4' ],
169 silly audit   xml2js: [ '0.5.0' ],
169 silly audit   xmlbuilder: [ '11.0.1' ],
169 silly audit   yaeti: [ '0.0.6' ],
169 silly audit   '@libsql/client': [ '0.15.15' ],
169 silly audit   '@libsql/core': [ '0.15.15' ],
169 silly audit   '@libsql/hrana-client': [ '0.7.0' ],
169 silly audit   'js-base64': [ '3.7.8' ],
169 silly audit   libsql: [ '0.5.22' ],
169 silly audit   'promise-limit': [ '2.7.0' ],
169 silly audit   '@libsql/isomorphic-fetch': [ '0.3.1' ],
169 silly audit   '@libsql/isomorphic-ws': [ '0.1.5' ],
169 silly audit   'node-fetch': [ '3.3.2' ],
169 silly audit   '@types/ws': [ '8.18.1' ],
169 silly audit   ws: [ '8.19.0' ],
169 silly audit   '@types/node': [ '25.2.3' ],
169 silly audit   'undici-types': [ '7.16.0' ],
169 silly audit   '@libsql/darwin-arm64': [ '0.5.22' ],
169 silly audit   '@libsql/darwin-x64': [ '0.5.22' ],
169 silly audit   '@libsql/linux-arm-gnueabihf': [ '0.5.22' ],
169 silly audit   '@libsql/linux-arm-musleabihf': [ '0.5.22' ],
169 silly audit   '@libsql/linux-arm64-gnu': [ '0.5.22' ],
169 silly audit   '@libsql/linux-arm64-musl': [ '0.5.22' ],
169 silly audit   '@libsql/linux-x64-gnu': [ '0.5.22' ],
169 silly audit   '@libsql/linux-x64-musl': [ '0.5.22' ],
169 silly audit   '@libsql/win32-x64-msvc': [ '0.5.22' ],
169 silly audit   '@neon-rs/load': [ '0.0.4' ],
169 silly audit   'detect-libc': [ '2.0.2' ],
169 silly audit   'data-uri-to-buffer': [ '4.0.1' ],
169 silly audit   'fetch-blob': [ '3.2.0' ],
169 silly audit   'formdata-polyfill': [ '4.0.10' ],
169 silly audit   'node-domexception': [ '1.0.0' ],
169 silly audit   'web-streams-polyfill': [ '3.3.3' ]
169 silly audit }
170 http cache node-domexception@https://registry.npmjs.org/node-domexception/-/node-domexception-1.0.0.tgz 0ms (cache hit)
171 http cache formdata-polyfill@https://registry.npmjs.org/formdata-polyfill/-/formdata-polyfill-4.0.10.tgz 0ms (cache hit)
172 http cache web-streams-polyfill@https://registry.npmjs.org/web-streams-polyfill/-/web-streams-polyfill-3.3.3.tgz 0ms (cache hit)
173 http cache fetch-blob@https://registry.npmjs.org/fetch-blob/-/fetch-blob-3.2.0.tgz 0ms (cache hit)
174 http cache data-uri-to-buffer@https://registry.npmjs.org/data-uri-to-buffer/-/data-uri-to-buffer-4.0.1.tgz 0ms (cache hit)
175 http cache detect-libc@https://registry.npmjs.org/detect-libc/-/detect-libc-2.0.2.tgz 0ms (cache hit)
176 http cache @neon-rs/load@https://registry.npmjs.org/@neon-rs/load/-/load-0.0.4.tgz 0ms (cache hit)
177 http cache @libsql/win32-x64-msvc@https://registry.npmjs.org/@libsql/win32-x64-msvc/-/win32-x64-msvc-0.5.22.tgz 0ms (cache hit)
178 http cache @types/node@https://registry.npmjs.org/@types/node/-/node-25.2.3.tgz 0ms (cache hit)
179 http cache undici-types@https://registry.npmjs.org/undici-types/-/undici-types-7.16.0.tgz 0ms (cache hit)
180 http cache ws@https://registry.npmjs.org/ws/-/ws-8.19.0.tgz 0ms (cache hit)
181 http cache @types/ws@https://registry.npmjs.org/@types/ws/-/ws-8.18.1.tgz 0ms (cache hit)
182 http cache node-fetch@https://registry.npmjs.org/node-fetch/-/node-fetch-3.3.2.tgz 0ms (cache hit)
183 http cache @libsql/isomorphic-ws@https://registry.npmjs.org/@libsql/isomorphic-ws/-/isomorphic-ws-0.1.5.tgz 0ms (cache hit)
184 http cache @libsql/isomorphic-fetch@https://registry.npmjs.org/@libsql/isomorphic-fetch/-/isomorphic-fetch-0.3.1.tgz 0ms (cache hit)
185 http cache promise-limit@https://registry.npmjs.org/promise-limit/-/promise-limit-2.7.0.tgz 0ms (cache hit)
186 http cache libsql@https://registry.npmjs.org/libsql/-/libsql-0.5.22.tgz 0ms (cache hit)
187 http cache js-base64@https://registry.npmjs.org/js-base64/-/js-base64-3.7.8.tgz 0ms (cache hit)
188 http cache @libsql/client@https://registry.npmjs.org/@libsql/client/-/client-0.15.15.tgz 0ms (cache hit)
189 http cache @libsql/core@https://registry.npmjs.org/@libsql/core/-/core-0.15.15.tgz 0ms (cache hit)
190 http cache @libsql/hrana-client@https://registry.npmjs.org/@libsql/hrana-client/-/hrana-client-0.7.0.tgz 0ms (cache hit)
191 http cache yaeti@https://registry.npmjs.org/yaeti/-/yaeti-0.0.6.tgz 0ms (cache hit)
192 http cache xmlbuilder@https://registry.npmjs.org/xmlbuilder/-/xmlbuilder-11.0.1.tgz 0ms (cache hit)
193 http cache write-file-atomic@https://registry.npmjs.org/write-file-atomic/-/write-file-atomic-1.3.4.tgz 0ms (cache hit)
194 http cache xml2js@https://registry.npmjs.org/xml2js/-/xml2js-0.5.0.tgz 0ms (cache hit)
195 http cache websocket@https://registry.npmjs.org/websocket/-/websocket-1.0.35.tgz 0ms (cache hit)
196 http cache vite@https://registry.npmjs.org/vite/-/vite-5.4.21.tgz 0ms (cache hit)
197 http cache utf-8-validate@https://registry.npmjs.org/utf-8-validate/-/utf-8-validate-5.0.10.tgz 0ms (cache hit)
198 http cache unpipe@https://registry.npmjs.org/unpipe/-/unpipe-1.0.0.tgz 0ms (cache hit)
199 http cache vary@https://registry.npmjs.org/vary/-/vary-1.1.2.tgz 0ms (cache hit)
200 http cache utils-merge@https://registry.npmjs.org/utils-merge/-/utils-merge-1.0.1.tgz 0ms (cache hit)
201 http cache type-is@https://registry.npmjs.org/type-is/-/type-is-1.6.18.tgz 0ms (cache hit)
202 http cache typedarray-to-buffer@https://registry.npmjs.org/typedarray-to-buffer/-/typedarray-to-buffer-3.1.5.tgz 0ms (cache hit)
203 http cache type@https://registry.npmjs.org/type/-/type-2.7.3.tgz 0ms (cache hit)
204 http cache tslib@https://registry.npmjs.org/tslib/-/tslib-2.8.1.tgz 0ms (cache hit)
205 http cache ts-custom-error@https://registry.npmjs.org/ts-custom-error/-/ts-custom-error-3.3.1.tgz 0ms (cache hit)
206 http cache toidentifier@https://registry.npmjs.org/toidentifier/-/toidentifier-1.0.1.tgz 0ms (cache hit)
207 http cache telegram@https://registry.npmjs.org/telegram/-/telegram-2.26.22.tgz 0ms (cache hit)
208 http cache statuses@https://registry.npmjs.org/statuses/-/statuses-2.0.2.tgz 0ms (cache hit)
209 http cache source-map-js@https://registry.npmjs.org/source-map-js/-/source-map-js-1.2.1.tgz 0ms (cache hit)
210 http cache store2@https://registry.npmjs.org/store2/-/store2-2.14.4.tgz 0ms (cache hit)
211 http cache socks@https://registry.npmjs.org/socks/-/socks-2.8.7.tgz 0ms (cache hit)
212 http cache smart-buffer@https://registry.npmjs.org/smart-buffer/-/smart-buffer-4.2.0.tgz 0ms (cache hit)
213 http cache slide@https://registry.npmjs.org/slide/-/slide-1.1.6.tgz 0ms (cache hit)
214 http cache side-channel-map@https://registry.npmjs.org/side-channel-map/-/side-channel-map-1.0.1.tgz 1ms (cache hit)
215 http cache side-channel-weakmap@https://registry.npmjs.org/side-channel-weakmap/-/side-channel-weakmap-1.0.2.tgz 0ms (cache hit)
216 http cache side-channel-list@https://registry.npmjs.org/side-channel-list/-/side-channel-list-1.0.0.tgz 0ms (cache hit)
217 http cache side-channel@https://registry.npmjs.org/side-channel/-/side-channel-1.1.0.tgz 0ms (cache hit)
218 http cache setprototypeof@https://registry.npmjs.org/setprototypeof/-/setprototypeof-1.2.0.tgz 0ms (cache hit)
219 http cache sax@https://registry.npmjs.org/sax/-/sax-1.4.4.tgz 0ms (cache hit)
220 http cache safer-buffer@https://registry.npmjs.org/safer-buffer/-/safer-buffer-2.1.2.tgz 0ms (cache hit)
221 http cache serve-static@https://registry.npmjs.org/serve-static/-/serve-static-1.16.3.tgz 0ms (cache hit)
222 http cache safe-buffer@https://registry.npmjs.org/safe-buffer/-/safe-buffer-5.2.1.tgz 0ms (cache hit)
223 http cache send@https://registry.npmjs.org/send/-/send-0.19.2.tgz 0ms (cache hit)
224 http cache rss-parser@https://registry.npmjs.org/rss-parser/-/rss-parser-3.13.0.tgz 0ms (cache hit)
225 http cache raw-body@https://registry.npmjs.org/raw-body/-/raw-body-2.5.3.tgz 0ms (cache hit)
226 http cache rollup@https://registry.npmjs.org/rollup/-/rollup-4.57.1.tgz 0ms (cache hit)
227 http cache real-cancellable-promise@https://registry.npmjs.org/real-cancellable-promise/-/real-cancellable-promise-1.2.3.tgz 0ms (cache hit)
228 http cache proxy-addr@https://registry.npmjs.org/proxy-addr/-/proxy-addr-2.0.7.tgz 0ms (cache hit)
229 http cache range-parser@https://registry.npmjs.org/range-parser/-/range-parser-1.2.1.tgz 0ms (cache hit)
230 http cache qs@https://registry.npmjs.org/qs/-/qs-6.14.1.tgz 0ms (cache hit)
231 http cache postcss@https://registry.npmjs.org/postcss/-/postcss-8.5.6.tgz 0ms (cache hit)
232 http cache picocolors@https://registry.npmjs.org/picocolors/-/picocolors-1.1.1.tgz 0ms (cache hit)
233 http cache path-to-regexp@https://registry.npmjs.org/path-to-regexp/-/path-to-regexp-0.1.12.tgz 0ms (cache hit)
234 http cache parseurl@https://registry.npmjs.org/parseurl/-/parseurl-1.3.3.tgz 0ms (cache hit)
235 http cache path-browserify@https://registry.npmjs.org/path-browserify/-/path-browserify-1.0.1.tgz 0ms (cache hit)
236 http cache pako@https://registry.npmjs.org/pako/-/pako-2.1.0.tgz 0ms (cache hit)
237 http cache on-finished@https://registry.npmjs.org/on-finished/-/on-finished-2.4.1.tgz 0ms (cache hit)
238 http cache object-inspect@https://registry.npmjs.org/object-inspect/-/object-inspect-1.13.4.tgz 0ms (cache hit)
239 http cache node-gyp-build@https://registry.npmjs.org/node-gyp-build/-/node-gyp-build-4.8.4.tgz 0ms (cache hit)
240 http cache next-tick@https://registry.npmjs.org/next-tick/-/next-tick-1.1.0.tgz 0ms (cache hit)
241 http cache node-localstorage@https://registry.npmjs.org/node-localstorage/-/node-localstorage-2.2.1.tgz 0ms (cache hit)
242 http cache negotiator@https://registry.npmjs.org/negotiator/-/negotiator-0.6.3.tgz 0ms (cache hit)
243 http cache nanoid@https://registry.npmjs.org/nanoid/-/nanoid-3.3.11.tgz 0ms (cache hit)
244 http cache ms@https://registry.npmjs.org/ms/-/ms-2.0.0.tgz 0ms (cache hit)
245 http cache mime-types@https://registry.npmjs.org/mime-types/-/mime-types-2.1.35.tgz 0ms (cache hit)
246 http cache mime-db@https://registry.npmjs.org/mime-db/-/mime-db-1.52.0.tgz 0ms (cache hit)
247 http cache mime@https://registry.npmjs.org/mime/-/mime-1.6.0.tgz 0ms (cache hit)
248 http cache methods@https://registry.npmjs.org/methods/-/methods-1.1.2.tgz 0ms (cache hit)
249 http cache media-typer@https://registry.npmjs.org/media-typer/-/media-typer-0.3.0.tgz 0ms (cache hit)
250 http cache math-intrinsics@https://registry.npmjs.org/math-intrinsics/-/math-intrinsics-1.1.0.tgz 0ms (cache hit)
251 http cache merge-descriptors@https://registry.npmjs.org/merge-descriptors/-/merge-descriptors-1.0.3.tgz 0ms (cache hit)
252 http cache is-typedarray@https://registry.npmjs.org/is-typedarray/-/is-typedarray-1.0.0.tgz 0ms (cache hit)
253 http cache ipaddr.js@https://registry.npmjs.org/ipaddr.js/-/ipaddr.js-1.9.1.tgz 0ms (cache hit)
254 http cache ip-address@https://registry.npmjs.org/ip-address/-/ip-address-10.1.0.tgz 0ms (cache hit)
255 http cache imurmurhash@https://registry.npmjs.org/imurmurhash/-/imurmurhash-0.1.4.tgz 0ms (cache hit)
256 http cache inherits@https://registry.npmjs.org/inherits/-/inherits-2.0.4.tgz 0ms (cache hit)
257 http cache ieee754@https://registry.npmjs.org/ieee754/-/ieee754-1.2.1.tgz 0ms (cache hit)
258 http cache iconv-lite@https://registry.npmjs.org/iconv-lite/-/iconv-lite-0.4.24.tgz 0ms (cache hit)
259 http cache http-errors@https://registry.npmjs.org/http-errors/-/http-errors-2.0.1.tgz 0ms (cache hit)
260 http cache hasown@https://registry.npmjs.org/hasown/-/hasown-2.0.2.tgz 0ms (cache hit)
261 http cache htmlparser2@https://registry.npmjs.org/htmlparser2/-/htmlparser2-6.1.0.tgz 0ms (cache hit)
262 http cache has-symbols@https://registry.npmjs.org/has-symbols/-/has-symbols-1.1.0.tgz 0ms (cache hit)
263 http cache graceful-fs@https://registry.npmjs.org/graceful-fs/-/graceful-fs-4.2.11.tgz 0ms (cache hit)
264 http cache gopd@https://registry.npmjs.org/gopd/-/gopd-1.2.0.tgz 0ms (cache hit)
265 http cache get-intrinsic@https://registry.npmjs.org/get-intrinsic/-/get-intrinsic-1.3.0.tgz 0ms (cache hit)
266 http cache get-proto@https://registry.npmjs.org/get-proto/-/get-proto-1.0.1.tgz 0ms (cache hit)
267 http cache function-bind@https://registry.npmjs.org/function-bind/-/function-bind-1.1.2.tgz 0ms (cache hit)
268 http cache fresh@https://registry.npmjs.org/fresh/-/fresh-0.5.2.tgz 0ms (cache hit)
269 http cache forwarded@https://registry.npmjs.org/forwarded/-/forwarded-0.2.0.tgz 0ms (cache hit)
270 http cache ext@https://registry.npmjs.org/ext/-/ext-1.7.0.tgz 0ms (cache hit)
271 http cache finalhandler@https://registry.npmjs.org/finalhandler/-/finalhandler-1.3.2.tgz 0ms (cache hit)
272 http cache express@https://registry.npmjs.org/express/-/express-4.22.1.tgz 0ms (cache hit)
273 http cache event-emitter@https://registry.npmjs.org/event-emitter/-/event-emitter-0.3.5.tgz 0ms (cache hit)
274 http cache etag@https://registry.npmjs.org/etag/-/etag-1.8.1.tgz 0ms (cache hit)
275 http cache escape-html@https://registry.npmjs.org/escape-html/-/escape-html-1.0.3.tgz 0ms (cache hit)
276 http cache esbuild@https://registry.npmjs.org/esbuild/-/esbuild-0.21.5.tgz 0ms (cache hit)
277 http cache esniff@https://registry.npmjs.org/esniff/-/esniff-2.0.1.tgz 0ms (cache hit)
278 http cache es6-symbol@https://registry.npmjs.org/es6-symbol/-/es6-symbol-3.1.4.tgz 0ms (cache hit)
279 http cache es6-iterator@https://registry.npmjs.org/es6-iterator/-/es6-iterator-2.0.3.tgz 0ms (cache hit)
280 http cache es5-ext@https://registry.npmjs.org/es5-ext/-/es5-ext-0.10.64.tgz 0ms (cache hit)
281 http cache es-object-atoms@https://registry.npmjs.org/es-object-atoms/-/es-object-atoms-1.1.1.tgz 0ms (cache hit)
282 http cache es-errors@https://registry.npmjs.org/es-errors/-/es-errors-1.3.0.tgz 0ms (cache hit)
283 http cache es-define-property@https://registry.npmjs.org/es-define-property/-/es-define-property-1.0.1.tgz 0ms (cache hit)
284 http cache entities@https://registry.npmjs.org/entities/-/entities-2.2.0.tgz 0ms (cache hit)
285 http cache ee-first@https://registry.npmjs.org/ee-first/-/ee-first-1.1.1.tgz 0ms (cache hit)
286 http cache encodeurl@https://registry.npmjs.org/encodeurl/-/encodeurl-2.0.0.tgz 0ms (cache hit)
287 http cache dunder-proto@https://registry.npmjs.org/dunder-proto/-/dunder-proto-1.0.1.tgz 0ms (cache hit)
288 http cache dotenv@https://registry.npmjs.org/dotenv/-/dotenv-16.6.1.tgz 0ms (cache hit)
289 http cache domutils@https://registry.npmjs.org/domutils/-/domutils-2.8.0.tgz 0ms (cache hit)
290 http cache domelementtype@https://registry.npmjs.org/domelementtype/-/domelementtype-2.3.0.tgz 0ms (cache hit)
291 http cache destroy@https://registry.npmjs.org/destroy/-/destroy-1.2.0.tgz 0ms (cache hit)
292 http cache domhandler@https://registry.npmjs.org/domhandler/-/domhandler-4.3.1.tgz 0ms (cache hit)
293 http cache depd@https://registry.npmjs.org/depd/-/depd-2.0.0.tgz 0ms (cache hit)
294 http cache debug@https://registry.npmjs.org/debug/-/debug-2.6.9.tgz 0ms (cache hit)
295 http cache dom-serializer@https://registry.npmjs.org/dom-serializer/-/dom-serializer-1.4.1.tgz 0ms (cache hit)
296 http cache d@https://registry.npmjs.org/d/-/d-1.0.2.tgz 0ms (cache hit)
297 http cache cookie-signature@https://registry.npmjs.org/cookie-signature/-/cookie-signature-1.0.7.tgz 0ms (cache hit)
298 http cache cookie@https://registry.npmjs.org/cookie/-/cookie-0.7.2.tgz 0ms (cache hit)
299 http cache content-type@https://registry.npmjs.org/content-type/-/content-type-1.0.5.tgz 0ms (cache hit)
300 http cache call-bind-apply-helpers@https://registry.npmjs.org/call-bind-apply-helpers/-/call-bind-apply-helpers-1.0.2.tgz 0ms (cache hit)
301 http cache call-bound@https://registry.npmjs.org/call-bound/-/call-bound-1.0.4.tgz 0ms (cache hit)
302 http cache buffer@https://registry.npmjs.org/buffer/-/buffer-6.0.3.tgz 0ms (cache hit)
303 http cache bytes@https://registry.npmjs.org/bytes/-/bytes-3.1.2.tgz 0ms (cache hit)
304 http cache body-parser@https://registry.npmjs.org/body-parser/-/body-parser-1.20.4.tgz 0ms (cache hit)
305 http cache big-integer@https://registry.npmjs.org/big-integer/-/big-integer-1.6.52.tgz 0ms (cache hit)
306 http cache bufferutil@https://registry.npmjs.org/bufferutil/-/bufferutil-4.1.0.tgz 0ms (cache hit)
307 http cache base64-js@https://registry.npmjs.org/base64-js/-/base64-js-1.5.1.tgz 0ms (cache hit)
308 http cache async-mutex@https://registry.npmjs.org/async-mutex/-/async-mutex-0.3.2.tgz 0ms (cache hit)
309 http cache content-disposition@https://registry.npmjs.org/content-disposition/-/content-disposition-0.5.4.tgz 0ms (cache hit)
310 http cache array-flatten@https://registry.npmjs.org/array-flatten/-/array-flatten-1.1.1.tgz 0ms (cache hit)
311 http cache accepts@https://registry.npmjs.org/accepts/-/accepts-1.3.8.tgz 0ms (cache hit)
312 http cache @types/estree@https://registry.npmjs.org/@types/estree/-/estree-1.0.8.tgz 0ms (cache hit)
313 http cache @rollup/rollup-win32-x64-msvc@https://registry.npmjs.org/@rollup/rollup-win32-x64-msvc/-/rollup-win32-x64-msvc-4.57.1.tgz 0ms (cache hit)
314 http cache @rollup/rollup-win32-x64-gnu@https://registry.npmjs.org/@rollup/rollup-win32-x64-gnu/-/rollup-win32-x64-gnu-4.57.1.tgz 0ms (cache hit)
315 http cache @cryptography/aes@https://registry.npmjs.org/@cryptography/aes/-/aes-0.1.1.tgz 0ms (cache hit)
316 http cache @esbuild/win32-x64@https://registry.npmjs.org/@esbuild/win32-x64/-/win32-x64-0.21.5.tgz 0ms (cache hit)
317 http cache mime@https://registry.npmjs.org/mime/-/mime-3.0.0.tgz 0ms (cache hit)
318 http cache ms@https://registry.npmjs.org/ms/-/ms-2.1.3.tgz 0ms (cache hit)
319 silly tarball no local data for node-domexception@https://registry.npmjs.org/node-domexception/-/node-domexception-1.0.0.tgz. Extracting by manifest.
320 silly tarball no local data for formdata-polyfill@https://registry.npmjs.org/formdata-polyfill/-/formdata-polyfill-4.0.10.tgz. Extracting by manifest.
321 silly tarball no local data for web-streams-polyfill@https://registry.npmjs.org/web-streams-polyfill/-/web-streams-polyfill-3.3.3.tgz. Extracting by manifest.
322 silly tarball no local data for fetch-blob@https://registry.npmjs.org/fetch-blob/-/fetch-blob-3.2.0.tgz. Extracting by manifest.
323 silly tarball no local data for data-uri-to-buffer@https://registry.npmjs.org/data-uri-to-buffer/-/data-uri-to-buffer-4.0.1.tgz. Extracting by manifest.
324 silly tarball no local data for detect-libc@https://registry.npmjs.org/detect-libc/-/detect-libc-2.0.2.tgz. Extracting by manifest.
325 silly tarball no local data for @neon-rs/load@https://registry.npmjs.org/@neon-rs/load/-/load-0.0.4.tgz. Extracting by manifest.
326 silly tarball no local data for @libsql/win32-x64-msvc@https://registry.npmjs.org/@libsql/win32-x64-msvc/-/win32-x64-msvc-0.5.22.tgz. Extracting by manifest.
327 silly tarball no local data for @types/node@https://registry.npmjs.org/@types/node/-/node-25.2.3.tgz. Extracting by manifest.
328 silly tarball no local data for undici-types@https://registry.npmjs.org/undici-types/-/undici-types-7.16.0.tgz. Extracting by manifest.
329 silly tarball no local data for ws@https://registry.npmjs.org/ws/-/ws-8.19.0.tgz. Extracting by manifest.
330 silly tarball no local data for @types/ws@https://registry.npmjs.org/@types/ws/-/ws-8.18.1.tgz. Extracting by manifest.
331 silly tarball no local data for node-fetch@https://registry.npmjs.org/node-fetch/-/node-fetch-3.3.2.tgz. Extracting by manifest.
332 silly tarball no local data for @libsql/isomorphic-ws@https://registry.npmjs.org/@libsql/isomorphic-ws/-/isomorphic-ws-0.1.5.tgz. Extracting by manifest.
333 silly tarball no local data for @libsql/isomorphic-fetch@https://registry.npmjs.org/@libsql/isomorphic-fetch/-/isomorphic-fetch-0.3.1.tgz. Extracting by manifest.
334 silly tarball no local data for promise-limit@https://registry.npmjs.org/promise-limit/-/promise-limit-2.7.0.tgz. Extracting by manifest.
335 silly tarball no local data for libsql@https://registry.npmjs.org/libsql/-/libsql-0.5.22.tgz. Extracting by manifest.
336 silly tarball no local data for js-base64@https://registry.npmjs.org/js-base64/-/js-base64-3.7.8.tgz. Extracting by manifest.
337 silly tarball no local data for @libsql/client@https://registry.npmjs.org/@libsql/client/-/client-0.15.15.tgz. Extracting by manifest.
338 silly tarball no local data for @libsql/core@https://registry.npmjs.org/@libsql/core/-/core-0.15.15.tgz. Extracting by manifest.
339 silly tarball no local data for @libsql/hrana-client@https://registry.npmjs.org/@libsql/hrana-client/-/hrana-client-0.7.0.tgz. Extracting by manifest.
340 http fetch POST 200 https://registry.npmjs.org/-/npm/v1/security/advisories/bulk 441ms
341 silly audit report {
341 silly audit report   esbuild: [
341 silly audit report     {
341 silly audit report       id: 1102341,
341 silly audit report       url: 'https://github.com/advisories/GHSA-67mh-4wv8-2f99',
341 silly audit report       title: 'esbuild enables any website to send any requests to the development server and read the response',
341 silly audit report       severity: 'moderate',
341 silly audit report       vulnerable_versions: '<=0.24.2',
341 silly audit report       cwe: [Array],
341 silly audit report       cvss: [Object]
341 silly audit report     }
341 silly audit report   ]
341 silly audit report }
342 silly packumentCache corgi:https://registry.npmjs.org/esbuild cache-miss
343 http fetch GET 200 https://registry.npmjs.org/node-domexception/-/node-domexception-1.0.0.tgz 495ms (cache miss)
344 http fetch GET 200 https://registry.npmjs.org/@libsql/isomorphic-fetch/-/isomorphic-fetch-0.3.1.tgz 570ms (cache miss)
345 http fetch GET 200 https://registry.npmjs.org/@neon-rs/load/-/load-0.0.4.tgz 616ms (cache miss)
346 http fetch GET 200 https://registry.npmjs.org/data-uri-to-buffer/-/data-uri-to-buffer-4.0.1.tgz 667ms (cache miss)
347 http fetch GET 200 https://registry.npmjs.org/js-base64/-/js-base64-3.7.8.tgz 671ms (cache miss)
348 http fetch GET 200 https://registry.npmjs.org/formdata-polyfill/-/formdata-polyfill-4.0.10.tgz 680ms (cache miss)
349 http fetch GET 200 https://registry.npmjs.org/detect-libc/-/detect-libc-2.0.2.tgz 687ms (cache miss)
350 http fetch GET 200 https://registry.npmjs.org/esbuild 335ms (cache revalidated)
351 silly packumentCache corgi:https://registry.npmjs.org/esbuild set size:879341 disposed:false
352 silly packumentCache corgi:https://registry.npmjs.org/vite cache-miss
353 http fetch GET 200 https://registry.npmjs.org/@types/ws/-/ws-8.18.1.tgz 743ms (cache miss)
354 http fetch GET 200 https://registry.npmjs.org/fetch-blob/-/fetch-blob-3.2.0.tgz 795ms (cache miss)
355 http fetch GET 200 https://registry.npmjs.org/libsql/-/libsql-0.5.22.tgz 804ms (cache miss)
356 http fetch GET 200 https://registry.npmjs.org/@libsql/isomorphic-ws/-/isomorphic-ws-0.1.5.tgz 926ms (cache miss)
357 http fetch GET 200 https://registry.npmjs.org/promise-limit/-/promise-limit-2.7.0.tgz 940ms (cache miss)
358 warn deprecated yaeti@0.0.6: Package no longer supported. Contact Support at https://www.npmjs.com/support for more info.
359 http fetch GET 200 https://registry.npmjs.org/@libsql/core/-/core-0.15.15.tgz 1149ms (cache miss)
360 verbose reify failed optional dependency H:\skywatchuaair\1.0\node_modules\@libsql\win32-x64-msvc
361 silly reify mark deleted [ 'H:\\skywatchuaair\\1.0\\node_modules\\@libsql\\win32-x64-msvc' ]
362 http fetch GET 200 https://registry.npmjs.org/vite 586ms (cache revalidated)
363 silly packumentCache corgi:https://registry.npmjs.org/vite set size:2181475 disposed:false
364 http fetch GET 200 https://registry.npmjs.org/ws/-/ws-8.19.0.tgz 1473ms (cache miss)
365 http fetch GET 200 https://registry.npmjs.org/node-fetch/-/node-fetch-3.3.2.tgz 1481ms (cache miss)
366 http fetch GET 200 https://registry.npmjs.org/@libsql/client/-/client-0.15.15.tgz 1508ms (cache miss)
367 http fetch GET 200 https://registry.npmjs.org/undici-types/-/undici-types-7.16.0.tgz 1582ms (cache miss)
368 warn deprecated node-domexception@1.0.0: Use your platform's native DOMException instead
369 http fetch GET 200 https://registry.npmjs.org/@types/node/-/node-25.2.3.tgz 2559ms (cache miss)
370 http fetch GET 200 https://registry.npmjs.org/@libsql/hrana-client/-/hrana-client-0.7.0.tgz 2605ms (cache miss)
371 http fetch GET 200 https://registry.npmjs.org/web-streams-polyfill/-/web-streams-polyfill-3.3.3.tgz 2831ms (cache miss)
372 info run bufferutil@4.1.0 install node_modules/bufferutil node-gyp-build
373 info run utf-8-validate@5.0.10 install node_modules/utf-8-validate node-gyp-build
374 info run utf-8-validate@5.0.10 install { code: 0, signal: null }
375 info run bufferutil@4.1.0 install { code: 0, signal: null }
376 info run es5-ext@0.10.64 postinstall node_modules/es5-ext  node -e "try{require('./_postinstall')}catch(e){}" || exit 0
377 info run esbuild@0.21.5 postinstall node_modules/esbuild node install.js
378 info run es5-ext@0.10.64 postinstall { code: 0, signal: null }
379 info run esbuild@0.21.5 postinstall { code: 0, signal: null }
380 warn cleanup Failed to remove some directories [
380 warn cleanup   [
380 warn cleanup     'H:\\skywatchuaair\\1.0\\node_modules\\@libsql\\win32-x64-msvc',
380 warn cleanup     [Error: ENOTEMPTY: directory not empty, rmdir 'H:\skywatchuaair\1.0\node_modules\@libsql\win32-x64-msvc'] {
380 warn cleanup       errno: -4051,
380 warn cleanup       code: 'ENOTEMPTY',
380 warn cleanup       syscall: 'rmdir',
380 warn cleanup       path: 'H:\\skywatchuaair\\1.0\\node_modules\\@libsql\\win32-x64-msvc'
380 warn cleanup     }
380 warn cleanup   ]
380 warn cleanup ]
381 silly ADD node_modules/web-streams-polyfill
382 silly ADD node_modules/node-domexception
383 silly ADD node_modules/formdata-polyfill
384 silly ADD node_modules/fetch-blob
385 silly ADD node_modules/data-uri-to-buffer
386 silly ADD node_modules/detect-libc
387 silly ADD node_modules/@neon-rs/load
388 silly ADD
389 silly ADD node_modules/undici-types
390 silly ADD node_modules/@types/node
391 silly ADD node_modules/ws
392 silly ADD node_modules/@types/ws
393 silly ADD node_modules/node-fetch
394 silly ADD node_modules/@libsql/isomorphic-ws
395 silly ADD node_modules/@libsql/isomorphic-fetch
396 silly ADD node_modules/promise-limit
397 silly ADD node_modules/libsql
398 silly ADD node_modules/js-base64
399 silly ADD node_modules/@libsql/hrana-client
400 silly ADD node_modules/@libsql/core
401 silly ADD node_modules/@libsql/client
402 silly ADD node_modules/yaeti
403 silly ADD node_modules/xmlbuilder
404 silly ADD node_modules/xml2js
405 silly ADD node_modules/write-file-atomic
406 silly ADD node_modules/websocket
407 silly ADD node_modules/vite
408 silly ADD node_modules/vary
409 silly ADD node_modules/utils-merge
410 silly ADD node_modules/utf-8-validate
411 silly ADD node_modules/unpipe
412 silly ADD node_modules/typedarray-to-buffer
413 silly ADD node_modules/type-is
414 silly ADD node_modules/type
415 silly ADD node_modules/tslib
416 silly ADD node_modules/ts-custom-error
417 silly ADD node_modules/toidentifier
418 silly ADD node_modules/telegram
419 silly ADD node_modules/telegram/node_modules/mime
420 silly ADD node_modules/store2
421 silly ADD node_modules/statuses
422 silly ADD node_modules/source-map-js
423 silly ADD node_modules/socks
424 silly ADD node_modules/smart-buffer
425 silly ADD node_modules/slide
426 silly ADD node_modules/side-channel-weakmap
427 silly ADD node_modules/side-channel-map
428 silly ADD node_modules/side-channel-list
429 silly ADD node_modules/side-channel
430 silly ADD node_modules/setprototypeof
431 silly ADD node_modules/serve-static
432 silly ADD node_modules/send
433 silly ADD node_modules/send/node_modules/ms
434 silly ADD node_modules/sax
435 silly ADD node_modules/safer-buffer
436 silly ADD node_modules/safe-buffer
437 silly ADD node_modules/rss-parser
438 silly ADD node_modules/rollup
439 silly ADD node_modules/real-cancellable-promise
440 silly ADD node_modules/raw-body
441 silly ADD node_modules/range-parser
442 silly ADD node_modules/qs
443 silly ADD node_modules/proxy-addr
444 silly ADD node_modules/postcss
445 silly ADD node_modules/picocolors
446 silly ADD node_modules/path-to-regexp
447 silly ADD node_modules/path-browserify
448 silly ADD node_modules/parseurl
449 silly ADD node_modules/pako
450 silly ADD node_modules/on-finished
451 silly ADD node_modules/object-inspect
452 silly ADD node_modules/node-localstorage
453 silly ADD node_modules/node-gyp-build
454 silly ADD node_modules/next-tick
455 silly ADD node_modules/negotiator
456 silly ADD node_modules/nanoid
457 silly ADD node_modules/ms
458 silly ADD node_modules/mime-types
459 silly ADD node_modules/mime-db
460 silly ADD node_modules/mime
461 silly ADD node_modules/methods
462 silly ADD node_modules/merge-descriptors
463 silly ADD node_modules/media-typer
464 silly ADD node_modules/math-intrinsics
465 silly ADD node_modules/is-typedarray
466 silly ADD node_modules/ipaddr.js
467 silly ADD node_modules/ip-address
468 silly ADD node_modules/inherits
469 silly ADD node_modules/imurmurhash
470 silly ADD node_modules/ieee754
471 silly ADD node_modules/iconv-lite
472 silly ADD node_modules/http-errors
473 silly ADD node_modules/htmlparser2
474 silly ADD node_modules/hasown
475 silly ADD node_modules/has-symbols
476 silly ADD node_modules/graceful-fs
477 silly ADD node_modules/gopd
478 silly ADD node_modules/get-proto
479 silly ADD node_modules/get-intrinsic
480 silly ADD node_modules/function-bind
481 silly ADD node_modules/fresh
482 silly ADD node_modules/forwarded
483 silly ADD node_modules/finalhandler
484 silly ADD node_modules/ext
485 silly ADD node_modules/express
486 silly ADD node_modules/event-emitter
487 silly ADD node_modules/etag
488 silly ADD node_modules/esniff
489 silly ADD node_modules/escape-html
490 silly ADD node_modules/esbuild
491 silly ADD node_modules/es6-symbol
492 silly ADD node_modules/es6-iterator
493 silly ADD node_modules/es5-ext
494 silly ADD node_modules/es-object-atoms
495 silly ADD node_modules/es-errors
496 silly ADD node_modules/es-define-property
497 silly ADD node_modules/entities
498 silly ADD node_modules/encodeurl
499 silly ADD node_modules/ee-first
500 silly ADD node_modules/dunder-proto
501 silly ADD node_modules/dotenv
502 silly ADD node_modules/domutils
503 silly ADD node_modules/domhandler
504 silly ADD node_modules/domelementtype
505 silly ADD node_modules/dom-serializer
506 silly ADD node_modules/destroy
507 silly ADD node_modules/depd
508 silly ADD node_modules/debug
509 silly ADD node_modules/d
510 silly ADD node_modules/cookie-signature
511 silly ADD node_modules/cookie
512 silly ADD node_modules/content-type
513 silly ADD node_modules/content-disposition
514 silly ADD node_modules/call-bound
515 silly ADD node_modules/call-bind-apply-helpers
516 silly ADD node_modules/bytes
517 silly ADD node_modules/bufferutil
518 silly ADD node_modules/buffer
519 silly ADD node_modules/body-parser
520 silly ADD node_modules/big-integer
521 silly ADD node_modules/base64-js
522 silly ADD node_modules/async-mutex
523 silly ADD node_modules/array-flatten
524 silly ADD node_modules/accepts
525 silly ADD node_modules/@types/estree
526 silly ADD node_modules/@rollup/rollup-win32-x64-msvc
527 silly ADD node_modules/@rollup/rollup-win32-x64-gnu
528 silly ADD node_modules/@esbuild/win32-x64
529 silly ADD node_modules/@cryptography/aes
530 verbose cwd H:\skywatchuaair\1.0
531 verbose os Windows_NT 10.0.19045
532 verbose node v22.11.0
533 verbose npm  v11.7.0
534 verbose exit 0
535 info ok
