0 verbose cli C:\Program Files\nodejs\node.exe C:\Users\User\AppData\Roaming\npm\node_modules\npm\bin\npm-cli.js
1 info using npm@11.7.0
2 info using node@v22.11.0
3 silly config load:file:C:\Users\User\AppData\Roaming\npm\node_modules\npm\npmrc
4 silly config load:file:H:\skywatchuaair\1.0\.npmrc
5 silly config load:file:C:\Users\User\.npmrc
6 silly config load:file:C:\Users\User\AppData\Roaming\npm\etc\npmrc
7 verbose title npm run build
8 verbose argv "run" "build"
9 verbose logfile logs-max:10 dir:H:\skywatchuaair\1.0\clean\_logs\2026-02-26T09_42_26_270Z-
10 verbose logfile H:\skywatchuaair\1.0\clean\_logs\2026-02-26T09_42_26_270Z-debug-0.log
11 silly logfile start cleaning logs, removing 7 files
12 http fetch GET http://registry.npmjs.org/npm attempt 1 failed with ECONNREFUSED
13 silly logfile error removing log file H:\skywatchuaair\1.0\clean\_logs\2026-02-14T14_24_06_710Z-debug-0.log [Error: EPERM: operation not permitted, unlink 'H:\skywatchuaair\1.0\clean\_logs\2026-02-14T14_24_06_710Z-debug-0.log'] {
13 silly logfile   errno: -4048,
13 silly logfile   code: 'EPERM',
13 silly logfile   syscall: 'unlink',
13 silly logfile   path: 'H:\\skywatchuaair\\1.0\\clean\\_logs\\2026-02-14T14_24_06_710Z-debug-0.log'
13 silly logfile }
14 silly logfile error removing log file H:\skywatchuaair\1.0\clean\_logs\2026-02-17T12_19_09_166Z-debug-0.log [Error: EPERM: operation not permitted, unlink 'H:\skywatchuaair\1.0\clean\_logs\2026-02-17T12_19_09_166Z-debug-0.log'] {
14 silly logfile   errno: -4048,
14 silly logfile   code: 'EPERM',
14 silly logfile   syscall: 'unlink',
14 silly logfile   path: 'H:\\skywatchuaair\\1.0\\clean\\_logs\\2026-02-17T12_19_09_166Z-debug-0.log'
14 silly logfile }
15 silly logfile error removing log file H:\skywatchuaair\1.0\clean\_logs\2026-02-17T12_19_33_813Z-debug-0.log [Error: EPERM: operation not permitted, unlink 'H:\skywatchuaair\1.0\clean\_logs\2026-02-17T12_19_33_813Z-debug-0.log'] {
15 silly logfile   errno: -4048,
15 silly logfile   code: 'EPERM',
15 silly logfile   syscall: 'unlink',
15 silly logfile   path: 'H:\\skywatchuaair\\1.0\\clean\\_logs\\2026-02-17T12_19_33_813Z-debug-0.log'
15 silly logfile }
16 silly logfile error removing log file H:\skywatchuaair\1.0\clean\_logs\2026-02-17T12_19_34_127Z-debug-0.log [Error: EPERM: operation not permitted, unlink 'H:\skywatchuaair\1.0\clean\_logs\2026-02-17T12_19_34_127Z-debug-0.log'] {
16 silly logfile   errno: -4048,
16 silly logfile   code: 'EPERM',
16 silly logfile   syscall: 'unlink',
16 silly logfile   path: 'H:\\skywatchuaair\\1.0\\clean\\_logs\\2026-02-17T12_19_34_127Z-debug-0.log'
16 silly logfile }
17 silly logfile error removing log file H:\skywatchuaair\1.0\clean\_logs\2026-02-17T12_19_40_670Z-debug-0.log [Error: EPERM: operation not permitted, unlink 'H:\skywatchuaair\1.0\clean\_logs\2026-02-17T12_19_40_670Z-debug-0.log'] {
17 silly logfile   errno: -4048,
17 silly logfile   code: 'EPERM',
17 silly logfile   syscall: 'unlink',
17 silly logfile   path: 'H:\\skywatchuaair\\1.0\\clean\\_logs\\2026-02-17T12_19_40_670Z-debug-0.log'
17 silly logfile }
18 silly logfile error removing log file H:\skywatchuaair\1.0\clean\_logs\2026-02-17T12_19_51_137Z-debug-0.log [Error: EPERM: operation not permitted, unlink 'H:\skywatchuaair\1.0\clean\_logs\2026-02-17T12_19_51_137Z-debug-0.log'] {
18 silly logfile   errno: -4048,
18 silly logfile   code: 'EPERM',
18 silly logfile   syscall: 'unlink',
18 silly logfile   path: 'H:\\skywatchuaair\\1.0\\clean\\_logs\\2026-02-17T12_19_51_137Z-debug-0.log'
18 silly logfile }
19 silly logfile error removing log file H:\skywatchuaair\1.0\clean\_logs\2026-02-17T12_19_51_143Z-debug-0.log [Error: EPERM: operation not permitted, unlink 'H:\skywatchuaair\1.0\clean\_logs\2026-02-17T12_19_51_143Z-debug-0.log'] {
19 silly logfile   errno: -4048,
19 silly logfile   code: 'EPERM',
19 silly logfile   syscall: 'unlink',
19 silly logfile   path: 'H:\\skywatchuaair\\1.0\\clean\\_logs\\2026-02-17T12_19_51_143Z-debug-0.log'
19 silly logfile }
20 silly logfile done cleaning log files
21 verbose cwd H:\skywatchuaair\1.0
22 verbose os Windows_NT 10.0.19045
23 verbose node v22.11.0
24 verbose npm  v11.7.0
25 verbose exit 1
26 verbose code 1
