0 verbose cli C:\Program Files\nodejs\node.exe C:\Users\User\AppData\Roaming\npm\node_modules\npm\bin\npm-cli.js
1 info using npm@11.7.0
2 info using node@v22.11.0
3 silly config load:file:C:\Users\User\AppData\Roaming\npm\node_modules\npm\npmrc
4 silly config load:file:H:\skywatchuaair\1.0\.npmrc
5 silly config load:file:C:\Users\User\.npmrc
6 silly config load:file:C:\Users\User\AppData\Roaming\npm\etc\npmrc
7 verbose title npm install @libsql/client
8 verbose argv "install" "@libsql/client"
9 verbose logfile logs-max:10 dir:H:\skywatchuaair\1.0\clean\_logs\2026-02-17T12_20_22_473Z-
10 verbose logfile H:\skywatchuaair\1.0\clean\_logs\2026-02-17T12_20_22_473Z-debug-0.log
11 silly logfile start cleaning logs, removing 2 files
12 silly packumentCache heap:4345298944 maxSize:1086324736 maxEntrySize:543162368
13 silly logfile error removing log file H:\skywatchuaair\1.0\clean\_logs\2026-02-14T14_24_06_710Z-debug-0.log [Error: EPERM: operation not permitted, unlink 'H:\skywatchuaair\1.0\clean\_logs\2026-02-14T14_24_06_710Z-debug-0.log'] {
13 silly logfile   errno: -4048,
13 silly logfile   code: 'EPERM',
13 silly logfile   syscall: 'unlink',
13 silly logfile   path: 'H:\\skywatchuaair\\1.0\\clean\\_logs\\2026-02-14T14_24_06_710Z-debug-0.log'
13 silly logfile }
14 silly logfile error removing log file H:\skywatchuaair\1.0\clean\_logs\2026-02-17T12_19_09_166Z-debug-0.log [Error: EPERM: operation not permitted, unlink 'H:\skywatchuaair\1.0\clean\_logs\2026-02-17T12_19_09_166Z-debug-0.log'] {
14 silly logfile   errno: -4048,
14 silly logfile   code: 'EPERM',
14 silly logfile   syscall: 'unlink',
14 silly logfile   path: 'H:\\skywatchuaair\\1.0\\clean\\_logs\\2026-02-17T12_19_09_166Z-debug-0.log'
14 silly logfile }
15 silly logfile done cleaning log files
16 silly idealTree buildDeps
17 silly fetch manifest lowdb@^7.0.1
18 silly packumentCache full:http://registry.npmjs.org/lowdb cache-miss
19 http fetch GET http://registry.npmjs.org/lowdb attempt 1 failed with ECONNREFUSED
20 http fetch GET http://registry.npmjs.org/lowdb attempt 2 failed with ECONNREFUSED
21 http fetch GET http://registry.npmjs.org/lowdb attempt 3 failed with ECONNREFUSED
22 silly fetch manifest @libsql/client@*
23 silly packumentCache full:http://registry.npmjs.org/@libsql%2fclient cache-miss
24 http fetch GET http://registry.npmjs.org/@libsql%2fclient attempt 1 failed with ECONNREFUSED
25 http fetch GET http://registry.npmjs.org/@libsql%2fclient attempt 2 failed with ECONNREFUSED
26 http fetch GET http://registry.npmjs.org/@libsql%2fclient attempt 3 failed with ECONNREFUSED
27 silly placeDep ROOT @libsql/client@ REPLACE for: skywatch-ua@2.0.0-beta want: *
28 silly placeDep ROOT lowdb@ OK for: skywatch-ua@2.0.0-beta want: ^7.0.1
29 verbose type system
30 verbose stack FetchError: request to http://registry.npmjs.org/@libsql%2fclient failed, reason: connect ECONNREFUSED 127.0.0.1:9
30 verbose stack     at ClientRequest.<anonymous> (C:\Users\User\AppData\Roaming\npm\node_modules\npm\node_modules\minipass-fetch\lib\index.js:130:14)
30 verbose stack     at ClientRequest.emit (node:events:518:28)
30 verbose stack     at emitErrorEvent (node:_http_client:103:11)
30 verbose stack     at _destroy (node:_http_client:886:9)
30 verbose stack     at onSocketNT (node:_http_client:906:5)
30 verbose stack     at process.processTicksAndRejections (node:internal/process/task_queues:91:21)
31 error code ECONNREFUSED
32 error syscall connect
33 error errno ECONNREFUSED
34 error FetchError: request to http://registry.npmjs.org/@libsql%2fclient failed, reason: connect ECONNREFUSED 127.0.0.1:9
34 error     at ClientRequest.<anonymous> (C:\Users\User\AppData\Roaming\npm\node_modules\npm\node_modules\minipass-fetch\lib\index.js:130:14)
34 error     at ClientRequest.emit (node:events:518:28)
34 error     at emitErrorEvent (node:_http_client:103:11)
34 error     at _destroy (node:_http_client:886:9)
34 error     at onSocketNT (node:_http_client:906:5)
34 error     at process.processTicksAndRejections (node:internal/process/task_queues:91:21) {
34 error   code: 'ECONNREFUSED',
34 error   errno: 'ECONNREFUSED',
34 error   syscall: 'connect',
34 error   address: '127.0.0.1',
34 error   port: 9,
34 error   type: 'system',
34 error   requiredBy: '.'
34 error }
35 error
35 error If you are behind a proxy, please make sure that the
35 error 'proxy' config is set properly.  See: 'npm help config'
36 silly unfinished npm timer reify 1771330823545
37 silly unfinished npm timer reify:loadTrees 1771330823546
38 verbose cwd H:\skywatchuaair\1.0
39 verbose os Windows_NT 10.0.19045
40 verbose node v22.11.0
41 verbose npm  v11.7.0
42 verbose exit 1
43 verbose code 1
44 error A complete log of this run can be found in: H:\skywatchuaair\1.0\clean\_logs\2026-02-17T12_20_22_473Z-debug-0.log
