0 verbose cli C:\Program Files\nodejs\node.exe C:\Users\User\AppData\Roaming\npm\node_modules\npm\bin\npm-cli.js
1 info using npm@11.7.0
2 info using node@v22.11.0
3 silly config load:file:C:\Users\User\AppData\Roaming\npm\node_modules\npm\npmrc
4 silly config load:file:H:\skywatchuaair\1.0\.npmrc
5 silly config load:file:C:\Users\User\.npmrc
6 silly config load:file:C:\Users\User\AppData\Roaming\npm\etc\npmrc
7 verbose title npm install @libsql/win32-x64-msvc@0.5.22
8 verbose argv "install" "@libsql/win32-x64-msvc@0.5.22"
9 verbose logfile logs-max:10 dir:H:\skywatchuaair\1.0\clean\_logs\2026-02-10T18_51_26_327Z-
10 verbose logfile H:\skywatchuaair\1.0\clean\_logs\2026-02-10T18_51_26_327Z-debug-0.log
11 silly logfile start cleaning logs, removing 1 files
12 silly packumentCache heap:4345298944 maxSize:1086324736 maxEntrySize:543162368
13 silly logfile done cleaning log files
14 silly idealTree buildDeps
15 silly fetch manifest @libsql/win32-x64-msvc@0.5.22
16 silly packumentCache full:https://registry.npmjs.org/@libsql%2fwin32-x64-msvc cache-miss
17 verbose shrinkwrap failed to load node_modules/.package-lock.json out of date, updated: node_modules/@libsql
18 http cache https://registry.npmjs.org/@libsql%2fwin32-x64-msvc 108ms (cache hit)
19 silly packumentCache full:https://registry.npmjs.org/@libsql%2fwin32-x64-msvc set size:202432 disposed:false
20 silly placeDep ROOT @libsql/win32-x64-msvc@0.5.22 REPLACE for: skywatch-ua@1.3.0 want: 0.5.22
21 silly reify moves {}
22 silly audit bulk request {
22 silly audit   '@cryptography/aes': [ '0.1.1' ],
22 silly audit   '@esbuild/aix-ppc64': [ '0.21.5' ],
22 silly audit   '@esbuild/android-arm': [ '0.21.5' ],
22 silly audit   '@esbuild/android-arm64': [ '0.21.5' ],
22 silly audit   '@esbuild/android-x64': [ '0.21.5' ],
22 silly audit   '@esbuild/darwin-arm64': [ '0.21.5' ],
22 silly audit   '@esbuild/darwin-x64': [ '0.21.5' ],
22 silly audit   '@esbuild/freebsd-arm64': [ '0.21.5' ],
22 silly audit   '@esbuild/freebsd-x64': [ '0.21.5' ],
22 silly audit   '@esbuild/linux-arm': [ '0.21.5' ],
22 silly audit   '@esbuild/linux-arm64': [ '0.21.5' ],
22 silly audit   '@esbuild/linux-ia32': [ '0.21.5' ],
22 silly audit   '@esbuild/linux-loong64': [ '0.21.5' ],
22 silly audit   '@esbuild/linux-mips64el': [ '0.21.5' ],
22 silly audit   '@esbuild/linux-ppc64': [ '0.21.5' ],
22 silly audit   '@esbuild/linux-riscv64': [ '0.21.5' ],
22 silly audit   '@esbuild/linux-s390x': [ '0.21.5' ],
22 silly audit   '@esbuild/linux-x64': [ '0.21.5' ],
22 silly audit   '@esbuild/netbsd-x64': [ '0.21.5' ],
22 silly audit   '@esbuild/openbsd-x64': [ '0.21.5' ],
22 silly audit   '@esbuild/sunos-x64': [ '0.21.5' ],
22 silly audit   '@esbuild/win32-arm64': [ '0.21.5' ],
22 silly audit   '@esbuild/win32-ia32': [ '0.21.5' ],
22 silly audit   '@esbuild/win32-x64': [ '0.21.5' ],
22 silly audit   '@libsql/client': [ '0.15.15' ],
22 silly audit   '@libsql/core': [ '0.15.15' ],
22 silly audit   '@libsql/darwin-arm64': [ '0.5.22' ],
22 silly audit   '@libsql/darwin-x64': [ '0.5.22' ],
22 silly audit   '@libsql/hrana-client': [ '0.7.0' ],
22 silly audit   '@libsql/isomorphic-fetch': [ '0.3.1' ],
22 silly audit   '@libsql/isomorphic-ws': [ '0.1.5' ],
22 silly audit   '@libsql/linux-arm-gnueabihf': [ '0.5.22' ],
22 silly audit   '@libsql/linux-arm-musleabihf': [ '0.5.22' ],
22 silly audit   '@libsql/linux-arm64-gnu': [ '0.5.22' ],
22 silly audit   '@libsql/linux-arm64-musl': [ '0.5.22' ],
22 silly audit   '@libsql/linux-x64-gnu': [ '0.5.22' ],
22 silly audit   '@libsql/linux-x64-musl': [ '0.5.22' ],
22 silly audit   '@neon-rs/load': [ '0.0.4' ],
22 silly audit   '@rollup/rollup-android-arm-eabi': [ '4.57.1' ],
22 silly audit   '@rollup/rollup-android-arm64': [ '4.57.1' ],
22 silly audit   '@rollup/rollup-darwin-arm64': [ '4.57.1' ],
22 silly audit   '@rollup/rollup-darwin-x64': [ '4.57.1' ],
22 silly audit   '@rollup/rollup-freebsd-arm64': [ '4.57.1' ],
22 silly audit   '@rollup/rollup-freebsd-x64': [ '4.57.1' ],
22 silly audit   '@rollup/rollup-linux-arm-gnueabihf': [ '4.57.1' ],
22 silly audit   '@rollup/rollup-linux-arm-musleabihf': [ '4.57.1' ],
22 silly audit   '@rollup/rollup-linux-arm64-gnu': [ '4.57.1' ],
22 silly audit   '@rollup/rollup-linux-arm64-musl': [ '4.57.1' ],
22 silly audit   '@rollup/rollup-linux-loong64-gnu': [ '4.57.1' ],
22 silly audit   '@rollup/rollup-linux-loong64-musl': [ '4.57.1' ],
22 silly audit   '@rollup/rollup-linux-ppc64-gnu': [ '4.57.1' ],
22 silly audit   '@rollup/rollup-linux-ppc64-musl': [ '4.57.1' ],
22 silly audit   '@rollup/rollup-linux-riscv64-gnu': [ '4.57.1' ],
22 silly audit   '@rollup/rollup-linux-riscv64-musl': [ '4.57.1' ],
22 silly audit   '@rollup/rollup-linux-s390x-gnu': [ '4.57.1' ],
22 silly audit   '@rollup/rollup-linux-x64-gnu': [ '4.57.1' ],
22 silly audit   '@rollup/rollup-linux-x64-musl': [ '4.57.1' ],
22 silly audit   '@rollup/rollup-openbsd-x64': [ '4.57.1' ],
22 silly audit   '@rollup/rollup-openharmony-arm64': [ '4.57.1' ],
22 silly audit   '@rollup/rollup-win32-arm64-msvc': [ '4.57.1' ],
22 silly audit   '@rollup/rollup-win32-ia32-msvc': [ '4.57.1' ],
22 silly audit   '@rollup/rollup-win32-x64-gnu': [ '4.57.1' ],
22 silly audit   '@rollup/rollup-win32-x64-msvc': [ '4.57.1' ],
22 silly audit   '@types/estree': [ '1.0.8' ],
22 silly audit   '@types/node': [ '25.2.3' ],
22 silly audit   '@types/ws': [ '8.18.1' ],
22 silly audit   accepts: [ '1.3.8' ],
22 silly audit   'array-flatten': [ '1.1.1' ],
22 silly audit   'async-mutex': [ '0.3.2' ],
22 silly audit   'base64-js': [ '1.5.1' ],
22 silly audit   'big-integer': [ '1.6.52' ],
22 silly audit   'body-parser': [ '1.20.4' ],
22 silly audit   buffer: [ '6.0.3' ],
22 silly audit   bufferutil: [ '4.1.0' ],
22 silly audit   bytes: [ '3.1.2' ],
22 silly audit   'call-bind-apply-helpers': [ '1.0.2' ],
22 silly audit   'call-bound': [ '1.0.4' ],
22 silly audit   'content-disposition': [ '0.5.4' ],
22 silly audit   'content-type': [ '1.0.5' ],
22 silly audit   cookie: [ '0.7.2' ],
22 silly audit   'cookie-signature': [ '1.0.7' ],
22 silly audit   d: [ '1.0.2' ],
22 silly audit   'data-uri-to-buffer': [ '4.0.1' ],
22 silly audit   debug: [ '2.6.9' ],
22 silly audit   depd: [ '2.0.0' ],
22 silly audit   destroy: [ '1.2.0' ],
22 silly audit   'detect-libc': [ '2.0.2' ],
22 silly audit   'dom-serializer': [ '1.4.1' ],
22 silly audit   domelementtype: [ '2.3.0' ],
22 silly audit   domhandler: [ '4.3.1' ],
22 silly audit   domutils: [ '2.8.0' ],
22 silly audit   dotenv: [ '16.6.1' ],
22 silly audit   'dunder-proto': [ '1.0.1' ],
22 silly audit   'ee-first': [ '1.1.1' ],
22 silly audit   encodeurl: [ '2.0.0' ],
22 silly audit   entities: [ '2.2.0' ],
22 silly audit   'es-define-property': [ '1.0.1' ],
22 silly audit   'es-errors': [ '1.3.0' ],
22 silly audit   'es-object-atoms': [ '1.1.1' ],
22 silly audit   'es5-ext': [ '0.10.64' ],
22 silly audit   'es6-iterator': [ '2.0.3' ],
22 silly audit   'es6-symbol': [ '3.1.4' ],
22 silly audit   esbuild: [ '0.21.5' ],
22 silly audit   'escape-html': [ '1.0.3' ],
22 silly audit   esniff: [ '2.0.1' ],
22 silly audit   etag: [ '1.8.1' ],
22 silly audit   'event-emitter': [ '0.3.5' ],
22 silly audit   express: [ '4.22.1' ],
22 silly audit   ext: [ '1.7.0' ],
22 silly audit   'fetch-blob': [ '3.2.0' ],
22 silly audit   finalhandler: [ '1.3.2' ],
22 silly audit   'formdata-polyfill': [ '4.0.10' ],
22 silly audit   forwarded: [ '0.2.0' ],
22 silly audit   fresh: [ '0.5.2' ],
22 silly audit   fsevents: [ '2.3.3' ],
22 silly audit   'function-bind': [ '1.1.2' ],
22 silly audit   'get-intrinsic': [ '1.3.0' ],
22 silly audit   'get-proto': [ '1.0.1' ],
22 silly audit   gopd: [ '1.2.0' ],
22 silly audit   'graceful-fs': [ '4.2.11' ],
22 silly audit   'has-symbols': [ '1.1.0' ],
22 silly audit   hasown: [ '2.0.2' ],
22 silly audit   htmlparser2: [ '6.1.0' ],
22 silly audit   'http-errors': [ '2.0.1' ],
22 silly audit   'iconv-lite': [ '0.4.24' ],
22 silly audit   ieee754: [ '1.2.1' ],
22 silly audit   imurmurhash: [ '0.1.4' ],
22 silly audit   inherits: [ '2.0.4' ],
22 silly audit   'ip-address': [ '10.1.0' ],
22 silly audit   'ipaddr.js': [ '1.9.1' ],
22 silly audit   'is-typedarray': [ '1.0.0' ],
22 silly audit   'js-base64': [ '3.7.8' ],
22 silly audit   libsql: [ '0.5.22' ],
22 silly audit   'math-intrinsics': [ '1.1.0' ],
22 silly audit   'media-typer': [ '0.3.0' ],
22 silly audit   'merge-descriptors': [ '1.0.3' ],
22 silly audit   methods: [ '1.1.2' ],
22 silly audit   mime: [ '1.6.0', '3.0.0' ],
22 silly audit   'mime-db': [ '1.52.0' ],
22 silly audit   'mime-types': [ '2.1.35' ],
22 silly audit   ms: [ '2.0.0', '2.1.3' ],
22 silly audit   nanoid: [ '3.3.11' ],
22 silly audit   negotiator: [ '0.6.3' ],
22 silly audit   'next-tick': [ '1.1.0' ],
22 silly audit   'node-domexception': [ '1.0.0' ],
22 silly audit   'node-fetch': [ '3.3.2' ],
22 silly audit   'node-gyp-build': [ '4.8.4' ],
22 silly audit   'node-localstorage': [ '2.2.1' ],
22 silly audit   'object-inspect': [ '1.13.4' ],
22 silly audit   'on-finished': [ '2.4.1' ],
22 silly audit   pako: [ '2.1.0' ],
22 silly audit   parseurl: [ '1.3.3' ],
22 silly audit   'path-browserify': [ '1.0.1' ],
22 silly audit   'path-to-regexp': [ '0.1.12' ],
22 silly audit   picocolors: [ '1.1.1' ],
22 silly audit   postcss: [ '8.5.6' ],
22 silly audit   'promise-limit': [ '2.7.0' ],
22 silly audit   'proxy-addr': [ '2.0.7' ],
22 silly audit   qs: [ '6.14.1' ],
22 silly audit   'range-parser': [ '1.2.1' ],
22 silly audit   'raw-body': [ '2.5.3' ],
22 silly audit   'real-cancellable-promise': [ '1.2.3' ],
22 silly audit   rollup: [ '4.57.1' ],
22 silly audit   'rss-parser': [ '3.13.0' ],
22 silly audit   'safe-buffer': [ '5.2.1' ],
22 silly audit   'safer-buffer': [ '2.1.2' ],
22 silly audit   sax: [ '1.4.4' ],
22 silly audit   send: [ '0.19.2' ],
22 silly audit   'serve-static': [ '1.16.3' ],
22 silly audit   setprototypeof: [ '1.2.0' ],
22 silly audit   'side-channel': [ '1.1.0' ],
22 silly audit   'side-channel-list': [ '1.0.0' ],
22 silly audit   'side-channel-map': [ '1.0.1' ],
22 silly audit   'side-channel-weakmap': [ '1.0.2' ],
22 silly audit   slide: [ '1.1.6' ],
22 silly audit   'smart-buffer': [ '4.2.0' ],
22 silly audit   socks: [ '2.8.7' ],
22 silly audit   'source-map-js': [ '1.2.1' ],
22 silly audit   statuses: [ '2.0.2' ],
22 silly audit   store2: [ '2.14.4' ],
22 silly audit   telegram: [ '2.26.22' ],
22 silly audit   toidentifier: [ '1.0.1' ],
22 silly audit   'ts-custom-error': [ '3.3.1' ],
22 silly audit   tslib: [ '2.8.1' ],
22 silly audit   type: [ '2.7.3' ],
22 silly audit   'type-is': [ '1.6.18' ],
22 silly audit   'typedarray-to-buffer': [ '3.1.5' ],
22 silly audit   'undici-types': [ '7.16.0' ],
22 silly audit   unpipe: [ '1.0.0' ],
22 silly audit   'utf-8-validate': [ '5.0.10' ],
22 silly audit   'utils-merge': [ '1.0.1' ],
22 silly audit   vary: [ '1.1.2' ],
22 silly audit   vite: [ '5.4.21' ],
22 silly audit   'web-streams-polyfill': [ '3.3.3' ],
22 silly audit   websocket: [ '1.0.35' ],
22 silly audit   'write-file-atomic': [ '1.3.4' ],
22 silly audit   ws: [ '8.19.0' ],
22 silly audit   xml2js: [ '0.5.0' ],
22 silly audit   xmlbuilder: [ '11.0.1' ],
22 silly audit   yaeti: [ '0.0.6' ],
22 silly audit   '@libsql/win32-x64-msvc': [ '0.5.22' ]
22 silly audit }
23 http cache @libsql/win32-x64-msvc@https://registry.npmjs.org/@libsql/win32-x64-msvc/-/win32-x64-msvc-0.5.22.tgz 0ms (cache hit)
24 silly tarball no local data for @libsql/win32-x64-msvc@https://registry.npmjs.org/@libsql/win32-x64-msvc/-/win32-x64-msvc-0.5.22.tgz. Extracting by manifest.
25 http fetch POST 200 https://registry.npmjs.org/-/npm/v1/security/advisories/bulk 402ms
26 silly audit report {
26 silly audit report   esbuild: [
26 silly audit report     {
26 silly audit report       id: 1102341,
26 silly audit report       url: 'https://github.com/advisories/GHSA-67mh-4wv8-2f99',
26 silly audit report       title: 'esbuild enables any website to send any requests to the development server and read the response',
26 silly audit report       severity: 'moderate',
26 silly audit report       vulnerable_versions: '<=0.24.2',
26 silly audit report       cwe: [Array],
26 silly audit report       cvss: [Object]
26 silly audit report     }
26 silly audit report   ]
26 silly audit report }
27 silly packumentCache corgi:https://registry.npmjs.org/esbuild cache-miss
28 http cache https://registry.npmjs.org/esbuild 9ms (cache hit)
29 silly packumentCache corgi:https://registry.npmjs.org/esbuild set size:879341 disposed:false
30 silly packumentCache corgi:https://registry.npmjs.org/vite cache-miss
31 http cache https://registry.npmjs.org/vite 15ms (cache hit)
32 silly packumentCache corgi:https://registry.npmjs.org/vite set size:2181475 disposed:false
33 http fetch GET 200 https://registry.npmjs.org/@libsql/win32-x64-msvc/-/win32-x64-msvc-0.5.22.tgz 1082ms (cache miss)
34 silly ADD node_modules/@libsql/win32-x64-msvc
35 verbose cwd H:\skywatchuaair\1.0
36 verbose os Windows_NT 10.0.19045
37 verbose node v22.11.0
38 verbose npm  v11.7.0
39 verbose exit 0
40 info ok
